INFO  time: initialize in 0.54s
WARN  no build target: /home/jimmy/Work/misc/coursera_scala/week1/example/assignment.sbt
INFO  running '/usr/lib/jvm/java-8-openjdk-amd64/jre/bin/java -Djline.terminal=jline.UnsupportedTerminal -Dsbt.log.noformat=true -Dfile.encoding=UTF-8 -jar /tmp/metals4843070761626995748/sbt-launch.jar metalsEnable bloopInstall'
INFO  [info] Loading global plugins from /home/jimmy/.sbt/0.13/plugins
INFO  [info] Updating {file:/home/jimmy/.sbt/0.13/plugins/}global-plugins...
INFO  [info] Resolving ch.epfl.scala#sbt-bloop;1.3.2 ...
INFO  [info] Resolving ch.epfl.scala#sbt-bloop;1.3.2 ...
INFO  [info] Resolving ch.epfl.scala#bloop-config_2.10;1.3.2 ...
INFO  [info] Resolving ch.epfl.scala#bloop-config_2.10;1.3.2 ...
INFO  [info] Resolving org.scala-lang#scala-library;2.10.7 ...
INFO  [info] Resolving io.circe#circe-parser_2.10;0.9.3 ...
INFO  [info] Resolving io.circe#circe-parser_2.10;0.9.3 ...
INFO  [info] Resolving io.circe#circe-jawn_2.10;0.9.3 ...
INFO  [info] Resolving io.circe#circe-jawn_2.10;0.9.3 ...
INFO  [info] Resolving io.circe#circe-core_2.10;0.9.3 ...
INFO  [info] Resolving io.circe#circe-core_2.10;0.9.3 ...
INFO  [info] Resolving io.circe#circe-numbers_2.10;0.9.3 ...
INFO  [info] Resolving io.circe#circe-numbers_2.10;0.9.3 ...
INFO  [info] Resolving org.typelevel#cats-core_2.10;1.0.1 ...
INFO  [info] Resolving org.typelevel#cats-core_2.10;1.0.1 ...
INFO  [info] Resolving org.typelevel#cats-macros_2.10;1.0.1 ...
INFO  [info] Resolving org.typelevel#cats-macros_2.10;1.0.1 ...
INFO  [info] Resolving org.typelevel#machinist_2.10;0.6.2 ...
INFO  [info] Resolving org.typelevel#machinist_2.10;0.6.2 ...
INFO  [info] Resolving org.scala-lang#scala-reflect;2.10.7 ...
INFO  [info] Resolving org.typelevel#cats-kernel_2.10;1.0.1 ...
INFO  [info] Resolving org.typelevel#cats-kernel_2.10;1.0.1 ...
INFO  [info] Resolving org.spire-math#jawn-parser_2.10;0.11.1 ...
INFO  [info] Resolving org.spire-math#jawn-parser_2.10;0.11.1 ...
INFO  [info] Resolving io.circe#circe-generic_2.10;0.9.3 ...
INFO  [info] Resolving io.circe#circe-generic_2.10;0.9.3 ...
INFO  [info] Resolving org.typelevel#macro-compat_2.10;1.1.1 ...
INFO  [info] Resolving org.typelevel#macro-compat_2.10;1.1.1 ...
INFO  [info] Resolving org.scalamacros#quasiquotes_2.10;2.1.1 ...
INFO  [info] Resolving org.scalamacros#quasiquotes_2.10;2.1.1 ...
INFO  [info] Resolving com.chuusai#shapeless_2.10;2.3.3 ...
INFO  [info] Resolving com.chuusai#shapeless_2.10;2.3.3 ...
INFO  [info] Resolving org.scalameta#sbt-metals;0.6.1 ...
INFO  [info] Resolving org.scalameta#sbt-metals;0.6.1 ...
INFO  [info] Resolving org.scala-sbt#sbt;0.13.17 ...
INFO  [info] Resolving org.scala-sbt#main;0.13.17 ...
INFO  [info] Resolving org.scala-sbt#actions;0.13.17 ...
INFO  [info] Resolving org.scala-sbt#classpath;0.13.17 ...
INFO  [info] Resolving org.scala-lang#scala-compiler;2.10.7 ...
INFO  [info] Resolving org.scala-sbt#interface;0.13.17 ...
INFO  [info] Resolving org.scala-sbt#io;0.13.17 ...
INFO  [info] Resolving org.scala-sbt#control;0.13.17 ...
INFO  [info] Resolving org.scala-sbt#launcher-interface;1.0.1 ...
INFO  [info] Resolving org.scala-sbt#completion;0.13.17 ...
INFO  [info] Resolving org.scala-sbt#collections;0.13.17 ...
INFO  [info] Resolving jline#jline;2.14.5 ...
INFO  [info] Resolving org.scala-sbt#api;0.13.17 ...
INFO  [info] Resolving org.scala-sbt#classfile;0.13.17 ...
INFO  [info] Resolving org.scala-sbt#logging;0.13.17 ...
INFO  [info] Resolving org.scala-sbt#process;0.13.17 ...
INFO  [info] Resolving org.scala-sbt#compiler-integration;0.13.17 ...
INFO  [info] Resolving org.scala-sbt#incremental-compiler;0.13.17 ...
INFO  [info] Resolving org.scala-sbt#relation;0.13.17 ...
INFO  [info] Resolving org.scala-sbt#compile;0.13.17 ...
INFO  [info] Resolving org.scala-sbt#persist;0.13.17 ...
INFO  [info] Resolving org.scala-tools.sbinary#sbinary_2.10;0.4.2 ...
INFO  [info] Resolving org.scala-sbt#compiler-ivy-integration;0.13.17 ...
INFO  [info] Resolving org.scala-sbt#ivy;0.13.17 ...
INFO  [info] Resolving org.scala-sbt#cross;0.13.17 ...
INFO  [info] Resolving org.scala-sbt.ivy#ivy;2.3.0-sbt-b18f59ea3bc914a297bb6f1a4f7fb0ace399e310 ...
INFO  [info] Resolving com.jcraft#jsch;0.1.50 ...
INFO  [info] Resolving org.scala-sbt#serialization_2.10;0.1.2 ...
INFO  [info] Resolving org.scala-lang.modules#scala-pickling_2.10;0.10.1 ...
INFO  [info] Resolving org.scalamacros#quasiquotes_2.10;2.0.1 ...
INFO  [info] Resolving org.json4s#json4s-core_2.10;3.2.10 ...
INFO  [info] Resolving org.json4s#json4s-ast_2.10;3.2.10 ...
INFO  [info] Resolving com.thoughtworks.paranamer#paranamer;2.6 ...
INFO  [info] Resolving org.spire-math#jawn-parser_2.10;0.6.0 ...
INFO  [info] Resolving org.spire-math#json4s-support_2.10;0.6.0 ...
INFO  [info] Resolving org.scala-sbt#run;0.13.17 ...
INFO  [info] Resolving org.scala-sbt#task-system;0.13.17 ...
INFO  [info] Resolving org.scala-sbt#tasks;0.13.17 ...
INFO  [info] Resolving org.scala-sbt#tracking;0.13.17 ...
INFO  [info] Resolving org.scala-sbt#cache;0.13.17 ...
INFO  [info] Resolving org.scala-sbt#testing;0.13.17 ...
INFO  [info] Resolving org.scala-sbt#test-agent;0.13.17 ...
INFO  [info] Resolving org.scala-sbt#test-interface;1.0 ...
INFO  [info] Resolving org.scala-sbt#main-settings;0.13.17 ...
INFO  [info] Resolving org.scala-sbt#apply-macro;0.13.17 ...
INFO  [info] Resolving org.scala-sbt#command;0.13.17 ...
INFO  [info] Resolving org.scala-sbt#template-resolver;0.1 ...
INFO  [info] Resolving org.scala-sbt#logic;0.13.17 ...
INFO  [info] Resolving org.scala-sbt#compiler-interface;0.13.17 ...
INFO  [info] Resolving org.scala-lang#jline;2.10.7 ...
INFO  [info] Resolving org.fusesource.jansi#jansi;1.4 ...
INFO  [info] downloading https://repo1.maven.org/maven2/ch/epfl/scala/sbt-bloop_2.10_0.13/1.3.2/sbt-bloop-1.3.2.jar ...
INFO  [info] 	[SUCCESSFUL ] ch.epfl.scala#sbt-bloop;1.3.2!sbt-bloop.jar (338ms)
INFO  [info] downloading https://repo1.maven.org/maven2/org/scalameta/sbt-metals_2.10_0.13/0.6.1/sbt-metals-0.6.1.jar ...
INFO  [info] 	[SUCCESSFUL ] org.scalameta#sbt-metals;0.6.1!sbt-metals.jar (161ms)
INFO  [info] downloading https://repo1.maven.org/maven2/ch/epfl/scala/bloop-config_2.10/1.3.2/bloop-config_2.10-1.3.2.jar ...
INFO  [info] 	[SUCCESSFUL ] ch.epfl.scala#bloop-config_2.10;1.3.2!bloop-config_2.10.jar (314ms)
INFO  [info] downloading https://repo1.maven.org/maven2/io/circe/circe-parser_2.10/0.9.3/circe-parser_2.10-0.9.3.jar ...
INFO  [info] 	[SUCCESSFUL ] io.circe#circe-parser_2.10;0.9.3!circe-parser_2.10.jar (104ms)
INFO  [info] downloading https://repo1.maven.org/maven2/io/circe/circe-core_2.10/0.9.3/circe-core_2.10-0.9.3.jar ...
INFO  [info] 	[SUCCESSFUL ] io.circe#circe-core_2.10;0.9.3!circe-core_2.10.jar (503ms)
INFO  [info] downloading https://repo1.maven.org/maven2/io/circe/circe-generic_2.10/0.9.3/circe-generic_2.10-0.9.3.jar ...
INFO  [info] 	[SUCCESSFUL ] io.circe#circe-generic_2.10;0.9.3!circe-generic_2.10.jar (276ms)
INFO  [info] downloading https://repo1.maven.org/maven2/io/circe/circe-jawn_2.10/0.9.3/circe-jawn_2.10-0.9.3.jar ...
INFO  [info] 	[SUCCESSFUL ] io.circe#circe-jawn_2.10;0.9.3!circe-jawn_2.10.jar (163ms)
INFO  [info] downloading https://repo1.maven.org/maven2/org/spire-math/jawn-parser_2.10/0.11.1/jawn-parser_2.10-0.11.1.jar ...
INFO  [info] 	[SUCCESSFUL ] org.spire-math#jawn-parser_2.10;0.11.1!jawn-parser_2.10.jar (168ms)
INFO  [info] downloading https://repo1.maven.org/maven2/io/circe/circe-numbers_2.10/0.9.3/circe-numbers_2.10-0.9.3.jar ...
INFO  [info] 	[SUCCESSFUL ] io.circe#circe-numbers_2.10;0.9.3!circe-numbers_2.10.jar (112ms)
INFO  [info] downloading https://repo1.maven.org/maven2/org/typelevel/cats-core_2.10/1.0.1/cats-core_2.10-1.0.1.jar ...
INFO  [info] 	[SUCCESSFUL ] org.typelevel#cats-core_2.10;1.0.1!cats-core_2.10.jar (2309ms)
INFO  [info] downloading https://repo1.maven.org/maven2/org/typelevel/cats-macros_2.10/1.0.1/cats-macros_2.10-1.0.1.jar ...
INFO  [info] 	[SUCCESSFUL ] org.typelevel#cats-macros_2.10;1.0.1!cats-macros_2.10.jar (112ms)
INFO  [info] downloading https://repo1.maven.org/maven2/org/typelevel/cats-kernel_2.10/1.0.1/cats-kernel_2.10-1.0.1.jar ...
INFO  [info] 	[SUCCESSFUL ] org.typelevel#cats-kernel_2.10;1.0.1!cats-kernel_2.10.jar (1548ms)
INFO  [info] downloading https://repo1.maven.org/maven2/org/typelevel/machinist_2.10/0.6.2/machinist_2.10-0.6.2.jar ...
INFO  [info] 	[SUCCESSFUL ] org.typelevel#machinist_2.10;0.6.2!machinist_2.10.jar (167ms)
INFO  [info] downloading https://repo1.maven.org/maven2/org/typelevel/macro-compat_2.10/1.1.1/macro-compat_2.10-1.1.1.jar ...
INFO  [info] 	[SUCCESSFUL ] org.typelevel#macro-compat_2.10;1.1.1!macro-compat_2.10.jar (234ms)
INFO  [info] downloading https://repo1.maven.org/maven2/org/scalamacros/quasiquotes_2.10/2.1.1/quasiquotes_2.10-2.1.1.jar ...
INFO  [info] 	[SUCCESSFUL ] org.scalamacros#quasiquotes_2.10;2.1.1!quasiquotes_2.10.jar (481ms)
INFO  [info] downloading https://repo1.maven.org/maven2/com/chuusai/shapeless_2.10/2.3.3/shapeless_2.10-2.3.3.jar ...
INFO  [info] 	[SUCCESSFUL ] com.chuusai#shapeless_2.10;2.3.3!shapeless_2.10.jar(bundle) (1855ms)
INFO  [info] Done updating.
INFO  [info] Loading project definition from /home/jimmy/Work/misc/coursera_scala/week1/example/project
INFO  [info] Updating {file:/home/jimmy/Work/misc/coursera_scala/week1/example/project/}example-build...
INFO  [info] Resolving org.scala-sbt#global-plugins;0.0 ...
INFO  [info] Resolving ch.epfl.scala#sbt-bloop;1.3.2 ...
INFO  [info] Resolving ch.epfl.scala#bloop-config_2.10;1.3.2 ...
INFO  [info] Resolving org.scala-lang#scala-library;2.10.7 ...
INFO  [info] Resolving io.circe#circe-parser_2.10;0.9.3 ...
INFO  [info] Resolving io.circe#circe-jawn_2.10;0.9.3 ...
INFO  [info] Resolving io.circe#circe-core_2.10;0.9.3 ...
INFO  [info] Resolving io.circe#circe-numbers_2.10;0.9.3 ...
INFO  [info] Resolving org.typelevel#cats-core_2.10;1.0.1 ...
INFO  [info] Resolving org.typelevel#cats-macros_2.10;1.0.1 ...
INFO  [info] Resolving org.typelevel#machinist_2.10;0.6.2 ...
INFO  [info] Resolving org.scala-lang#scala-reflect;2.10.7 ...
INFO  [info] Resolving org.typelevel#cats-kernel_2.10;1.0.1 ...
INFO  [info] Resolving org.spire-math#jawn-parser_2.10;0.11.1 ...
INFO  [info] Resolving io.circe#circe-generic_2.10;0.9.3 ...
INFO  [info] Resolving org.typelevel#macro-compat_2.10;1.1.1 ...
INFO  [info] Resolving org.scalamacros#quasiquotes_2.10;2.1.1 ...
INFO  [info] Resolving com.chuusai#shapeless_2.10;2.3.3 ...
INFO  [info] Resolving org.scalameta#sbt-metals;0.6.1 ...
INFO  [info] Resolving org.scalastyle#scalastyle_2.10;0.8.0 ...
INFO  [info] Resolving org.scalariform#scalariform_2.10;0.1.7 ...
INFO  [info] Resolving com.typesafe#config;1.2.0 ...
INFO  [info] Resolving org.scalaj#scalaj-http_2.10;2.2.1 ...
INFO  [info] Resolving commons-codec#commons-codec;1.10 ...
INFO  [info] Resolving org.apache.commons#commons-lang3;3.4 ...
INFO  [info] Resolving com.typesafe.sbteclipse#sbteclipse-plugin;5.2.4 ...
INFO  [info] Resolving org.scalaz#scalaz-core_2.10;7.2.14 ...
INFO  [info] Resolving org.scalaz#scalaz-effect_2.10;7.2.14 ...
INFO  [info] Resolving org.scala-js#sbt-scalajs;0.6.22 ...
INFO  [info] Resolving org.scala-js#scalajs-tools_2.10;0.6.22 ...
INFO  [info] Resolving org.scala-js#scalajs-ir_2.10;0.6.22 ...
INFO  [info] Resolving org.scala-js#closure-compiler-java-6;v20160517 ...
INFO  [info] Resolving org.scala-js#closure-compiler-externs-java-6;v20160517 ...
INFO  [info] Resolving args4j#args4j;2.0.26 ...
INFO  [info] Resolving com.google.guava#guava;19.0 ...
INFO  [info] Resolving com.google.protobuf#protobuf-java;2.5.0 ...
INFO  [info] Resolving com.google.code.gson#gson;2.2.4 ...
INFO  [info] Resolving com.google.code.findbugs#jsr305;1.3.9 ...
INFO  [info] Resolving com.googlecode.json-simple#json-simple;1.1.1 ...
INFO  [info] Resolving org.scala-js#scalajs-js-envs_2.10;0.6.22 ...
INFO  [info] Resolving io.apigee#rhino;1.7R5pre4 ...
INFO  [info] Resolving org.webjars#envjs;1.2 ...
INFO  [info] Resolving org.scala-js#scalajs-sbt-test-adapter_2.10;0.6.22 ...
INFO  [info] Resolving org.scala-sbt#test-interface;1.0 ...
INFO  [info] Resolving io.get-coursier#sbt-coursier;1.0.2 ...
INFO  [info] Resolving io.get-coursier#coursier_2.10;1.0.2 ...
INFO  [info] Resolving org.scalaz#scalaz-core_2.10;7.2.16 ...
INFO  [info] Resolving io.get-coursier#coursier-cache_2.10;1.0.2 ...
INFO  [info] Resolving org.scalaz#scalaz-concurrent_2.10;7.2.16 ...
INFO  [info] Resolving org.scalaz#scalaz-effect_2.10;7.2.16 ...
INFO  [info] Resolving io.get-coursier#coursier-extra_2.10;1.0.2 ...
INFO  [info] Resolving io.get-coursier#sbt-shared;1.0.2 ...
INFO  [info] Resolving com.dwijnand#sbt-compat;1.2.5 ...
INFO  [info] Resolving org.scala-sbt#sbt;0.13.17 ...
INFO  [info] Resolving org.scala-sbt#main;0.13.17 ...
INFO  [info] Resolving org.scala-sbt#actions;0.13.17 ...
INFO  [info] Resolving org.scala-sbt#classpath;0.13.17 ...
INFO  [info] Resolving org.scala-lang#scala-compiler;2.10.7 ...
INFO  [info] Resolving org.scala-sbt#interface;0.13.17 ...
INFO  [info] Resolving org.scala-sbt#io;0.13.17 ...
INFO  [info] Resolving org.scala-sbt#control;0.13.17 ...
INFO  [info] Resolving org.scala-sbt#launcher-interface;1.0.1 ...
INFO  [info] Resolving org.scala-sbt#completion;0.13.17 ...
INFO  [info] Resolving org.scala-sbt#collections;0.13.17 ...
INFO  [info] Resolving jline#jline;2.14.5 ...
INFO  [info] Resolving org.scala-sbt#api;0.13.17 ...
INFO  [info] Resolving org.scala-sbt#classfile;0.13.17 ...
INFO  [info] Resolving org.scala-sbt#logging;0.13.17 ...
INFO  [info] Resolving org.scala-sbt#process;0.13.17 ...
INFO  [info] Resolving org.scala-sbt#compiler-integration;0.13.17 ...
INFO  [info] Resolving org.scala-sbt#incremental-compiler;0.13.17 ...
INFO  [info] Resolving org.scala-sbt#relation;0.13.17 ...
INFO  [info] Resolving org.scala-sbt#compile;0.13.17 ...
INFO  [info] Resolving org.scala-sbt#persist;0.13.17 ...
INFO  [info] Resolving org.scala-tools.sbinary#sbinary_2.10;0.4.2 ...
INFO  [info] Resolving org.scala-sbt#compiler-ivy-integration;0.13.17 ...
INFO  [info] Resolving org.scala-sbt#ivy;0.13.17 ...
INFO  [info] Resolving org.scala-sbt#cross;0.13.17 ...
INFO  [info] Resolving org.scala-sbt.ivy#ivy;2.3.0-sbt-b18f59ea3bc914a297bb6f1a4f7fb0ace399e310 ...
INFO  [info] Resolving com.jcraft#jsch;0.1.50 ...
INFO  [info] Resolving org.scala-sbt#serialization_2.10;0.1.2 ...
INFO  [info] Resolving org.scala-lang.modules#scala-pickling_2.10;0.10.1 ...
INFO  [info] Resolving org.scalamacros#quasiquotes_2.10;2.0.1 ...
INFO  [info] Resolving org.json4s#json4s-core_2.10;3.2.10 ...
INFO  [info] Resolving org.json4s#json4s-ast_2.10;3.2.10 ...
INFO  [info] Resolving com.thoughtworks.paranamer#paranamer;2.6 ...
INFO  [info] Resolving org.spire-math#jawn-parser_2.10;0.6.0 ...
INFO  [info] Resolving org.spire-math#json4s-support_2.10;0.6.0 ...
INFO  [info] Resolving org.scala-sbt#run;0.13.17 ...
INFO  [info] Resolving org.scala-sbt#task-system;0.13.17 ...
INFO  [info] Resolving org.scala-sbt#tasks;0.13.17 ...
INFO  [info] Resolving org.scala-sbt#tracking;0.13.17 ...
INFO  [info] Resolving org.scala-sbt#cache;0.13.17 ...
INFO  [info] Resolving org.scala-sbt#testing;0.13.17 ...
INFO  [info] Resolving org.scala-sbt#test-agent;0.13.17 ...
INFO  [info] Resolving org.scala-sbt#main-settings;0.13.17 ...
INFO  [info] Resolving org.scala-sbt#apply-macro;0.13.17 ...
INFO  [info] Resolving org.scala-sbt#command;0.13.17 ...
INFO  [info] Resolving org.scala-sbt#template-resolver;0.1 ...
INFO  [info] Resolving org.scala-sbt#logic;0.13.17 ...
INFO  [info] Resolving org.scala-sbt#compiler-interface;0.13.17 ...
INFO  [info] Resolving org.scala-lang#jline;2.10.7 ...
INFO  [info] Resolving org.fusesource.jansi#jansi;1.4 ...
INFO  [info] downloading https://repo1.maven.org/maven2/org/scalaz/scalaz-core_2.10/7.2.16/scalaz-core_2.10-7.2.16.jar ...
INFO  [info] 	[SUCCESSFUL ] org.scalaz#scalaz-core_2.10;7.2.16!scalaz-core_2.10.jar(bundle) (6644ms)
INFO  [info] downloading https://repo1.maven.org/maven2/org/scalaz/scalaz-concurrent_2.10/7.2.16/scalaz-concurrent_2.10-7.2.16.jar ...
INFO  [info] 	[SUCCESSFUL ] org.scalaz#scalaz-concurrent_2.10;7.2.16!scalaz-concurrent_2.10.jar(bundle) (304ms)
INFO  [info] downloading https://repo1.maven.org/maven2/org/scalaz/scalaz-effect_2.10/7.2.16/scalaz-effect_2.10-7.2.16.jar ...
INFO  [info] 	[SUCCESSFUL ] org.scalaz#scalaz-effect_2.10;7.2.16!scalaz-effect_2.10.jar(bundle) (415ms)
INFO  [info] downloading https://repo.scala-sbt.org/scalasbt/sbt-plugin-releases/com.dwijnand/sbt-compat/scala_2.10/sbt_0.13/1.2.5/docs/sbt-compat-javadoc.jar ...
INFO  [info] 	[SUCCESSFUL ] com.dwijnand#sbt-compat;1.2.5!sbt-compat.jar(doc) (2167ms)
INFO  [info] downloading https://repo.scala-sbt.org/scalasbt/sbt-plugin-releases/com.dwijnand/sbt-compat/scala_2.10/sbt_0.13/1.2.5/jars/sbt-compat.jar ...
INFO  [info] 	[SUCCESSFUL ] com.dwijnand#sbt-compat;1.2.5!sbt-compat.jar (2031ms)
INFO  [info] downloading https://repo.scala-sbt.org/scalasbt/sbt-plugin-releases/com.dwijnand/sbt-compat/scala_2.10/sbt_0.13/1.2.5/srcs/sbt-compat-sources.jar ...
INFO  [info] 	[SUCCESSFUL ] com.dwijnand#sbt-compat;1.2.5!sbt-compat.jar(src) (1723ms)
INFO  [info] Done updating.
INFO  [info] Compiling 8 Scala sources to /home/jimmy/Work/misc/coursera_scala/week1/example/project/target/scala-2.10/sbt-0.13/classes...
INFO  [info] 'compiler-interface' not yet compiled for Scala 2.10.7. Compiling...
INFO  [info]   Compilation completed in 8.621 s
INFO  [warn] /home/jimmy/Work/misc/coursera_scala/week1/example/project/CommonBuild.scala:3: trait Build in package sbt is deprecated: Use .sbt format instead
INFO  [warn] trait CommonBuild extends Build {
INFO  [warn]                           ^
INFO  [warn] one warning found
INFO  [success] Generated .bloop/example-build.json
INFO  [success] Total time: 42 s, completed Aug 14, 2019 2:34:13 PM
INFO  [info] Updating {file:/home/jimmy/Work/misc/coursera_scala/week1/example/project/}example-build...
INFO  [info] Resolving org.scala-sbt#global-plugins;0.0 ...
INFO  [info] Resolving ch.epfl.scala#sbt-bloop;1.3.2 ...
INFO  [info] Resolving ch.epfl.scala#bloop-config_2.10;1.3.2 ...
INFO  [info] Resolving org.scala-lang#scala-library;2.10.7 ...
INFO  [info] Resolving io.circe#circe-parser_2.10;0.9.3 ...
INFO  [info] Resolving io.circe#circe-jawn_2.10;0.9.3 ...
INFO  [info] Resolving io.circe#circe-core_2.10;0.9.3 ...
INFO  [info] Resolving io.circe#circe-numbers_2.10;0.9.3 ...
INFO  [info] Resolving org.typelevel#cats-core_2.10;1.0.1 ...
INFO  [info] Resolving org.typelevel#cats-macros_2.10;1.0.1 ...
INFO  [info] Resolving org.typelevel#machinist_2.10;0.6.2 ...
INFO  [info] Resolving org.scala-lang#scala-reflect;2.10.7 ...
INFO  [info] Resolving org.typelevel#cats-kernel_2.10;1.0.1 ...
INFO  [info] Resolving org.spire-math#jawn-parser_2.10;0.11.1 ...
INFO  [info] Resolving io.circe#circe-generic_2.10;0.9.3 ...
INFO  [info] Resolving org.typelevel#macro-compat_2.10;1.1.1 ...
INFO  [info] Resolving org.scalamacros#quasiquotes_2.10;2.1.1 ...
INFO  [info] Resolving com.chuusai#shapeless_2.10;2.3.3 ...
INFO  [info] Resolving org.scalameta#sbt-metals;0.6.1 ...
INFO  [info] Resolving org.scalastyle#scalastyle_2.10;0.8.0 ...
INFO  [info] Resolving org.scalariform#scalariform_2.10;0.1.7 ...
INFO  [info] Resolving com.typesafe#config;1.2.0 ...
INFO  [info] Resolving org.scalaj#scalaj-http_2.10;2.2.1 ...
INFO  [info] Resolving commons-codec#commons-codec;1.10 ...
INFO  [info] Resolving org.apache.commons#commons-lang3;3.4 ...
INFO  [info] Resolving com.typesafe.sbteclipse#sbteclipse-plugin;5.2.4 ...
INFO  [info] Resolving org.scalaz#scalaz-core_2.10;7.2.14 ...
INFO  [info] Resolving org.scalaz#scalaz-effect_2.10;7.2.14 ...
INFO  [info] Resolving org.scala-js#sbt-scalajs;0.6.22 ...
INFO  [info] Resolving org.scala-js#scalajs-tools_2.10;0.6.22 ...
INFO  [info] Resolving org.scala-js#scalajs-ir_2.10;0.6.22 ...
INFO  [info] Resolving org.scala-js#closure-compiler-java-6;v20160517 ...
INFO  [info] Resolving org.scala-js#closure-compiler-externs-java-6;v20160517 ...
INFO  [info] Resolving args4j#args4j;2.0.26 ...
INFO  [info] Resolving com.google.guava#guava;19.0 ...
INFO  [info] Resolving com.google.protobuf#protobuf-java;2.5.0 ...
INFO  [info] Resolving com.google.code.gson#gson;2.2.4 ...
INFO  [info] Resolving com.google.code.findbugs#jsr305;1.3.9 ...
INFO  [info] Resolving com.googlecode.json-simple#json-simple;1.1.1 ...
INFO  [info] Resolving org.scala-js#scalajs-js-envs_2.10;0.6.22 ...
INFO  [info] Resolving io.apigee#rhino;1.7R5pre4 ...
INFO  [info] Resolving org.webjars#envjs;1.2 ...
INFO  [info] Resolving org.scala-js#scalajs-sbt-test-adapter_2.10;0.6.22 ...
INFO  [info] Resolving org.scala-sbt#test-interface;1.0 ...
INFO  [info] Resolving io.get-coursier#sbt-coursier;1.0.2 ...
INFO  [info] Resolving io.get-coursier#coursier_2.10;1.0.2 ...
INFO  [info] Resolving org.scalaz#scalaz-core_2.10;7.2.16 ...
INFO  [info] Resolving io.get-coursier#coursier-cache_2.10;1.0.2 ...
INFO  [info] Resolving org.scalaz#scalaz-concurrent_2.10;7.2.16 ...
INFO  [info] Resolving org.scalaz#scalaz-effect_2.10;7.2.16 ...
INFO  [info] Resolving io.get-coursier#coursier-extra_2.10;1.0.2 ...
INFO  [info] Resolving io.get-coursier#sbt-shared;1.0.2 ...
INFO  [info] Resolving com.dwijnand#sbt-compat;1.2.5 ...
INFO  [info] Resolving org.scala-sbt#sbt;0.13.17 ...
INFO  [info] Resolving org.scala-sbt#main;0.13.17 ...
INFO  [info] Resolving org.scala-sbt#actions;0.13.17 ...
INFO  [info] Resolving org.scala-sbt#classpath;0.13.17 ...
INFO  [info] Resolving org.scala-lang#scala-compiler;2.10.7 ...
INFO  [info] Resolving org.scala-sbt#interface;0.13.17 ...
INFO  [info] Resolving org.scala-sbt#io;0.13.17 ...
INFO  [info] Resolving org.scala-sbt#control;0.13.17 ...
INFO  [info] Resolving org.scala-sbt#launcher-interface;1.0.1 ...
INFO  [info] Resolving org.scala-sbt#completion;0.13.17 ...
INFO  [info] Resolving org.scala-sbt#collections;0.13.17 ...
INFO  [info] Resolving jline#jline;2.14.5 ...
INFO  [info] Resolving org.scala-sbt#api;0.13.17 ...
INFO  [info] Resolving org.scala-sbt#classfile;0.13.17 ...
INFO  [info] Resolving org.scala-sbt#logging;0.13.17 ...
INFO  [info] Resolving org.scala-sbt#process;0.13.17 ...
INFO  [info] Resolving org.scala-sbt#compiler-integration;0.13.17 ...
INFO  [info] Resolving org.scala-sbt#incremental-compiler;0.13.17 ...
INFO  [info] Resolving org.scala-sbt#relation;0.13.17 ...
INFO  [info] Resolving org.scala-sbt#compile;0.13.17 ...
INFO  [info] Resolving org.scala-sbt#persist;0.13.17 ...
INFO  [info] Resolving org.scala-tools.sbinary#sbinary_2.10;0.4.2 ...
INFO  [info] Resolving org.scala-sbt#compiler-ivy-integration;0.13.17 ...
INFO  [info] Resolving org.scala-sbt#ivy;0.13.17 ...
INFO  [info] Resolving org.scala-sbt#cross;0.13.17 ...
INFO  [info] Resolving org.scala-sbt.ivy#ivy;2.3.0-sbt-b18f59ea3bc914a297bb6f1a4f7fb0ace399e310 ...
INFO  [info] Resolving com.jcraft#jsch;0.1.50 ...
INFO  [info] Resolving org.scala-sbt#serialization_2.10;0.1.2 ...
INFO  [info] Resolving org.scala-lang.modules#scala-pickling_2.10;0.10.1 ...
INFO  [info] Resolving org.scalamacros#quasiquotes_2.10;2.0.1 ...
INFO  [info] Resolving org.json4s#json4s-core_2.10;3.2.10 ...
INFO  [info] Resolving org.json4s#json4s-ast_2.10;3.2.10 ...
INFO  [info] Resolving com.thoughtworks.paranamer#paranamer;2.6 ...
INFO  [info] Resolving org.spire-math#jawn-parser_2.10;0.6.0 ...
INFO  [info] Resolving org.spire-math#json4s-support_2.10;0.6.0 ...
INFO  [info] Resolving org.scala-sbt#run;0.13.17 ...
INFO  [info] Resolving org.scala-sbt#task-system;0.13.17 ...
INFO  [info] Resolving org.scala-sbt#tasks;0.13.17 ...
INFO  [info] Resolving org.scala-sbt#tracking;0.13.17 ...
INFO  [info] Resolving org.scala-sbt#cache;0.13.17 ...
INFO  [info] Resolving org.scala-sbt#testing;0.13.17 ...
INFO  [info] Resolving org.scala-sbt#test-agent;0.13.17 ...
INFO  [info] Resolving org.scala-sbt#main-settings;0.13.17 ...
INFO  [info] Resolving org.scala-sbt#apply-macro;0.13.17 ...
INFO  [info] Resolving org.scala-sbt#command;0.13.17 ...
INFO  [info] Resolving org.scala-sbt#template-resolver;0.1 ...
INFO  [info] Resolving org.scala-sbt#logic;0.13.17 ...
INFO  [info] Resolving org.scala-sbt#compiler-interface;0.13.17 ...
INFO  [info] Resolving org.scala-lang#jline;2.10.7 ...
INFO  [info] Resolving org.fusesource.jansi#jansi;1.4 ...
INFO  [info] Done updating.
INFO  [info] Set current project to progfun1-example (in build file:/home/jimmy/Work/misc/coursera_scala/week1/example/)
INFO  [info] Set current project to progfun1-example (in build file:/home/jimmy/Work/misc/coursera_scala/week1/example/)
INFO  [info] semanticdb-scalac is enabled
ERROR Downloading https://repo1.maven.org/maven2/org/scala-lang/modules/scala-parser-combinators_2.11/1.0.4/scala-parser-combinators_2.11-1.0.4.pom.sha1
ERROR Downloading https://repo1.maven.org/maven2/org/scala-lang/modules/scala-parser-combinators_2.11/1.0.4/scala-parser-combinators_2.11-1.0.4.pom
ERROR Downloading https://repo1.maven.org/maven2/junit/junit/4.10/junit-4.10.pom
ERROR Downloading https://repo1.maven.org/maven2/org/scalatest/scalatest_2.11/2.2.4/scalatest_2.11-2.2.4.pom
ERROR Downloading https://repo1.maven.org/maven2/org/scalatest/scalatest_2.11/2.2.4/scalatest_2.11-2.2.4.pom.sha1
ERROR Downloading https://repo1.maven.org/maven2/junit/junit/4.10/junit-4.10.pom.sha1
ERROR Downloaded https://repo1.maven.org/maven2/org/scala-lang/modules/scala-parser-combinators_2.11/1.0.4/scala-parser-combinators_2.11-1.0.4.pom.sha1
ERROR Downloading https://repo1.maven.org/maven2/org/scala-lang/scala-library/2.11.12/scala-library-2.11.12.pom
ERROR Downloaded https://repo1.maven.org/maven2/org/scala-lang/modules/scala-parser-combinators_2.11/1.0.4/scala-parser-combinators_2.11-1.0.4.pom
ERROR Downloading https://repo1.maven.org/maven2/org/scala-lang/scala-library/2.11.12/scala-library-2.11.12.pom.sha1
ERROR Downloaded https://repo1.maven.org/maven2/org/scala-lang/scala-library/2.11.12/scala-library-2.11.12.pom
ERROR Downloaded https://repo1.maven.org/maven2/junit/junit/4.10/junit-4.10.pom.sha1
ERROR Downloaded https://repo1.maven.org/maven2/junit/junit/4.10/junit-4.10.pom
ERROR Downloaded https://repo1.maven.org/maven2/org/scalatest/scalatest_2.11/2.2.4/scalatest_2.11-2.2.4.pom
ERROR Downloaded https://repo1.maven.org/maven2/org/scala-lang/scala-library/2.11.12/scala-library-2.11.12.pom.sha1
ERROR Downloaded https://repo1.maven.org/maven2/org/scalatest/scalatest_2.11/2.2.4/scalatest_2.11-2.2.4.pom.sha1
ERROR Downloading https://repo1.maven.org/maven2/junit/junit/4.10/
ERROR Downloading https://repo1.maven.org/maven2/org/scala-lang/scala-library/2.11.12/
ERROR Downloading https://repo1.maven.org/maven2/org/scalatest/scalatest_2.11/2.2.4/
ERROR Downloading https://repo1.maven.org/maven2/org/scala-lang/modules/scala-parser-combinators_2.11/1.0.4/
ERROR Downloaded https://repo1.maven.org/maven2/junit/junit/4.10/
ERROR Downloaded https://repo1.maven.org/maven2/org/scala-lang/modules/scala-parser-combinators_2.11/1.0.4/
ERROR Downloaded https://repo1.maven.org/maven2/org/scala-lang/scala-library/2.11.12/
ERROR Downloaded https://repo1.maven.org/maven2/org/scalatest/scalatest_2.11/2.2.4/
ERROR Downloading https://repo1.maven.org/maven2/org/scala-lang/scala-reflect/2.11.12/scala-reflect-2.11.12.pom
ERROR Downloading https://repo1.maven.org/maven2/org/scala-lang/scala-reflect/2.11.12/scala-reflect-2.11.12.pom.sha1
ERROR Downloading https://repo1.maven.org/maven2/org/hamcrest/hamcrest-core/1.1/hamcrest-core-1.1.pom
ERROR Downloading https://repo1.maven.org/maven2/org/hamcrest/hamcrest-core/1.1/hamcrest-core-1.1.pom.sha1
ERROR Downloading https://repo1.maven.org/maven2/org/scala-lang/modules/scala-xml_2.11/1.0.2/scala-xml_2.11-1.0.2.pom
ERROR Downloading https://repo1.maven.org/maven2/org/scala-lang/modules/scala-xml_2.11/1.0.2/scala-xml_2.11-1.0.2.pom.sha1
ERROR Downloaded https://repo1.maven.org/maven2/org/scala-lang/scala-reflect/2.11.12/scala-reflect-2.11.12.pom
ERROR Downloaded https://repo1.maven.org/maven2/org/scala-lang/scala-reflect/2.11.12/scala-reflect-2.11.12.pom.sha1
ERROR Downloading https://repo1.maven.org/maven2/org/scala-lang/scala-reflect/2.11.12/
ERROR Downloaded https://repo1.maven.org/maven2/org/hamcrest/hamcrest-core/1.1/hamcrest-core-1.1.pom.sha1
ERROR Downloaded https://repo1.maven.org/maven2/org/hamcrest/hamcrest-core/1.1/hamcrest-core-1.1.pom
ERROR Downloading https://repo1.maven.org/maven2/org/hamcrest/hamcrest-core/1.1/
ERROR Downloaded https://repo1.maven.org/maven2/org/scala-lang/modules/scala-xml_2.11/1.0.2/scala-xml_2.11-1.0.2.pom
ERROR Downloaded https://repo1.maven.org/maven2/org/scala-lang/scala-reflect/2.11.12/
ERROR Downloaded https://repo1.maven.org/maven2/org/hamcrest/hamcrest-core/1.1/
ERROR Downloaded https://repo1.maven.org/maven2/org/scala-lang/modules/scala-xml_2.11/1.0.2/scala-xml_2.11-1.0.2.pom.sha1
ERROR Downloading https://repo1.maven.org/maven2/org/scala-lang/modules/scala-xml_2.11/1.0.2/
ERROR Downloaded https://repo1.maven.org/maven2/org/scala-lang/modules/scala-xml_2.11/1.0.2/
ERROR Downloading https://repo1.maven.org/maven2/org/hamcrest/hamcrest-parent/1.1/hamcrest-parent-1.1.pom
ERROR Downloading https://repo1.maven.org/maven2/org/hamcrest/hamcrest-parent/1.1/hamcrest-parent-1.1.pom.sha1
ERROR Downloaded https://repo1.maven.org/maven2/org/hamcrest/hamcrest-parent/1.1/hamcrest-parent-1.1.pom.sha1
ERROR Downloaded https://repo1.maven.org/maven2/org/hamcrest/hamcrest-parent/1.1/hamcrest-parent-1.1.pom
ERROR Downloading https://repo1.maven.org/maven2/org/hamcrest/hamcrest-parent/1.1/
ERROR Downloaded https://repo1.maven.org/maven2/org/hamcrest/hamcrest-parent/1.1/
ERROR Downloading https://repo1.maven.org/maven2/org/scalameta/semanticdb-scalac_2.11.12/4.1.9/semanticdb-scalac_2.11.12-4.1.9.pom
ERROR Downloading https://repo1.maven.org/maven2/org/scalameta/semanticdb-scalac_2.11.12/4.1.9/semanticdb-scalac_2.11.12-4.1.9.pom.sha1
ERROR Downloaded https://repo1.maven.org/maven2/org/scalameta/semanticdb-scalac_2.11.12/4.1.9/semanticdb-scalac_2.11.12-4.1.9.pom.sha1
ERROR Downloaded https://repo1.maven.org/maven2/org/scalameta/semanticdb-scalac_2.11.12/4.1.9/semanticdb-scalac_2.11.12-4.1.9.pom
ERROR Downloading https://repo1.maven.org/maven2/org/scalameta/semanticdb-scalac_2.11.12/4.1.9/
ERROR Downloaded https://repo1.maven.org/maven2/org/scalameta/semanticdb-scalac_2.11.12/4.1.9/
ERROR Downloading https://repo1.maven.org/maven2/org/scala-lang/scala-compiler/2.11.12/scala-compiler-2.11.12.pom
ERROR Downloading https://repo1.maven.org/maven2/org/scala-lang/scala-compiler/2.11.12/scala-compiler-2.11.12.pom.sha1
ERROR Downloaded https://repo1.maven.org/maven2/org/scala-lang/scala-compiler/2.11.12/scala-compiler-2.11.12.pom.sha1
ERROR Downloaded https://repo1.maven.org/maven2/org/scala-lang/scala-compiler/2.11.12/scala-compiler-2.11.12.pom
ERROR Downloading https://repo1.maven.org/maven2/org/scala-lang/scala-compiler/2.11.12/
ERROR Downloaded https://repo1.maven.org/maven2/org/scala-lang/scala-compiler/2.11.12/
ERROR Downloading https://repo1.maven.org/maven2/jline/jline/2.14.3/jline-2.14.3.pom
ERROR Downloading https://repo1.maven.org/maven2/jline/jline/2.14.3/jline-2.14.3.pom.sha1
ERROR Downloading https://repo1.maven.org/maven2/org/scala-lang/modules/scala-xml_2.11/1.0.5/scala-xml_2.11-1.0.5.pom
ERROR Downloading https://repo1.maven.org/maven2/org/scala-lang/modules/scala-xml_2.11/1.0.5/scala-xml_2.11-1.0.5.pom.sha1
ERROR Downloaded https://repo1.maven.org/maven2/jline/jline/2.14.3/jline-2.14.3.pom.sha1
ERROR Downloaded https://repo1.maven.org/maven2/org/scala-lang/modules/scala-xml_2.11/1.0.5/scala-xml_2.11-1.0.5.pom
ERROR Downloaded https://repo1.maven.org/maven2/org/scala-lang/modules/scala-xml_2.11/1.0.5/scala-xml_2.11-1.0.5.pom.sha1
ERROR Downloading https://repo1.maven.org/maven2/org/scala-lang/modules/scala-xml_2.11/1.0.5/
ERROR Downloaded https://repo1.maven.org/maven2/jline/jline/2.14.3/jline-2.14.3.pom
ERROR Downloading https://repo1.maven.org/maven2/jline/jline/2.14.3/
ERROR Downloaded https://repo1.maven.org/maven2/org/scala-lang/modules/scala-xml_2.11/1.0.5/
ERROR Downloaded https://repo1.maven.org/maven2/jline/jline/2.14.3/
ERROR Downloading https://repo1.maven.org/maven2/org/sonatype/oss/oss-parent/9/
ERROR Downloaded https://repo1.maven.org/maven2/org/sonatype/oss/oss-parent/9/
ERROR Downloading https://repo1.maven.org/maven2/org/scala-lang/modules/scala-xml_2.11/1.0.2/scala-xml_2.11-1.0.2.jar
ERROR Downloading https://repo1.maven.org/maven2/org/scalatest/scalatest_2.11/2.2.4/scalatest_2.11-2.2.4.jar
ERROR Downloading https://repo1.maven.org/maven2/junit/junit/4.10/junit-4.10.jar
ERROR Downloading https://repo1.maven.org/maven2/org/scala-lang/scala-library/2.11.12/scala-library-2.11.12.jar
ERROR Downloading https://repo1.maven.org/maven2/org/scalameta/semanticdb-scalac_2.11.12/4.1.9/semanticdb-scalac_2.11.12-4.1.9.jar
ERROR Downloading https://repo1.maven.org/maven2/org/scala-lang/modules/scala-xml_2.11/1.0.5/scala-xml_2.11-1.0.5.jar
ERROR Downloaded https://repo1.maven.org/maven2/junit/junit/4.10/junit-4.10.jar
ERROR Downloading https://repo1.maven.org/maven2/org/scala-lang/scala-compiler/2.11.12/scala-compiler-2.11.12.jar
ERROR Downloaded https://repo1.maven.org/maven2/org/scala-lang/modules/scala-xml_2.11/1.0.2/scala-xml_2.11-1.0.2.jar
ERROR Downloading https://repo1.maven.org/maven2/jline/jline/2.14.3/jline-2.14.3.jar
ERROR Downloaded https://repo1.maven.org/maven2/jline/jline/2.14.3/jline-2.14.3.jar
ERROR Downloading https://repo1.maven.org/maven2/org/scala-lang/modules/scala-parser-combinators_2.11/1.0.4/scala-parser-combinators_2.11-1.0.4.jar
ERROR Downloaded https://repo1.maven.org/maven2/org/scala-lang/modules/scala-parser-combinators_2.11/1.0.4/scala-parser-combinators_2.11-1.0.4.jar
ERROR Downloading https://repo1.maven.org/maven2/org/scala-lang/scala-reflect/2.11.12/scala-reflect-2.11.12.jar
ERROR https://repo1.maven.org/maven2/org/scala-lang/modules/scala-xm… (70.71 %, 47459…
ERROR https://repo1.maven.org/maven2/org/scalatest/scalatest_2.11/2.… (12.54 %, 90112…
ERROR https://repo1.maven.org/maven2/org/scala-lang/scala-library/2.… (11.10 %, 63818…
ERROR https://repo1.maven.org/maven2/org/scala-lang/scala-compiler/2… (3.22 %, 502278…
ERROR https://repo1.maven.org/maven2/org/scalameta/semanticdb-scalac_2.11.12/4.1.9/… 
ERROR 
ERROR Downloaded https://repo1.maven.org/maven2/org/scala-lang/modules/scala-xml_2.11/1.0.5/scala-xml_2.11-1.0.5.jar
ERROR Downloading https://repo1.maven.org/maven2/org/hamcrest/hamcrest-core/1.1/hamcrest-core-1.1.jar
ERROR Downloaded https://repo1.maven.org/maven2/org/hamcrest/hamcrest-core/1.1/hamcrest-core-1.1.jar
ERROR https://repo1.maven.org/maven2/org/scalatest/scalatest_2.11/2.… (18.24 %, 13107…
ERROR https://repo1.maven.org/maven2/org/scala-lang/scala-library/2.… (17.94 %, 10313…
ERROR https://repo1.maven.org/maven2/org/scala-lang/scala-reflect/2.… (17.35 %, 80227…
ERROR https://repo1.maven.org/maven2/org/scala-lang/scala-compiler/2… (6.16 %, 961030…
ERROR https://repo1.maven.org/maven2/org/scalameta/semanticdb-scalac… (0.17 %, 32205 …
ERROR 
ERROR https://repo1.maven.org/maven2/org/scala-lang/scala-reflect/2.… (27.28 %, 12610…
ERROR https://repo1.maven.org/maven2/org/scala-lang/scala-library/2.… (25.63 %, 14737…
ERROR https://repo1.maven.org/maven2/org/scalatest/scalatest_2.11/2.… (22.80 %, 16384…
ERROR https://repo1.maven.org/maven2/org/scala-lang/scala-compiler/2… (9.51 %, 148531…
ERROR https://repo1.maven.org/maven2/org/scalameta/semanticdb-scalac… (3.39 %, 625968…
ERROR 
ERROR https://repo1.maven.org/maven2/org/scala-lang/scala-reflect/2.… (36.85 %, 17033…
ERROR https://repo1.maven.org/maven2/org/scala-lang/scala-library/2.… (31.33 %, 18014…
ERROR https://repo1.maven.org/maven2/org/scalatest/scalatest_2.11/2.… (26.68 %, 19169…
ERROR https://repo1.maven.org/maven2/org/scala-lang/scala-compiler/2… (13.92 %, 21734…
ERROR https://repo1.maven.org/maven2/org/scalameta/semanticdb-scalac… (5.78 %, 106833…
ERROR 
ERROR https://repo1.maven.org/maven2/org/scala-lang/scala-reflect/2.… (46.06 %, 21293…
ERROR https://repo1.maven.org/maven2/org/scala-lang/scala-library/2.… (38.17 %, 21946…
ERROR https://repo1.maven.org/maven2/org/scalatest/scalatest_2.11/2.… (30.32 %, 21790…
ERROR https://repo1.maven.org/maven2/org/scala-lang/scala-compiler/2… (17.91 %, 27960…
ERROR https://repo1.maven.org/maven2/org/scalameta/semanticdb-scalac… (7.82 %, 144516…
ERROR 
ERROR https://repo1.maven.org/maven2/org/scala-lang/scala-reflect/2.… (55.98 %, 25881…
ERROR https://repo1.maven.org/maven2/org/scala-lang/scala-library/2.… (46.44 %, 26697…
ERROR https://repo1.maven.org/maven2/org/scalatest/scalatest_2.11/2.… (34.88 %, 25067…
ERROR https://repo1.maven.org/maven2/org/scala-lang/scala-compiler/2… (21.16 %, 33039…
ERROR https://repo1.maven.org/maven2/org/scalameta/semanticdb-scalac… (10.04 %, 18547…
ERROR 
ERROR https://repo1.maven.org/maven2/org/scala-lang/scala-reflect/2.… (66.61 %, 30796…
ERROR https://repo1.maven.org/maven2/org/scala-lang/scala-library/2.… (52.99 %, 30466…
ERROR https://repo1.maven.org/maven2/org/scalatest/scalatest_2.11/2.… (41.95 %, 30146…
ERROR https://repo1.maven.org/maven2/org/scala-lang/scala-compiler/2… (24.00 %, 37463…
ERROR https://repo1.maven.org/maven2/org/scalameta/semanticdb-scalac… (12.52 %, 23135…
ERROR 
ERROR https://repo1.maven.org/maven2/org/scala-lang/scala-reflect/2.… (75.83 %, 35056…
ERROR https://repo1.maven.org/maven2/org/scala-lang/scala-library/2.… (57.83 %, 33251…
ERROR https://repo1.maven.org/maven2/org/scalatest/scalatest_2.11/2.… (48.57 %, 34897…
ERROR https://repo1.maven.org/maven2/org/scala-lang/scala-compiler/2… (26.62 %, 41559…
ERROR https://repo1.maven.org/maven2/org/scalameta/semanticdb-scalac… (14.65 %, 27067…
ERROR 
ERROR https://repo1.maven.org/maven2/org/scala-lang/scala-reflect/2.… (81.85 %, 37841…
ERROR https://repo1.maven.org/maven2/org/scala-lang/scala-library/2.… (63.82 %, 36692…
ERROR https://repo1.maven.org/maven2/org/scalatest/scalatest_2.11/2.… (56.09 %, 40304…
ERROR https://repo1.maven.org/maven2/org/scala-lang/scala-compiler/2… (29.87 %, 46638…
ERROR https://repo1.maven.org/maven2/org/scalameta/semanticdb-scalac… (16.24 %, 30016…
ERROR 
ERROR https://repo1.maven.org/maven2/org/scala-lang/scala-reflect/2.… (87.17 %, 40299…
ERROR https://repo1.maven.org/maven2/org/scala-lang/scala-library/2.… (72.94 %, 41935…
ERROR https://repo1.maven.org/maven2/org/scalatest/scalatest_2.11/2.… (63.84 %, 45875…
ERROR https://repo1.maven.org/maven2/org/scala-lang/scala-compiler/2… (33.13 %, 51717…
ERROR https://repo1.maven.org/maven2/org/scalameta/semanticdb-scalac… (17.57 %, 32474…
ERROR 
ERROR https://repo1.maven.org/maven2/org/scala-lang/scala-reflect/2.… (93.19 %, 43084…
ERROR https://repo1.maven.org/maven2/org/scala-lang/scala-library/2.… (80.06 %, 46031…
ERROR https://repo1.maven.org/maven2/org/scalatest/scalatest_2.11/2.… (69.09 %, 49643…
ERROR https://repo1.maven.org/maven2/org/scala-lang/scala-compiler/2… (35.23 %, 54993…
ERROR https://repo1.maven.org/maven2/org/scalameta/semanticdb-scalac… (18.64 %, 34440…
ERROR 
ERROR Downloaded https://repo1.maven.org/maven2/org/scala-lang/scala-reflect/2.11.12/scala-reflect-2.11.12.jar
ERROR https://repo1.maven.org/maven2/org/scala-lang/scala-library/2.… (90.32 %, 51929…
ERROR https://repo1.maven.org/maven2/org/scalatest/scalatest_2.11/2.… (79.12 %, 56852…
ERROR https://repo1.maven.org/maven2/org/scala-lang/scala-compiler/2… (38.69 %, 60400…
ERROR https://repo1.maven.org/maven2/org/scalameta/semanticdb-scalac… (20.50 %, 37880…
ERROR 
ERROR Downloaded https://repo1.maven.org/maven2/org/scala-lang/scala-library/2.11.12/scala-library-2.11.12.jar
ERROR https://repo1.maven.org/maven2/org/scalatest/scalatest_2.11/2.… (85.96 %, 61767…
ERROR https://repo1.maven.org/maven2/org/scala-lang/scala-compiler/2… (42.36 %, 66135…
ERROR https://repo1.maven.org/maven2/org/scalameta/semanticdb-scalac… (22.54 %, 41649…
ERROR 
ERROR https://repo1.maven.org/maven2/org/scalatest/scalatest_2.11/2.… (92.34 %, 66355…
ERROR https://repo1.maven.org/maven2/org/scala-lang/scala-compiler/2… (47.08 %, 73507…
ERROR https://repo1.maven.org/maven2/org/scalameta/semanticdb-scalac… (25.64 %, 47383…
ERROR 
ERROR Downloaded https://repo1.maven.org/maven2/org/scalatest/scalatest_2.11/2.2.4/scalatest_2.11-2.2.4.jar
ERROR https://repo1.maven.org/maven2/org/scala-lang/scala-compiler/2… (52.12 %, 81372…
ERROR https://repo1.maven.org/maven2/org/scalameta/semanticdb-scalac… (29.01 %, 53609…
ERROR 
ERROR https://repo1.maven.org/maven2/org/scala-lang/scala-compiler/2… (58.63 %, 91530…
ERROR https://repo1.maven.org/maven2/org/scalameta/semanticdb-scalac… (33.62 %, 62129…
ERROR 
ERROR https://repo1.maven.org/maven2/org/scala-lang/scala-compiler/2… (65.45 %, 10217…
ERROR https://repo1.maven.org/maven2/org/scalameta/semanticdb-scalac… (38.85 %, 71795…
ERROR 
ERROR https://repo1.maven.org/maven2/org/scala-lang/scala-compiler/2… (73.11 %, 11414…
ERROR https://repo1.maven.org/maven2/org/scalameta/semanticdb-scalac… (44.53 %, 82281…
ERROR 
ERROR https://repo1.maven.org/maven2/org/scala-lang/scala-compiler/2… (80.46 %, 12560…
ERROR https://repo1.maven.org/maven2/org/scalameta/semanticdb-scalac… (50.20 %, 92767…
ERROR 
ERROR https://repo1.maven.org/maven2/org/scala-lang/scala-compiler/2… (88.12 %, 13756…
ERROR https://repo1.maven.org/maven2/org/scalameta/semanticdb-scalac… (55.17 %, 10194…
ERROR 
ERROR https://repo1.maven.org/maven2/org/scala-lang/scala-compiler/2… (93.57 %, 14608…
ERROR https://repo1.maven.org/maven2/org/scalameta/semanticdb-scalac… (57.29 %, 10587…
ERROR 
ERROR https://repo1.maven.org/maven2/org/scala-lang/scala-compiler/2… (99.35 %, 15510…
ERROR https://repo1.maven.org/maven2/org/scalameta/semanticdb-scalac… (60.66 %, 11210…
ERROR 
ERROR Downloaded https://repo1.maven.org/maven2/org/scala-lang/scala-compiler/2.11.12/scala-compiler-2.11.12.jar
ERROR https://repo1.maven.org/maven2/org/scalameta/semanticdb-scalac… (68.64 %, 12684…
ERROR 
ERROR https://repo1.maven.org/maven2/org/scalameta/semanticdb-scalac… (79.73 %, 14732…
ERROR 
ERROR https://repo1.maven.org/maven2/org/scalameta/semanticdb-scalac… (88.56 %, 16365…
ERROR 
ERROR https://repo1.maven.org/maven2/org/scalameta/semanticdb-scalac… (98.23 %, 18151…
ERROR 
ERROR Downloaded https://repo1.maven.org/maven2/org/scalameta/semanticdb-scalac_2.11.12/4.1.9/semanticdb-scalac_2.11.12-4.1.9.jar
ERROR Downloading https://repo1.maven.org/maven2/org/hamcrest/hamcrest-core/1.1/hamcrest-core-1.1-javadoc.jar
ERROR Downloading https://repo1.maven.org/maven2/org/scala-lang/modules/scala-xml_2.11/1.0.2/scala-xml_2.11-1.0.2-sources.jar
ERROR Downloading https://repo1.maven.org/maven2/org/scala-lang/modules/scala-xml_2.11/1.0.2/scala-xml_2.11-1.0.2-javadoc.jar
ERROR Downloading https://repo1.maven.org/maven2/org/scala-lang/modules/scala-parser-combinators_2.11/1.0.4/scala-parser-combinators_2.11-1.0.4-javadoc.jar
ERROR Downloading https://repo1.maven.org/maven2/org/scala-lang/modules/scala-parser-combinators_2.11/1.0.4/scala-parser-combinators_2.11-1.0.4-sources.jar
ERROR Downloading https://repo1.maven.org/maven2/org/scalatest/scalatest_2.11/2.2.4/scalatest_2.11-2.2.4-javadoc.jar
ERROR Downloading https://repo1.maven.org/maven2/org/scalatest/scalatest_2.11/2.2.4/scalatest_2.11-2.2.4-sources.jar
ERROR Downloaded https://repo1.maven.org/maven2/org/scala-lang/modules/scala-xml_2.11/1.0.2/scala-xml_2.11-1.0.2-sources.jar
ERROR Downloading https://repo1.maven.org/maven2/junit/junit/4.10/junit-4.10-javadoc.jar
ERROR Downloaded https://repo1.maven.org/maven2/org/scala-lang/modules/scala-parser-combinators_2.11/1.0.4/scala-parser-combinators_2.11-1.0.4-sources.jar
ERROR Downloading https://repo1.maven.org/maven2/junit/junit/4.10/junit-4.10-sources.jar
ERROR Downloaded https://repo1.maven.org/maven2/junit/junit/4.10/junit-4.10-javadoc.jar
ERROR Downloading https://repo1.maven.org/maven2/org/scala-lang/scala-library/2.11.12/scala-library-2.11.12-javadoc.jar
ERROR Downloaded https://repo1.maven.org/maven2/junit/junit/4.10/junit-4.10-sources.jar
ERROR Downloading https://repo1.maven.org/maven2/org/scala-lang/scala-library/2.11.12/scala-library-2.11.12-sources.jar
ERROR https://repo1.maven.org/maven2/org/scalatest/scalatest_2.11/2.… (85.36 %, 12282…
ERROR https://repo1.maven.org/maven2/org/scala-lang/modules/scala-pa… (80.04 %, 55651…
ERROR https://repo1.maven.org/maven2/org/scala-lang/modules/scala-xm… (60.12 %, 73673…
ERROR https://repo1.maven.org/maven2/org/scalatest/scalatest_2.11/2.… (10.29 %, 81920…
ERROR 
ERROR Downloaded https://repo1.maven.org/maven2/org/scala-lang/modules/scala-parser-combinators_2.11/1.0.4/scala-parser-combinators_2.11-1.0.4-javadoc.jar
ERROR Downloading https://repo1.maven.org/maven2/org/scalameta/semanticdb-scalac_2.11.12/4.1.9/semanticdb-scalac_2.11.12-4.1.9-javadoc.jar
ERROR Downloaded https://repo1.maven.org/maven2/org/scalatest/scalatest_2.11/2.2.4/scalatest_2.11-2.2.4-sources.jar
ERROR Downloading https://repo1.maven.org/maven2/org/scalameta/semanticdb-scalac_2.11.12/4.1.9/semanticdb-scalac_2.11.12-4.1.9-sources.jar
ERROR Downloaded https://repo1.maven.org/maven2/org/scalameta/semanticdb-scalac_2.11.12/4.1.9/semanticdb-scalac_2.11.12-4.1.9-javadoc.jar
ERROR Downloading https://repo1.maven.org/maven2/org/scala-lang/modules/scala-xml_2.11/1.0.5/scala-xml_2.11-1.0.5-javadoc.jar
ERROR Downloaded https://repo1.maven.org/maven2/org/scalameta/semanticdb-scalac_2.11.12/4.1.9/semanticdb-scalac_2.11.12-4.1.9-sources.jar
ERROR Downloading https://repo1.maven.org/maven2/org/scala-lang/modules/scala-xml_2.11/1.0.5/scala-xml_2.11-1.0.5-sources.jar
ERROR Downloaded https://repo1.maven.org/maven2/org/scala-lang/modules/scala-xml_2.11/1.0.5/scala-xml_2.11-1.0.5-sources.jar
ERROR Downloading https://repo1.maven.org/maven2/org/scala-lang/scala-compiler/2.11.12/scala-compiler-2.11.12-javadoc.jar
ERROR https://repo1.maven.org/maven2/org/scala-lang/modules/scala-xm… (94.89 %, 11627…
ERROR https://repo1.maven.org/maven2/org/scala-lang/scala-library/2.… (52.02 %, 47459…
ERROR https://repo1.maven.org/maven2/org/scalatest/scalatest_2.11/2.… (15.44 %, 12288…
ERROR https://repo1.maven.org/maven2/org/scala-lang/scala-library/2.… (3.41 %, 743377…
ERROR 
ERROR Downloaded https://repo1.maven.org/maven2/org/scala-lang/modules/scala-xml_2.11/1.0.2/scala-xml_2.11-1.0.2-javadoc.jar
ERROR Downloading https://repo1.maven.org/maven2/org/scala-lang/scala-compiler/2.11.12/scala-compiler-2.11.12-sources.jar
ERROR https://repo1.maven.org/maven2/org/scala-lang/scala-library/2.… (78.96 %, 72035…
ERROR https://repo1.maven.org/maven2/org/scala-lang/modules/scala-xm… (50.55 %, 62204…
ERROR https://repo1.maven.org/maven2/org/scalatest/scalatest_2.11/2.… (20.79 %, 16547…
ERROR https://repo1.maven.org/maven2/org/scala-lang/scala-library/2.… (5.37 %, 116936…
ERROR https://repo1.maven.org/maven2/org/scala-lang/scala-compiler/2… (2.92 %, 386334…
ERROR 
ERROR Downloaded https://repo1.maven.org/maven2/org/scala-lang/scala-library/2.11.12/scala-library-2.11.12-sources.jar
ERROR Downloading https://repo1.maven.org/maven2/jline/jline/2.14.3/jline-2.14.3-sources.jar
ERROR https://repo1.maven.org/maven2/org/scala-lang/modules/scala-xm… (81.18 %, 99888…
ERROR https://repo1.maven.org/maven2/org/scala-lang/scala-compiler/2… (40.38 %, 89833…
ERROR https://repo1.maven.org/maven2/org/scalatest/scalatest_2.11/2.… (26.55 %, 21135…
ERROR https://repo1.maven.org/maven2/org/scala-lang/scala-library/2.… (7.17 %, 156257…
ERROR https://repo1.maven.org/maven2/org/scala-lang/scala-compiler/2… (5.46 %, 722121…
ERROR 
ERROR Downloaded https://repo1.maven.org/maven2/jline/jline/2.14.3/jline-2.14.3-sources.jar
ERROR Downloading https://repo1.maven.org/maven2/jline/jline/2.14.3/jline-2.14.3-javadoc.jar
ERROR Downloaded https://repo1.maven.org/maven2/org/scala-lang/modules/scala-xml_2.11/1.0.5/scala-xml_2.11-1.0.5-javadoc.jar
ERROR Downloading https://repo1.maven.org/maven2/org/scala-lang/scala-reflect/2.11.12/scala-reflect-2.11.12-javadoc.jar
ERROR https://repo1.maven.org/maven2/org/scala-lang/scala-compiler/2… (58.79 %, 13079…
ERROR https://repo1.maven.org/maven2/org/scalatest/scalatest_2.11/2.… (30.87 %, 24576…
ERROR https://repo1.maven.org/maven2/org/scala-lang/scala-library/2.… (9.35 %, 203771…
ERROR https://repo1.maven.org/maven2/org/scala-lang/scala-compiler/2… (7.69 %, 101703…
ERROR 
ERROR https://repo1.maven.org/maven2/jline/jline/2.14.3/jline-2.14.3… (78.72 %, 29437…
ERROR https://repo1.maven.org/maven2/org/scala-lang/scala-compiler/2… (69.10 %, 15373…
ERROR https://repo1.maven.org/maven2/org/scalatest/scalatest_2.11/2.… (33.76 %, 26869…
ERROR https://repo1.maven.org/maven2/org/scala-lang/scala-library/2.… (10.63 %, 23162…
ERROR https://repo1.maven.org/maven2/org/scala-lang/scala-compiler/2… (9.68 %, 127917…
ERROR https://repo1.maven.org/maven2/org/scala-lang/scala-reflect/2.… (5.59 %, 245218…
ERROR 
ERROR Downloaded https://repo1.maven.org/maven2/jline/jline/2.14.3/jline-2.14.3-javadoc.jar
ERROR Downloading https://repo1.maven.org/maven2/org/scala-lang/scala-reflect/2.11.12/scala-reflect-2.11.12-sources.jar
ERROR https://repo1.maven.org/maven2/org/scala-lang/scala-compiler/2… (81.62 %, 18158…
ERROR https://repo1.maven.org/maven2/org/scalatest/scalatest_2.11/2.… (38.08 %, 30310…
ERROR https://repo1.maven.org/maven2/org/scala-lang/scala-library/2.… (11.98 %, 26111…
ERROR https://repo1.maven.org/maven2/org/scala-lang/scala-compiler/2… (11.91 %, 15740…
ERROR https://repo1.maven.org/maven2/org/scala-lang/scala-reflect/2.… (11.19 %, 49097…
ERROR 
ERROR https://repo1.maven.org/maven2/org/scala-lang/scala-compiler/2… (86.77 %, 19305…
ERROR https://repo1.maven.org/maven2/org/scalatest/scalatest_2.11/2.… (41.78 %, 33259…
ERROR https://repo1.maven.org/maven2/org/scala-lang/scala-reflect/2.… (34.55 %, 19606…
ERROR https://repo1.maven.org/maven2/org/scala-lang/scala-reflect/2.… (14.18 %, 62205…
ERROR https://repo1.maven.org/maven2/org/scala-lang/scala-compiler/2… (12.90 %, 17051…
ERROR https://repo1.maven.org/maven2/org/scala-lang/scala-library/2.… (12.58 %, 27422…
ERROR 
ERROR Downloaded https://repo1.maven.org/maven2/org/scala-lang/scala-compiler/2.11.12/scala-compiler-2.11.12-sources.jar
ERROR Downloading https://repo1.maven.org/maven2/org/hamcrest/hamcrest-core/1.1/hamcrest-core-1.1-sources.jar
ERROR Downloaded https://repo1.maven.org/maven2/org/hamcrest/hamcrest-core/1.1/hamcrest-core-1.1-sources.jar
ERROR https://repo1.maven.org/maven2/org/scala-lang/scala-reflect/2.… (89.40 %, 50736…
ERROR https://repo1.maven.org/maven2/org/scalatest/scalatest_2.11/2.… (47.75 %, 38010…
ERROR https://repo1.maven.org/maven2/org/scala-lang/scala-reflect/2.… (26.50 %, 11627…
ERROR https://repo1.maven.org/maven2/org/scala-lang/scala-compiler/2… (15.75 %, 20819…
ERROR https://repo1.maven.org/maven2/org/scala-lang/scala-library/2.… (14.84 %, 32337…
ERROR 
ERROR Downloaded https://repo1.maven.org/maven2/org/scala-lang/scala-reflect/2.11.12/scala-reflect-2.11.12-sources.jar
ERROR https://repo1.maven.org/maven2/org/scalatest/scalatest_2.11/2.… (55.16 %, 43909…
ERROR https://repo1.maven.org/maven2/org/scala-lang/scala-reflect/2.… (38.07 %, 16706…
ERROR https://repo1.maven.org/maven2/org/scala-lang/scala-compiler/2… (18.10 %, 23932…
ERROR https://repo1.maven.org/maven2/org/scala-lang/scala-library/2.… (16.94 %, 36924…
ERROR 
ERROR https://repo1.maven.org/maven2/org/scalatest/scalatest_2.11/2.… (62.57 %, 49807…
ERROR https://repo1.maven.org/maven2/org/scala-lang/scala-reflect/2.… (48.16 %, 21129…
ERROR https://repo1.maven.org/maven2/org/scala-lang/scala-compiler/2… (20.33 %, 26882…
ERROR https://repo1.maven.org/maven2/org/scala-lang/scala-library/2.… (19.12 %, 41676…
ERROR 
ERROR https://repo1.maven.org/maven2/org/scalatest/scalatest_2.11/2.… (70.19 %, 55869…
ERROR https://repo1.maven.org/maven2/org/scala-lang/scala-reflect/2.… (60.85 %, 26700…
ERROR https://repo1.maven.org/maven2/org/scala-lang/scala-compiler/2… (23.18 %, 30650…
ERROR https://repo1.maven.org/maven2/org/scala-lang/scala-library/2.… (22.66 %, 49376…
ERROR 
ERROR https://repo1.maven.org/maven2/org/scalatest/scalatest_2.11/2.… (77.39 %, 61603…
ERROR https://repo1.maven.org/maven2/org/scala-lang/scala-reflect/2.… (74.29 %, 32598…
ERROR https://repo1.maven.org/maven2/org/scala-lang/scala-compiler/2… (26.53 %, 35074…
ERROR https://repo1.maven.org/maven2/org/scala-lang/scala-library/2.… (26.12 %, 56913…
ERROR 
ERROR https://repo1.maven.org/maven2/org/scala-lang/scala-reflect/2.… (85.12 %, 37350…
ERROR https://repo1.maven.org/maven2/org/scalatest/scalatest_2.11/2.… (84.80 %, 67502…
ERROR https://repo1.maven.org/maven2/org/scala-lang/scala-compiler/2… (31.36 %, 41463…
ERROR https://repo1.maven.org/maven2/org/scala-lang/scala-library/2.… (29.12 %, 63467…
ERROR 
ERROR https://repo1.maven.org/maven2/org/scala-lang/scala-reflect/2.… (96.70 %, 42429…
ERROR https://repo1.maven.org/maven2/org/scalatest/scalatest_2.11/2.… (92.42 %, 73564…
ERROR https://repo1.maven.org/maven2/org/scala-lang/scala-compiler/2… (36.57 %, 48345…
ERROR https://repo1.maven.org/maven2/org/scala-lang/scala-library/2.… (31.68 %, 69037…
ERROR 
ERROR Downloaded https://repo1.maven.org/maven2/org/scala-lang/scala-reflect/2.11.12/scala-reflect-2.11.12-javadoc.jar
ERROR Downloaded https://repo1.maven.org/maven2/org/scalatest/scalatest_2.11/2.2.4/scalatest_2.11-2.2.4-javadoc.jar
ERROR https://repo1.maven.org/maven2/org/scala-lang/scala-compiler/2… (43.14 %, 57028…
ERROR https://repo1.maven.org/maven2/org/scala-lang/scala-library/2.… (35.06 %, 76410…
ERROR 
ERROR https://repo1.maven.org/maven2/org/scala-lang/scala-compiler/2… (52.80 %, 69808…
ERROR https://repo1.maven.org/maven2/org/scala-lang/scala-library/2.… (39.87 %, 86896…
ERROR 
ERROR https://repo1.maven.org/maven2/org/scala-lang/scala-compiler/2… (62.46 %, 82573…
ERROR https://repo1.maven.org/maven2/org/scala-lang/scala-library/2.… (44.84 %, 97709…
ERROR 
ERROR https://repo1.maven.org/maven2/org/scala-lang/scala-compiler/2… (71.76 %, 94861…
ERROR https://repo1.maven.org/maven2/org/scala-lang/scala-library/2.… (49.57 %, 10803…
ERROR 
ERROR https://repo1.maven.org/maven2/org/scala-lang/scala-compiler/2… (80.06 %, 10583…
ERROR https://repo1.maven.org/maven2/org/scala-lang/scala-library/2.… (54.01 %, 11769…
ERROR 
ERROR https://repo1.maven.org/maven2/org/scala-lang/scala-compiler/2… (89.23 %, 11796…
ERROR https://repo1.maven.org/maven2/org/scala-lang/scala-library/2.… (59.04 %, 12867…
ERROR 
ERROR https://repo1.maven.org/maven2/org/scala-lang/scala-compiler/2… (98.52 %, 13025…
ERROR https://repo1.maven.org/maven2/org/scala-lang/scala-library/2.… (64.16 %, 13981…
ERROR 
ERROR Downloaded https://repo1.maven.org/maven2/org/scala-lang/scala-compiler/2.11.12/scala-compiler-2.11.12-javadoc.jar
ERROR https://repo1.maven.org/maven2/org/scala-lang/scala-library/2.… (72.95 %, 15898…
ERROR 
ERROR https://repo1.maven.org/maven2/org/scala-lang/scala-library/2.… (83.03 %, 18094…
ERROR 
ERROR https://repo1.maven.org/maven2/org/scala-lang/scala-library/2.… (90.40 %, 19699…
ERROR 
ERROR https://repo1.maven.org/maven2/org/scala-lang/scala-library/2.… (97.16 %, 21174…
ERROR 
ERROR Downloaded https://repo1.maven.org/maven2/org/scala-lang/scala-library/2.11.12/scala-library-2.11.12-javadoc.jar
INFO  [success] Generated .bloop/root.json
INFO  [success] Generated .bloop/root-test.json
INFO  [success] Total time: 59 s, completed Aug 14, 2019 2:35:18 PM
INFO  build tool exit: 0
INFO  time: ran 'sbt bloopInstall' in 2m43s
INFO  running embedded 'bloop bsp --protocol local --socket /tmp/bsp4486804467788202263/t2eipopn6xve.socket'
Downloading https://repo1.maven.org/maven2/ch/epfl/scala/bloop-frontend_2.12/1.3.2/bloop-frontend_2.12-1.3.2.pom.sha1
Downloading https://repo1.maven.org/maven2/ch/epfl/scala/bloop-frontend_2.12/1.3.2/bloop-frontend_2.12-1.3.2.pom
Downloaded https://repo1.maven.org/maven2/ch/epfl/scala/bloop-frontend_2.12/1.3.2/bloop-frontend_2.12-1.3.2.pom.sha1
Downloaded https://repo1.maven.org/maven2/ch/epfl/scala/bloop-frontend_2.12/1.3.2/bloop-frontend_2.12-1.3.2.pom
Downloading https://repo1.maven.org/maven2/ch/epfl/scala/bloop-frontend_2.12/1.3.2/
Downloaded https://repo1.maven.org/maven2/ch/epfl/scala/bloop-frontend_2.12/1.3.2/
Downloading https://repo1.maven.org/maven2/org/scalaz/scalaz-core_2.12/7.2.20/scalaz-core_2.12-7.2.20.pom.sha1
Downloading https://repo1.maven.org/maven2/org/scalaz/scalaz-core_2.12/7.2.20/scalaz-core_2.12-7.2.20.pom
Downloading https://repo1.maven.org/maven2/ch/epfl/scala/bloop-backend_2.12/1.3.2/bloop-backend_2.12-1.3.2.pom
Downloading https://repo1.maven.org/maven2/ch/epfl/scala/bloop-backend_2.12/1.3.2/bloop-backend_2.12-1.3.2.pom.sha1
Downloading https://repo1.maven.org/maven2/ch/epfl/scala/case-app_2.12/1.2.0-faster-compile-time/case-app_2.12-1.2.0-faster-compile-time.pom
Downloading https://repo1.maven.org/maven2/ch/epfl/scala/case-app_2.12/1.2.0-faster-compile-time/case-app_2.12-1.2.0-faster-compile-time.pom.sha1
Downloaded https://repo1.maven.org/maven2/org/scalaz/scalaz-core_2.12/7.2.20/scalaz-core_2.12-7.2.20.pom.sha1
Downloading https://repo1.maven.org/maven2/io/monix/monix_2.12/2.3.3/monix_2.12-2.3.3.pom
Downloaded https://repo1.maven.org/maven2/io/monix/monix_2.12/2.3.3/monix_2.12-2.3.3.pom
Downloading https://repo1.maven.org/maven2/io/monix/monix_2.12/2.3.3/monix_2.12-2.3.3.pom.sha1
Downloaded https://repo1.maven.org/maven2/ch/epfl/scala/bloop-backend_2.12/1.3.2/bloop-backend_2.12-1.3.2.pom.sha1
Downloading https://repo1.maven.org/maven2/org/scala-lang/scala-library/2.12.8/
Downloaded https://repo1.maven.org/maven2/io/monix/monix_2.12/2.3.3/monix_2.12-2.3.3.pom.sha1
Downloading https://repo1.maven.org/maven2/ch/epfl/scala/bloop-config_2.12/1.3.2/bloop-config_2.12-1.3.2.pom
Downloaded https://repo1.maven.org/maven2/ch/epfl/scala/case-app_2.12/1.2.0-faster-compile-time/case-app_2.12-1.2.0-faster-compile-time.pom.sha1
Downloading https://repo1.maven.org/maven2/ch/epfl/scala/bloop-config_2.12/1.3.2/bloop-config_2.12-1.3.2.pom.sha1
Downloaded https://repo1.maven.org/maven2/ch/epfl/scala/bloop-backend_2.12/1.3.2/bloop-backend_2.12-1.3.2.pom
Downloading https://repo1.maven.org/maven2/ch/epfl/scala/sockets/1.3.2/sockets-1.3.2.pom
Downloaded https://repo1.maven.org/maven2/org/scalaz/scalaz-core_2.12/7.2.20/scalaz-core_2.12-7.2.20.pom
Downloading https://repo1.maven.org/maven2/ch/epfl/scala/sockets/1.3.2/sockets-1.3.2.pom.sha1
Downloaded https://repo1.maven.org/maven2/ch/epfl/scala/bloop-config_2.12/1.3.2/bloop-config_2.12-1.3.2.pom
Downloading https://repo1.maven.org/maven2/com/zaxxer/nuprocess/1.2.4/
Downloaded https://repo1.maven.org/maven2/org/scala-lang/scala-library/2.12.8/
Downloaded https://repo1.maven.org/maven2/ch/epfl/scala/case-app_2.12/1.2.0-faster-compile-time/case-app_2.12-1.2.0-faster-compile-time.pom
Downloaded https://repo1.maven.org/maven2/ch/epfl/scala/bloop-config_2.12/1.3.2/bloop-config_2.12-1.3.2.pom.sha1
Downloaded https://repo1.maven.org/maven2/ch/epfl/scala/sockets/1.3.2/sockets-1.3.2.pom
Downloading https://repo1.maven.org/maven2/io/monix/monix_2.12/2.3.3/
Downloading https://repo1.maven.org/maven2/ch/epfl/scala/bloop-backend_2.12/1.3.2/
Downloading https://repo1.maven.org/maven2/org/scalaz/scalaz-core_2.12/7.2.20/
Downloaded https://repo1.maven.org/maven2/ch/epfl/scala/sockets/1.3.2/sockets-1.3.2.pom.sha1
Downloading https://repo1.maven.org/maven2/ch/epfl/scala/bloop-config_2.12/1.3.2/
Downloading https://repo1.maven.org/maven2/ch/epfl/scala/case-app_2.12/1.2.0-faster-compile-time/
Downloaded https://repo1.maven.org/maven2/ch/epfl/scala/bloop-backend_2.12/1.3.2/
Downloaded https://repo1.maven.org/maven2/org/scalaz/scalaz-core_2.12/7.2.20/
Downloaded https://repo1.maven.org/maven2/io/monix/monix_2.12/2.3.3/
Downloaded https://repo1.maven.org/maven2/com/zaxxer/nuprocess/1.2.4/
Downloaded https://repo1.maven.org/maven2/ch/epfl/scala/bloop-config_2.12/1.3.2/
Downloaded https://repo1.maven.org/maven2/ch/epfl/scala/case-app_2.12/1.2.0-faster-compile-time/
Downloading https://repo1.maven.org/maven2/ch/epfl/scala/sockets/1.3.2/
Downloaded https://repo1.maven.org/maven2/ch/epfl/scala/sockets/1.3.2/
Downloading https://repo1.maven.org/maven2/org/sonatype/oss/oss-parent/7/
Downloaded https://repo1.maven.org/maven2/org/sonatype/oss/oss-parent/7/
Downloading https://repo1.maven.org/maven2/net/java/dev/jna/jna-platform/4.5.0/jna-platform-4.5.0.pom
Downloading https://repo1.maven.org/maven2/net/java/dev/jna/jna-platform/4.5.0/jna-platform-4.5.0.pom.sha1
Downloaded https://repo1.maven.org/maven2/net/java/dev/jna/jna-platform/4.5.0/jna-platform-4.5.0.pom.sha1
Downloaded https://repo1.maven.org/maven2/net/java/dev/jna/jna-platform/4.5.0/jna-platform-4.5.0.pom
Downloading https://repo1.maven.org/maven2/net/java/dev/jna/jna-platform/4.5.0/
Downloaded https://repo1.maven.org/maven2/net/java/dev/jna/jna-platform/4.5.0/
Downloading https://repo1.maven.org/maven2/io/monix/monix-types_2.12/2.3.3/monix-types_2.12-2.3.3.pom
Downloading https://repo1.maven.org/maven2/io/zipkin/reporter2/zipkin-sender-urlconnection/2.7.15/zipkin-sender-urlconnection-2.7.15.pom.sha1
Downloading https://repo1.maven.org/maven2/io/monix/monix-types_2.12/2.3.3/monix-types_2.12-2.3.3.pom.sha1
Downloading https://repo1.maven.org/maven2/io/get-coursier/coursier_2.12/1.1.0-M14-4/coursier_2.12-1.1.0-M14-4.pom
Downloading https://repo1.maven.org/maven2/io/get-coursier/coursier_2.12/1.1.0-M14-4/coursier_2.12-1.1.0-M14-4.pom.sha1
Downloading https://repo1.maven.org/maven2/io/github/soc/directories/10/directories-10.pom
Downloaded https://repo1.maven.org/maven2/io/zipkin/reporter2/zipkin-sender-urlconnection/2.7.15/zipkin-sender-urlconnection-2.7.15.pom.sha1
Downloading https://repo1.maven.org/maven2/io/github/soc/directories/10/directories-10.pom.sha1
Downloaded https://repo1.maven.org/maven2/io/monix/monix-types_2.12/2.3.3/monix-types_2.12-2.3.3.pom
Downloading https://repo1.maven.org/maven2/org/scala-sbt/test-agent/1.0.4/test-agent-1.0.4.pom
Downloaded https://repo1.maven.org/maven2/io/get-coursier/coursier_2.12/1.1.0-M14-4/coursier_2.12-1.1.0-M14-4.pom
Downloading https://repo1.maven.org/maven2/io/zipkin/reporter2/zipkin-sender-urlconnection/2.7.15/zipkin-sender-urlconnection-2.7.15.pom
Downloaded https://repo1.maven.org/maven2/io/get-coursier/coursier_2.12/1.1.0-M14-4/coursier_2.12-1.1.0-M14-4.pom.sha1
Downloading https://repo1.maven.org/maven2/org/scala-sbt/test-agent/1.0.4/test-agent-1.0.4.pom.sha1
Downloaded https://repo1.maven.org/maven2/io/monix/monix-types_2.12/2.3.3/monix-types_2.12-2.3.3.pom.sha1
Downloading https://repo1.maven.org/maven2/io/monix/monix-execution_2.12/2.3.3/monix-execution_2.12-2.3.3.pom
Downloaded https://repo1.maven.org/maven2/io/github/soc/directories/10/directories-10.pom.sha1
Downloading https://repo1.maven.org/maven2/org/zeroturnaround/zt-zip/1.13/zt-zip-1.13.pom
Downloaded https://repo1.maven.org/maven2/io/zipkin/reporter2/zipkin-sender-urlconnection/2.7.15/zipkin-sender-urlconnection-2.7.15.pom
Downloaded https://repo1.maven.org/maven2/org/scala-sbt/test-agent/1.0.4/test-agent-1.0.4.pom
Downloading https://repo1.maven.org/maven2/io/monix/monix-execution_2.12/2.3.3/monix-execution_2.12-2.3.3.pom.sha1
Downloading https://repo1.maven.org/maven2/org/zeroturnaround/zt-zip/1.13/zt-zip-1.13.pom.sha1
Downloaded https://repo1.maven.org/maven2/io/monix/monix-execution_2.12/2.3.3/monix-execution_2.12-2.3.3.pom
Downloading https://repo1.maven.org/maven2/io/monix/monix-eval_2.12/2.3.3/monix-eval_2.12-2.3.3.pom
Downloaded https://repo1.maven.org/maven2/org/scala-sbt/test-agent/1.0.4/test-agent-1.0.4.pom.sha1
Downloading https://repo1.maven.org/maven2/io/get-coursier/coursier-cache_2.12/1.1.0-M14-4/coursier-cache_2.12-1.1.0-M14-4.pom
Downloaded https://repo1.maven.org/maven2/org/zeroturnaround/zt-zip/1.13/zt-zip-1.13.pom
Downloaded https://repo1.maven.org/maven2/io/monix/monix-execution_2.12/2.3.3/monix-execution_2.12-2.3.3.pom.sha1
Downloaded https://repo1.maven.org/maven2/org/zeroturnaround/zt-zip/1.13/zt-zip-1.13.pom.sha1
Downloading https://repo1.maven.org/maven2/io/get-coursier/coursier-cache_2.12/1.1.0-M14-4/coursier-cache_2.12-1.1.0-M14-4.pom.sha1
Downloading https://repo1.maven.org/maven2/io/monix/monix-eval_2.12/2.3.3/monix-eval_2.12-2.3.3.pom.sha1
Downloading https://repo1.maven.org/maven2/net/jpountz/lz4/lz4/1.3.0/lz4-1.3.0.pom
Downloaded https://repo1.maven.org/maven2/io/monix/monix-eval_2.12/2.3.3/monix-eval_2.12-2.3.3.pom
Downloading https://repo1.maven.org/maven2/net/jpountz/lz4/lz4/1.3.0/lz4-1.3.0.pom.sha1
Downloaded https://repo1.maven.org/maven2/io/github/soc/directories/10/directories-10.pom
Downloading https://repo1.maven.org/maven2/ch/epfl/scala/case-app-annotations_2.12/1.2.0-faster-compile-time/case-app-annotations_2.12-1.2.0-faster-compile-time.pom
Downloaded https://repo1.maven.org/maven2/io/get-coursier/coursier-cache_2.12/1.1.0-M14-4/coursier-cache_2.12-1.1.0-M14-4.pom
Downloading https://repo1.maven.org/maven2/ch/epfl/scala/case-app-annotations_2.12/1.2.0-faster-compile-time/case-app-annotations_2.12-1.2.0-faster-compile-time.pom.sha1
Downloaded https://repo1.maven.org/maven2/io/monix/monix-eval_2.12/2.3.3/monix-eval_2.12-2.3.3.pom.sha1
Downloaded https://repo1.maven.org/maven2/io/get-coursier/coursier-cache_2.12/1.1.0-M14-4/coursier-cache_2.12-1.1.0-M14-4.pom.sha1
Downloading https://repo1.maven.org/maven2/ch/epfl/scala/case-app-util_2.12/1.2.0-faster-compile-time/case-app-util_2.12-1.2.0-faster-compile-time.pom
Downloading https://repo1.maven.org/maven2/ch/epfl/scala/case-app-util_2.12/1.2.0-faster-compile-time/case-app-util_2.12-1.2.0-faster-compile-time.pom.sha1
Downloaded https://repo1.maven.org/maven2/net/jpountz/lz4/lz4/1.3.0/lz4-1.3.0.pom
Downloaded https://repo1.maven.org/maven2/net/jpountz/lz4/lz4/1.3.0/lz4-1.3.0.pom.sha1
Downloading https://repo1.maven.org/maven2/io/circe/circe-derivation_2.12/0.9.0-M3/circe-derivation_2.12-0.9.0-M3.pom
Downloading https://repo1.maven.org/maven2/io/circe/circe-derivation_2.12/0.9.0-M3/circe-derivation_2.12-0.9.0-M3.pom.sha1
Downloaded https://repo1.maven.org/maven2/ch/epfl/scala/case-app-annotations_2.12/1.2.0-faster-compile-time/case-app-annotations_2.12-1.2.0-faster-compile-time.pom.sha1
Downloaded https://repo1.maven.org/maven2/ch/epfl/scala/case-app-annotations_2.12/1.2.0-faster-compile-time/case-app-annotations_2.12-1.2.0-faster-compile-time.pom
Downloading https://repo1.maven.org/maven2/org/ow2/asm/asm/6.0/asm-6.0.pom
Downloading https://repo1.maven.org/maven2/org/scalaz/scalaz-concurrent_2.12/7.2.20/scalaz-concurrent_2.12-7.2.20.pom
Downloaded https://repo1.maven.org/maven2/ch/epfl/scala/case-app-util_2.12/1.2.0-faster-compile-time/case-app-util_2.12-1.2.0-faster-compile-time.pom.sha1
Downloading https://repo1.maven.org/maven2/org/ow2/asm/asm/6.0/asm-6.0.pom.sha1
Downloaded https://repo1.maven.org/maven2/io/circe/circe-derivation_2.12/0.9.0-M3/circe-derivation_2.12-0.9.0-M3.pom.sha1
Downloading https://repo1.maven.org/maven2/ch/epfl/scala/bsp4s_2.12/2.0.0-M4/bsp4s_2.12-2.0.0-M4.pom
Downloaded https://repo1.maven.org/maven2/ch/epfl/scala/case-app-util_2.12/1.2.0-faster-compile-time/case-app-util_2.12-1.2.0-faster-compile-time.pom
Downloading https://repo1.maven.org/maven2/org/scalaz/scalaz-concurrent_2.12/7.2.20/scalaz-concurrent_2.12-7.2.20.pom.sha1
Downloaded https://repo1.maven.org/maven2/io/circe/circe-derivation_2.12/0.9.0-M3/circe-derivation_2.12-0.9.0-M3.pom
Downloading https://repo1.maven.org/maven2/ch/epfl/scala/bsp4s_2.12/2.0.0-M4/bsp4s_2.12-2.0.0-M4.pom.sha1
Downloaded https://repo1.maven.org/maven2/org/ow2/asm/asm/6.0/asm-6.0.pom
Downloading https://repo1.maven.org/maven2/org/ow2/asm/asm-util/6.0/asm-util-6.0.pom
Downloaded https://repo1.maven.org/maven2/org/scalaz/scalaz-concurrent_2.12/7.2.20/scalaz-concurrent_2.12-7.2.20.pom
Downloading https://repo1.maven.org/maven2/org/ow2/asm/asm-util/6.0/asm-util-6.0.pom.sha1
Downloaded https://repo1.maven.org/maven2/org/ow2/asm/asm/6.0/asm-6.0.pom.sha1
Downloading https://repo1.maven.org/maven2/org/scala-sbt/test-interface/1.0/test-interface-1.0.pom
Downloaded https://repo1.maven.org/maven2/ch/epfl/scala/bsp4s_2.12/2.0.0-M4/bsp4s_2.12-2.0.0-M4.pom.sha1
Downloading https://repo1.maven.org/maven2/org/scala-sbt/test-interface/1.0/test-interface-1.0.pom.sha1
Downloaded https://repo1.maven.org/maven2/org/scalaz/scalaz-concurrent_2.12/7.2.20/scalaz-concurrent_2.12-7.2.20.pom.sha1
Downloading https://repo1.maven.org/maven2/ch/epfl/scala/directory-watcher/0.8.0+6-f651bd93/directory-watcher-0.8.0+6-f651bd93.pom
Downloaded https://repo1.maven.org/maven2/ch/epfl/scala/bsp4s_2.12/2.0.0-M4/bsp4s_2.12-2.0.0-M4.pom
Downloading https://repo1.maven.org/maven2/ch/epfl/scala/directory-watcher/0.8.0+6-f651bd93/directory-watcher-0.8.0+6-f651bd93.pom.sha1
Downloaded https://repo1.maven.org/maven2/org/ow2/asm/asm-util/6.0/asm-util-6.0.pom
Downloading https://repo1.maven.org/maven2/io/circe/circe-parser_2.12/0.9.3/circe-parser_2.12-0.9.3.pom
Downloaded https://repo1.maven.org/maven2/org/scala-sbt/test-interface/1.0/test-interface-1.0.pom
Downloading https://repo1.maven.org/maven2/io/circe/circe-parser_2.12/0.9.3/circe-parser_2.12-0.9.3.pom.sha1
Downloaded https://repo1.maven.org/maven2/ch/epfl/scala/directory-watcher/0.8.0+6-f651bd93/directory-watcher-0.8.0+6-f651bd93.pom.sha1
Downloading https://repo1.maven.org/maven2/org/scala-sbt/librarymanagement-ivy_2.12/1.0.0/librarymanagement-ivy_2.12-1.0.0.pom
Downloaded https://repo1.maven.org/maven2/ch/epfl/scala/directory-watcher/0.8.0+6-f651bd93/directory-watcher-0.8.0+6-f651bd93.pom
Downloading https://repo1.maven.org/maven2/org/scala-sbt/librarymanagement-ivy_2.12/1.0.0/librarymanagement-ivy_2.12-1.0.0.pom.sha1
Downloaded https://repo1.maven.org/maven2/org/ow2/asm/asm-util/6.0/asm-util-6.0.pom.sha1
Downloading https://repo1.maven.org/maven2/com/lihaoyi/pprint_2.12/0.5.3/
Downloaded https://repo1.maven.org/maven2/org/scala-sbt/test-interface/1.0/test-interface-1.0.pom.sha1
Downloading https://repo1.maven.org/maven2/io/zipkin/brave/brave/5.6.1/brave-5.6.1.pom
Downloaded https://repo1.maven.org/maven2/io/circe/circe-parser_2.12/0.9.3/circe-parser_2.12-0.9.3.pom
Downloading https://repo1.maven.org/maven2/io/zipkin/brave/brave/5.6.1/brave-5.6.1.pom.sha1
Downloaded https://repo1.maven.org/maven2/io/circe/circe-parser_2.12/0.9.3/circe-parser_2.12-0.9.3.pom.sha1
Downloading https://repo1.maven.org/maven2/ch/epfl/scala/nailgun-server/ee3c4343/nailgun-server-ee3c4343.pom
Downloaded https://repo1.maven.org/maven2/io/zipkin/brave/brave/5.6.1/brave-5.6.1.pom
Downloading https://repo1.maven.org/maven2/ch/epfl/scala/nailgun-server/ee3c4343/nailgun-server-ee3c4343.pom.sha1
Downloaded https://repo1.maven.org/maven2/org/scala-sbt/librarymanagement-ivy_2.12/1.0.0/librarymanagement-ivy_2.12-1.0.0.pom
Downloading https://repo1.maven.org/maven2/io/monix/monix-reactive_2.12/2.3.3/monix-reactive_2.12-2.3.3.pom
Downloaded https://repo1.maven.org/maven2/org/scala-sbt/librarymanagement-ivy_2.12/1.0.0/librarymanagement-ivy_2.12-1.0.0.pom.sha1
Downloading https://repo1.maven.org/maven2/io/monix/monix-reactive_2.12/2.3.3/monix-reactive_2.12-2.3.3.pom.sha1
Downloaded https://repo1.maven.org/maven2/com/lihaoyi/pprint_2.12/0.5.3/
Downloading https://repo1.maven.org/maven2/ch/epfl/scala/zinc_2.12/1.3.0-M4+22-4704d479/zinc_2.12-1.3.0-M4+22-4704d479.pom
Downloaded https://repo1.maven.org/maven2/ch/epfl/scala/nailgun-server/ee3c4343/nailgun-server-ee3c4343.pom
Downloading https://repo1.maven.org/maven2/ch/epfl/scala/zinc_2.12/1.3.0-M4+22-4704d479/zinc_2.12-1.3.0-M4+22-4704d479.pom.sha1
Downloaded https://repo1.maven.org/maven2/io/zipkin/brave/brave/5.6.1/brave-5.6.1.pom.sha1
Downloaded https://repo1.maven.org/maven2/ch/epfl/scala/nailgun-server/ee3c4343/nailgun-server-ee3c4343.pom.sha1
Downloading https://repo1.maven.org/maven2/com/googlecode/java-diff-utils/diffutils/1.3.0/
Downloaded https://repo1.maven.org/maven2/ch/epfl/scala/zinc_2.12/1.3.0-M4+22-4704d479/zinc_2.12-1.3.0-M4+22-4704d479.pom
Downloading https://repo1.maven.org/maven2/com/lihaoyi/sourcecode_2.12/0.1.4/
Downloaded https://repo1.maven.org/maven2/io/monix/monix-reactive_2.12/2.3.3/monix-reactive_2.12-2.3.3.pom.sha1
Downloading https://repo1.maven.org/maven2/net/java/dev/jna/jna/4.5.1/
Downloaded https://repo1.maven.org/maven2/io/monix/monix-reactive_2.12/2.3.3/monix-reactive_2.12-2.3.3.pom
Downloading https://repo1.maven.org/maven2/io/get-coursier/coursier_2.12/1.1.0-M14-4/
Downloaded https://repo1.maven.org/maven2/ch/epfl/scala/zinc_2.12/1.3.0-M4+22-4704d479/zinc_2.12-1.3.0-M4+22-4704d479.pom.sha1
Downloading https://repo1.maven.org/maven2/io/monix/monix-types_2.12/2.3.3/
Downloading https://repo1.maven.org/maven2/io/zipkin/reporter2/zipkin-sender-urlconnection/2.7.15/
Downloaded https://repo1.maven.org/maven2/com/googlecode/java-diff-utils/diffutils/1.3.0/
Downloading https://repo1.maven.org/maven2/org/scala-sbt/test-agent/1.0.4/
Downloaded https://repo1.maven.org/maven2/com/lihaoyi/sourcecode_2.12/0.1.4/
Downloading https://repo1.maven.org/maven2/org/zeroturnaround/zt-zip/1.13/
Downloaded https://repo1.maven.org/maven2/net/java/dev/jna/jna/4.5.1/
Downloading https://repo1.maven.org/maven2/io/monix/monix-execution_2.12/2.3.3/
Downloaded https://repo1.maven.org/maven2/io/get-coursier/coursier_2.12/1.1.0-M14-4/
Downloading https://repo1.maven.org/maven2/io/circe/circe-parser_2.12/0.9.3/
Downloaded https://repo1.maven.org/maven2/io/monix/monix-types_2.12/2.3.3/
Downloading https://repo1.maven.org/maven2/io/github/soc/directories/10/
Downloaded https://repo1.maven.org/maven2/io/zipkin/reporter2/zipkin-sender-urlconnection/2.7.15/
Downloading https://repo1.maven.org/maven2/io/get-coursier/coursier-cache_2.12/1.1.0-M14-4/
Downloaded https://repo1.maven.org/maven2/org/scala-sbt/test-agent/1.0.4/
Downloading https://repo1.maven.org/maven2/io/monix/monix-eval_2.12/2.3.3/
Downloaded https://repo1.maven.org/maven2/org/zeroturnaround/zt-zip/1.13/
Downloading https://repo1.maven.org/maven2/net/jpountz/lz4/lz4/1.3.0/
Downloaded https://repo1.maven.org/maven2/io/monix/monix-execution_2.12/2.3.3/
Downloading https://repo1.maven.org/maven2/ch/epfl/scala/case-app-annotations_2.12/1.2.0-faster-compile-time/
Downloaded https://repo1.maven.org/maven2/io/github/soc/directories/10/
Downloading https://repo1.maven.org/maven2/ch/epfl/scala/case-app-util_2.12/1.2.0-faster-compile-time/
Downloaded https://repo1.maven.org/maven2/io/circe/circe-parser_2.12/0.9.3/
Downloading https://repo1.maven.org/maven2/io/circe/circe-derivation_2.12/0.9.0-M3/
Downloaded https://repo1.maven.org/maven2/io/get-coursier/coursier-cache_2.12/1.1.0-M14-4/
Downloading https://repo1.maven.org/maven2/org/ow2/asm/asm/6.0/
Downloaded https://repo1.maven.org/maven2/io/monix/monix-eval_2.12/2.3.3/
Downloading https://repo1.maven.org/maven2/org/scalaz/scalaz-concurrent_2.12/7.2.20/
Downloaded https://repo1.maven.org/maven2/net/jpountz/lz4/lz4/1.3.0/
Downloading https://repo1.maven.org/maven2/ch/epfl/scala/bsp4s_2.12/2.0.0-M4/
Downloaded https://repo1.maven.org/maven2/ch/epfl/scala/case-app-annotations_2.12/1.2.0-faster-compile-time/
Downloading https://repo1.maven.org/maven2/org/ow2/asm/asm-util/6.0/
Downloaded https://repo1.maven.org/maven2/ch/epfl/scala/case-app-util_2.12/1.2.0-faster-compile-time/
Downloading https://repo1.maven.org/maven2/org/scala-sbt/test-interface/1.0/
Downloaded https://repo1.maven.org/maven2/io/circe/circe-derivation_2.12/0.9.0-M3/
Downloading https://repo1.maven.org/maven2/io/zipkin/brave/brave/5.6.1/
Downloaded https://repo1.maven.org/maven2/org/ow2/asm/asm/6.0/
Downloading https://repo1.maven.org/maven2/org/scala-sbt/librarymanagement-ivy_2.12/1.0.0/
Downloaded https://repo1.maven.org/maven2/org/scalaz/scalaz-concurrent_2.12/7.2.20/
Downloading https://repo1.maven.org/maven2/ch/epfl/scala/directory-watcher/0.8.0+6-f651bd93/
Downloaded https://repo1.maven.org/maven2/ch/epfl/scala/bsp4s_2.12/2.0.0-M4/
Downloading https://repo1.maven.org/maven2/ch/epfl/scala/nailgun-server/ee3c4343/
Downloaded https://repo1.maven.org/maven2/org/ow2/asm/asm-util/6.0/
Downloaded https://repo1.maven.org/maven2/io/zipkin/brave/brave/5.6.1/
Downloaded https://repo1.maven.org/maven2/org/scala-sbt/librarymanagement-ivy_2.12/1.0.0/
Downloaded https://repo1.maven.org/maven2/org/scala-sbt/test-interface/1.0/
Downloaded https://repo1.maven.org/maven2/ch/epfl/scala/nailgun-server/ee3c4343/
Downloaded https://repo1.maven.org/maven2/ch/epfl/scala/directory-watcher/0.8.0+6-f651bd93/
Downloading https://repo1.maven.org/maven2/ch/epfl/scala/zinc_2.12/1.3.0-M4+22-4704d479/
Downloading https://repo1.maven.org/maven2/io/monix/monix-reactive_2.12/2.3.3/
Downloaded https://repo1.maven.org/maven2/io/monix/monix-reactive_2.12/2.3.3/
Downloaded https://repo1.maven.org/maven2/ch/epfl/scala/zinc_2.12/1.3.0-M4+22-4704d479/
Downloading https://repo1.maven.org/maven2/io/zipkin/brave/brave-parent/5.6.1/brave-parent-5.6.1.pom
Downloading https://repo1.maven.org/maven2/io/zipkin/brave/brave-parent/5.6.1/brave-parent-5.6.1.pom.sha1
Downloading https://repo1.maven.org/maven2/org/ow2/asm/asm-parent/6.0/asm-parent-6.0.pom
Downloading https://repo1.maven.org/maven2/org/ow2/asm/asm-parent/6.0/asm-parent-6.0.pom.sha1
Downloading https://repo1.maven.org/maven2/io/zipkin/reporter2/zipkin-reporter-parent/2.7.15/zipkin-reporter-parent-2.7.15.pom
Downloading https://repo1.maven.org/maven2/io/zipkin/reporter2/zipkin-reporter-parent/2.7.15/zipkin-reporter-parent-2.7.15.pom.sha1
Downloaded https://repo1.maven.org/maven2/io/zipkin/brave/brave-parent/5.6.1/brave-parent-5.6.1.pom.sha1
Downloaded https://repo1.maven.org/maven2/org/ow2/asm/asm-parent/6.0/asm-parent-6.0.pom.sha1
Downloaded https://repo1.maven.org/maven2/org/ow2/asm/asm-parent/6.0/asm-parent-6.0.pom
Downloading https://repo1.maven.org/maven2/org/ow2/asm/asm-parent/6.0/
Downloaded https://repo1.maven.org/maven2/io/zipkin/brave/brave-parent/5.6.1/brave-parent-5.6.1.pom
Downloading https://repo1.maven.org/maven2/io/zipkin/brave/brave-parent/5.6.1/
Downloaded https://repo1.maven.org/maven2/io/zipkin/reporter2/zipkin-reporter-parent/2.7.15/zipkin-reporter-parent-2.7.15.pom
Downloaded https://repo1.maven.org/maven2/org/ow2/asm/asm-parent/6.0/
Downloaded https://repo1.maven.org/maven2/io/zipkin/brave/brave-parent/5.6.1/
Downloaded https://repo1.maven.org/maven2/io/zipkin/reporter2/zipkin-reporter-parent/2.7.15/zipkin-reporter-parent-2.7.15.pom.sha1
Downloading https://repo1.maven.org/maven2/io/zipkin/reporter2/zipkin-reporter-parent/2.7.15/
Downloaded https://repo1.maven.org/maven2/io/zipkin/reporter2/zipkin-reporter-parent/2.7.15/
Downloading https://repo1.maven.org/maven2/org/ow2/ow2/1.3/ow2-1.3.pom.sha1
Downloading https://repo1.maven.org/maven2/org/ow2/ow2/1.3/ow2-1.3.pom
Downloaded https://repo1.maven.org/maven2/org/ow2/ow2/1.3/ow2-1.3.pom.sha1
Downloaded https://repo1.maven.org/maven2/org/ow2/ow2/1.3/ow2-1.3.pom
Downloading https://repo1.maven.org/maven2/org/ow2/ow2/1.3/
Downloaded https://repo1.maven.org/maven2/org/ow2/ow2/1.3/
Downloading https://repo1.maven.org/maven2/com/google/protobuf/protobuf-java/3.7.0/protobuf-java-3.7.0.pom.sha1
Downloading https://repo1.maven.org/maven2/ch/epfl/scala/zinc-persist_2.12/1.3.0-M4+22-4704d479/zinc-persist_2.12-1.3.0-M4+22-4704d479.pom
Downloading https://repo1.maven.org/maven2/ch/epfl/scala/zinc-persist_2.12/1.3.0-M4+22-4704d479/zinc-persist_2.12-1.3.0-M4+22-4704d479.pom.sha1
Downloading https://repo1.maven.org/maven2/io/circe/circe-core_2.12/0.9.3/circe-core_2.12-0.9.3.pom.sha1
Downloading https://repo1.maven.org/maven2/io/circe/circe-core_2.12/0.9.3/circe-core_2.12-0.9.3.pom
Downloading https://repo1.maven.org/maven2/ch/epfl/scala/zinc-core_2.12/1.3.0-M4+22-4704d479/zinc-core_2.12-1.3.0-M4+22-4704d479.pom.sha1
Downloaded https://repo1.maven.org/maven2/com/google/protobuf/protobuf-java/3.7.0/protobuf-java-3.7.0.pom.sha1
Downloading https://repo1.maven.org/maven2/ch/epfl/scala/zinc-core_2.12/1.3.0-M4+22-4704d479/zinc-core_2.12-1.3.0-M4+22-4704d479.pom
Downloaded https://repo1.maven.org/maven2/io/circe/circe-core_2.12/0.9.3/circe-core_2.12-0.9.3.pom
Downloading https://repo1.maven.org/maven2/com/google/protobuf/protobuf-java/3.7.0/protobuf-java-3.7.0.pom
Downloaded https://repo1.maven.org/maven2/ch/epfl/scala/zinc-core_2.12/1.3.0-M4+22-4704d479/zinc-core_2.12-1.3.0-M4+22-4704d479.pom.sha1
Downloading https://repo1.maven.org/maven2/io/zipkin/zipkin2/zipkin/2.12.1/zipkin-2.12.1.pom
Downloaded https://repo1.maven.org/maven2/ch/epfl/scala/zinc-persist_2.12/1.3.0-M4+22-4704d479/zinc-persist_2.12-1.3.0-M4+22-4704d479.pom
Downloading https://repo1.maven.org/maven2/io/zipkin/zipkin2/zipkin/2.12.1/zipkin-2.12.1.pom.sha1
Downloaded https://repo1.maven.org/maven2/io/circe/circe-core_2.12/0.9.3/circe-core_2.12-0.9.3.pom.sha1
Downloading https://repo1.maven.org/maven2/org/scala-sbt/ivy/ivy/2.3.0-sbt-a3314352b638afbf0dca19f127e8263ed6f898bd/ivy-2.3.0-sbt-a3314352b638afbf0dca19f127e8263ed6f898bd.pom.sha1
Downloaded https://repo1.maven.org/maven2/ch/epfl/scala/zinc-core_2.12/1.3.0-M4+22-4704d479/zinc-core_2.12-1.3.0-M4+22-4704d479.pom
Downloading https://repo1.maven.org/maven2/org/typelevel/macro-compat_2.12/1.1.1/macro-compat_2.12-1.1.1.pom
Downloaded https://repo1.maven.org/maven2/io/zipkin/zipkin2/zipkin/2.12.1/zipkin-2.12.1.pom
Downloading https://repo1.maven.org/maven2/org/typelevel/macro-compat_2.12/1.1.1/macro-compat_2.12-1.1.1.pom.sha1
Downloaded https://repo1.maven.org/maven2/com/google/protobuf/protobuf-java/3.7.0/protobuf-java-3.7.0.pom
Downloaded https://repo1.maven.org/maven2/org/scala-sbt/ivy/ivy/2.3.0-sbt-a3314352b638afbf0dca19f127e8263ed6f898bd/ivy-2.3.0-sbt-a3314352b638afbf0dca19f127e8263ed6f898bd.pom.sha1
Downloading https://repo1.maven.org/maven2/org/scalaz/scalaz-effect_2.12/7.2.20/scalaz-effect_2.12-7.2.20.pom
Downloaded https://repo1.maven.org/maven2/io/zipkin/zipkin2/zipkin/2.12.1/zipkin-2.12.1.pom.sha1
Downloading https://repo1.maven.org/maven2/org/scalaz/scalaz-effect_2.12/7.2.20/scalaz-effect_2.12-7.2.20.pom.sha1
Downloading https://repo1.maven.org/maven2/org/scala-sbt/ivy/ivy/2.3.0-sbt-a3314352b638afbf0dca19f127e8263ed6f898bd/ivy-2.3.0-sbt-a3314352b638afbf0dca19f127e8263ed6f898bd.pom
Downloaded https://repo1.maven.org/maven2/org/typelevel/macro-compat_2.12/1.1.1/macro-compat_2.12-1.1.1.pom
Downloading https://repo1.maven.org/maven2/com/github/alexarchambault/argonaut-shapeless_6.2_2.12/1.2.0-M11/argonaut-shapeless_6.2_2.12-1.2.0-M11.pom
Downloaded https://repo1.maven.org/maven2/org/scalaz/scalaz-effect_2.12/7.2.20/scalaz-effect_2.12-7.2.20.pom.sha1
Downloading https://repo1.maven.org/maven2/com/github/alexarchambault/argonaut-shapeless_6.2_2.12/1.2.0-M11/argonaut-shapeless_6.2_2.12-1.2.0-M11.pom.sha1
Downloaded https://repo1.maven.org/maven2/org/typelevel/macro-compat_2.12/1.1.1/macro-compat_2.12-1.1.1.pom.sha1
Downloading https://repo1.maven.org/maven2/net/java/dev/jna/jna/4.5.2/jna-4.5.2.pom
Downloaded https://repo1.maven.org/maven2/ch/epfl/scala/zinc-persist_2.12/1.3.0-M4+22-4704d479/zinc-persist_2.12-1.3.0-M4+22-4704d479.pom.sha1
Downloading https://repo1.maven.org/maven2/net/java/dev/jna/jna/4.5.2/jna-4.5.2.pom.sha1
Downloaded https://repo1.maven.org/maven2/org/scalaz/scalaz-effect_2.12/7.2.20/scalaz-effect_2.12-7.2.20.pom
Downloading https://repo1.maven.org/maven2/org/jctools/jctools-core/2.0.1/jctools-core-2.0.1.pom
Downloaded https://repo1.maven.org/maven2/org/scala-sbt/ivy/ivy/2.3.0-sbt-a3314352b638afbf0dca19f127e8263ed6f898bd/ivy-2.3.0-sbt-a3314352b638afbf0dca19f127e8263ed6f898bd.pom
Downloading https://repo1.maven.org/maven2/org/jctools/jctools-core/2.0.1/jctools-core-2.0.1.pom.sha1
Downloaded https://repo1.maven.org/maven2/com/github/alexarchambault/argonaut-shapeless_6.2_2.12/1.2.0-M11/argonaut-shapeless_6.2_2.12-1.2.0-M11.pom
Downloading https://repo1.maven.org/maven2/io/circe/circe-derivation_2.12/0.9.0-M4/circe-derivation_2.12-0.9.0-M4.pom
Downloaded https://repo1.maven.org/maven2/net/java/dev/jna/jna/4.5.2/jna-4.5.2.pom
Downloading https://repo1.maven.org/maven2/io/circe/circe-derivation_2.12/0.9.0-M4/circe-derivation_2.12-0.9.0-M4.pom.sha1
Downloaded https://repo1.maven.org/maven2/net/java/dev/jna/jna/4.5.2/jna-4.5.2.pom.sha1
Downloading https://repo1.maven.org/maven2/org/slf4j/slf4j-api/1.7.26/slf4j-api-1.7.26.pom
Downloaded https://repo1.maven.org/maven2/org/jctools/jctools-core/2.0.1/jctools-core-2.0.1.pom
Downloading https://repo1.maven.org/maven2/org/slf4j/slf4j-api/1.7.26/slf4j-api-1.7.26.pom.sha1
Downloaded https://repo1.maven.org/maven2/org/jctools/jctools-core/2.0.1/jctools-core-2.0.1.pom.sha1
Downloading https://repo1.maven.org/maven2/org/scalameta/lsp4s_2.12/0.2.0/lsp4s_2.12-0.2.0.pom
Downloaded https://repo1.maven.org/maven2/com/github/alexarchambault/argonaut-shapeless_6.2_2.12/1.2.0-M11/argonaut-shapeless_6.2_2.12-1.2.0-M11.pom.sha1
Downloading https://repo1.maven.org/maven2/com/chuusai/shapeless_2.12/2.3.2/shapeless_2.12-2.3.2.pom
Downloaded https://repo1.maven.org/maven2/io/circe/circe-derivation_2.12/0.9.0-M4/circe-derivation_2.12-0.9.0-M4.pom
Downloading https://repo1.maven.org/maven2/com/chuusai/shapeless_2.12/2.3.2/shapeless_2.12-2.3.2.pom.sha1
Downloaded https://repo1.maven.org/maven2/io/circe/circe-derivation_2.12/0.9.0-M4/circe-derivation_2.12-0.9.0-M4.pom.sha1
Downloaded https://repo1.maven.org/maven2/org/slf4j/slf4j-api/1.7.26/slf4j-api-1.7.26.pom
Downloading https://repo1.maven.org/maven2/org/scalameta/lsp4s_2.12/0.2.0/lsp4s_2.12-0.2.0.pom.sha1
Downloading https://repo1.maven.org/maven2/org/reactivestreams/reactive-streams/1.0.0/reactive-streams-1.0.0.pom
Downloaded https://repo1.maven.org/maven2/org/slf4j/slf4j-api/1.7.26/slf4j-api-1.7.26.pom.sha1
Downloading https://repo1.maven.org/maven2/org/reactivestreams/reactive-streams/1.0.0/reactive-streams-1.0.0.pom.sha1
Downloaded https://repo1.maven.org/maven2/org/scalameta/lsp4s_2.12/0.2.0/lsp4s_2.12-0.2.0.pom
Downloading https://repo1.maven.org/maven2/org/scala-sbt/librarymanagement-core_2.12/1.0.0/librarymanagement-core_2.12-1.0.0.pom
Downloaded https://repo1.maven.org/maven2/com/chuusai/shapeless_2.12/2.3.2/shapeless_2.12-2.3.2.pom
Downloading https://repo1.maven.org/maven2/org/scala-sbt/librarymanagement-core_2.12/1.0.0/librarymanagement-core_2.12-1.0.0.pom.sha1
Downloaded https://repo1.maven.org/maven2/com/chuusai/shapeless_2.12/2.3.2/shapeless_2.12-2.3.2.pom.sha1
Downloading https://repo1.maven.org/maven2/io/circe/circe-jawn_2.12/0.9.3/circe-jawn_2.12-0.9.3.pom
Downloaded https://repo1.maven.org/maven2/org/scalameta/lsp4s_2.12/0.2.0/lsp4s_2.12-0.2.0.pom.sha1
Downloading https://repo1.maven.org/maven2/io/circe/circe-jawn_2.12/0.9.3/circe-jawn_2.12-0.9.3.pom.sha1
Downloaded https://repo1.maven.org/maven2/org/reactivestreams/reactive-streams/1.0.0/reactive-streams-1.0.0.pom
Downloading https://repo1.maven.org/maven2/io/get-coursier/coursier-core_2.12/1.1.0-M14-4/coursier-core_2.12-1.1.0-M14-4.pom
Downloaded https://repo1.maven.org/maven2/org/reactivestreams/reactive-streams/1.0.0/reactive-streams-1.0.0.pom.sha1
Downloading https://repo1.maven.org/maven2/io/get-coursier/coursier-core_2.12/1.1.0-M14-4/coursier-core_2.12-1.1.0-M14-4.pom.sha1
Downloaded https://repo1.maven.org/maven2/org/scala-sbt/librarymanagement-core_2.12/1.0.0/librarymanagement-core_2.12-1.0.0.pom.sha1
Downloading https://repo1.maven.org/maven2/ch/epfl/scala/zinc-compile-core_2.12/1.3.0-M4+22-4704d479/zinc-compile-core_2.12-1.3.0-M4+22-4704d479.pom
Downloaded https://repo1.maven.org/maven2/org/scala-sbt/librarymanagement-core_2.12/1.0.0/librarymanagement-core_2.12-1.0.0.pom
Downloading https://repo1.maven.org/maven2/ch/epfl/scala/zinc-compile-core_2.12/1.3.0-M4+22-4704d479/zinc-compile-core_2.12-1.3.0-M4+22-4704d479.pom.sha1
Downloaded https://repo1.maven.org/maven2/io/circe/circe-jawn_2.12/0.9.3/circe-jawn_2.12-0.9.3.pom
Downloading https://repo1.maven.org/maven2/org/ow2/asm/asm-tree/6.0/asm-tree-6.0.pom
Downloaded https://repo1.maven.org/maven2/io/get-coursier/coursier-core_2.12/1.1.0-M14-4/coursier-core_2.12-1.1.0-M14-4.pom
Downloading https://repo1.maven.org/maven2/org/ow2/asm/asm-tree/6.0/asm-tree-6.0.pom.sha1
Downloaded https://repo1.maven.org/maven2/io/get-coursier/coursier-core_2.12/1.1.0-M14-4/coursier-core_2.12-1.1.0-M14-4.pom.sha1
Downloading https://repo1.maven.org/maven2/ch/epfl/scala/zinc-classfile_2.12/1.3.0-M4+22-4704d479/zinc-classfile_2.12-1.3.0-M4+22-4704d479.pom.sha1
Downloaded https://repo1.maven.org/maven2/io/circe/circe-jawn_2.12/0.9.3/circe-jawn_2.12-0.9.3.pom.sha1
Downloading https://repo1.maven.org/maven2/ch/epfl/scala/zinc-classfile_2.12/1.3.0-M4+22-4704d479/zinc-classfile_2.12-1.3.0-M4+22-4704d479.pom
Downloaded https://repo1.maven.org/maven2/ch/epfl/scala/zinc-compile-core_2.12/1.3.0-M4+22-4704d479/zinc-compile-core_2.12-1.3.0-M4+22-4704d479.pom.sha1
Downloaded https://repo1.maven.org/maven2/org/ow2/asm/asm-tree/6.0/asm-tree-6.0.pom
Downloading https://repo1.maven.org/maven2/com/lihaoyi/fansi_2.12/0.2.5/
Downloaded https://repo1.maven.org/maven2/org/ow2/asm/asm-tree/6.0/asm-tree-6.0.pom.sha1
Downloaded https://repo1.maven.org/maven2/ch/epfl/scala/zinc-classfile_2.12/1.3.0-M4+22-4704d479/zinc-classfile_2.12-1.3.0-M4+22-4704d479.pom
Downloaded https://repo1.maven.org/maven2/ch/epfl/scala/zinc-classfile_2.12/1.3.0-M4+22-4704d479/zinc-classfile_2.12-1.3.0-M4+22-4704d479.pom.sha1
Downloading https://repo1.maven.org/maven2/io/circe/circe-core_2.12/0.9.3/
Downloading https://repo1.maven.org/maven2/ch/epfl/scala/zinc-core_2.12/1.3.0-M4+22-4704d479/
Downloading https://repo1.maven.org/maven2/com/google/protobuf/protobuf-java/3.7.0/
Downloading https://repo1.maven.org/maven2/io/zipkin/zipkin2/zipkin/2.12.1/
Downloaded https://repo1.maven.org/maven2/ch/epfl/scala/zinc-compile-core_2.12/1.3.0-M4+22-4704d479/zinc-compile-core_2.12-1.3.0-M4+22-4704d479.pom
Downloading https://repo1.maven.org/maven2/org/typelevel/macro-compat_2.12/1.1.1/
Downloaded https://repo1.maven.org/maven2/com/lihaoyi/fansi_2.12/0.2.5/
Downloading https://repo1.maven.org/maven2/org/scalaz/scalaz-effect_2.12/7.2.20/
Downloaded https://repo1.maven.org/maven2/ch/epfl/scala/zinc-core_2.12/1.3.0-M4+22-4704d479/
Downloading https://repo1.maven.org/maven2/org/scala-sbt/ivy/ivy/2.3.0-sbt-a3314352b638afbf0dca19f127e8263ed6f898bd/
Downloaded https://repo1.maven.org/maven2/io/zipkin/zipkin2/zipkin/2.12.1/
Downloaded https://repo1.maven.org/maven2/org/typelevel/macro-compat_2.12/1.1.1/
Downloading https://repo1.maven.org/maven2/ch/epfl/scala/zinc-persist_2.12/1.3.0-M4+22-4704d479/
Downloading https://repo1.maven.org/maven2/com/github/alexarchambault/argonaut-shapeless_6.2_2.12/1.2.0-M11/
Downloaded https://repo1.maven.org/maven2/com/google/protobuf/protobuf-java/3.7.0/
Downloading https://repo1.maven.org/maven2/net/java/dev/jna/jna/4.5.2/
Downloaded https://repo1.maven.org/maven2/org/scalaz/scalaz-effect_2.12/7.2.20/
Downloading https://repo1.maven.org/maven2/org/jctools/jctools-core/2.0.1/
Downloaded https://repo1.maven.org/maven2/org/scala-sbt/ivy/ivy/2.3.0-sbt-a3314352b638afbf0dca19f127e8263ed6f898bd/
Downloading https://repo1.maven.org/maven2/org/slf4j/slf4j-api/1.7.26/
Downloaded https://repo1.maven.org/maven2/io/circe/circe-core_2.12/0.9.3/
Downloading https://repo1.maven.org/maven2/io/zipkin/reporter2/zipkin-reporter/2.7.15/zipkin-reporter-2.7.15.pom
Downloaded https://repo1.maven.org/maven2/ch/epfl/scala/zinc-persist_2.12/1.3.0-M4+22-4704d479/
Downloading https://repo1.maven.org/maven2/io/zipkin/reporter2/zipkin-reporter/2.7.15/zipkin-reporter-2.7.15.pom.sha1
Downloaded https://repo1.maven.org/maven2/org/jctools/jctools-core/2.0.1/
Downloading https://repo1.maven.org/maven2/org/scalameta/lsp4s_2.12/0.2.0/
Downloaded https://repo1.maven.org/maven2/com/github/alexarchambault/argonaut-shapeless_6.2_2.12/1.2.0-M11/
Downloaded https://repo1.maven.org/maven2/org/slf4j/slf4j-api/1.7.26/
Downloading https://repo1.maven.org/maven2/org/reactivestreams/reactive-streams/1.0.0/
Downloading https://repo1.maven.org/maven2/io/circe/circe-jawn_2.12/0.9.3/
Downloaded https://repo1.maven.org/maven2/net/java/dev/jna/jna/4.5.2/
Downloading https://repo1.maven.org/maven2/io/get-coursier/coursier-core_2.12/1.1.0-M14-4/
Downloaded https://repo1.maven.org/maven2/io/zipkin/reporter2/zipkin-reporter/2.7.15/zipkin-reporter-2.7.15.pom.sha1
Downloading https://repo1.maven.org/maven2/com/chuusai/shapeless_2.12/2.3.2/
Downloaded https://repo1.maven.org/maven2/org/reactivestreams/reactive-streams/1.0.0/
Downloading https://repo1.maven.org/maven2/org/scala-sbt/librarymanagement-core_2.12/1.0.0/
Downloaded https://repo1.maven.org/maven2/io/circe/circe-jawn_2.12/0.9.3/
Downloading https://repo1.maven.org/maven2/io/circe/circe-derivation_2.12/0.9.0-M4/
Downloaded https://repo1.maven.org/maven2/io/get-coursier/coursier-core_2.12/1.1.0-M14-4/
Downloading https://repo1.maven.org/maven2/com/eed3si9n/sjson-new-core_2.12/0.8.0/sjson-new-core_2.12-0.8.0.pom
Downloaded https://repo1.maven.org/maven2/org/scalameta/lsp4s_2.12/0.2.0/
Downloading https://repo1.maven.org/maven2/com/eed3si9n/sjson-new-core_2.12/0.8.0/sjson-new-core_2.12-0.8.0.pom.sha1
Downloaded https://repo1.maven.org/maven2/org/scala-sbt/librarymanagement-core_2.12/1.0.0/
Downloading https://repo1.maven.org/maven2/org/ow2/asm/asm-tree/6.0/
Downloaded https://repo1.maven.org/maven2/io/circe/circe-derivation_2.12/0.9.0-M4/
Downloading https://repo1.maven.org/maven2/ch/epfl/scala/zinc-classfile_2.12/1.3.0-M4+22-4704d479/
Downloaded https://repo1.maven.org/maven2/com/eed3si9n/sjson-new-core_2.12/0.8.0/sjson-new-core_2.12-0.8.0.pom
Downloaded https://repo1.maven.org/maven2/com/chuusai/shapeless_2.12/2.3.2/
Downloading https://repo1.maven.org/maven2/ch/epfl/scala/zinc-compile-core_2.12/1.3.0-M4+22-4704d479/
Downloaded https://repo1.maven.org/maven2/com/eed3si9n/sjson-new-core_2.12/0.8.0/sjson-new-core_2.12-0.8.0.pom.sha1
Downloaded https://repo1.maven.org/maven2/org/ow2/asm/asm-tree/6.0/
Downloaded https://repo1.maven.org/maven2/ch/epfl/scala/zinc-classfile_2.12/1.3.0-M4+22-4704d479/
Downloaded https://repo1.maven.org/maven2/ch/epfl/scala/zinc-compile-core_2.12/1.3.0-M4+22-4704d479/
Downloaded https://repo1.maven.org/maven2/io/zipkin/reporter2/zipkin-reporter/2.7.15/zipkin-reporter-2.7.15.pom
Downloading https://repo1.maven.org/maven2/com/eed3si9n/sjson-new-core_2.12/0.8.0/
Downloading https://repo1.maven.org/maven2/io/zipkin/reporter2/zipkin-reporter/2.7.15/
Downloaded https://repo1.maven.org/maven2/com/eed3si9n/sjson-new-core_2.12/0.8.0/
Downloaded https://repo1.maven.org/maven2/io/zipkin/reporter2/zipkin-reporter/2.7.15/
Downloading https://repo1.maven.org/maven2/com/google/protobuf/protobuf-parent/3.7.0/protobuf-parent-3.7.0.pom
Downloading https://repo1.maven.org/maven2/com/google/protobuf/protobuf-parent/3.7.0/protobuf-parent-3.7.0.pom.sha1
Downloading https://repo1.maven.org/maven2/io/zipkin/zipkin2/parent/2.12.1/parent-2.12.1.pom
Downloading https://repo1.maven.org/maven2/io/zipkin/zipkin2/parent/2.12.1/parent-2.12.1.pom.sha1
Downloading https://repo1.maven.org/maven2/org/slf4j/slf4j-parent/1.7.26/slf4j-parent-1.7.26.pom
Downloading https://repo1.maven.org/maven2/org/slf4j/slf4j-parent/1.7.26/slf4j-parent-1.7.26.pom.sha1
Downloaded https://repo1.maven.org/maven2/com/google/protobuf/protobuf-parent/3.7.0/protobuf-parent-3.7.0.pom.sha1
Downloaded https://repo1.maven.org/maven2/com/google/protobuf/protobuf-parent/3.7.0/protobuf-parent-3.7.0.pom
Downloading https://repo1.maven.org/maven2/com/google/protobuf/protobuf-parent/3.7.0/
Downloaded https://repo1.maven.org/maven2/io/zipkin/zipkin2/parent/2.12.1/parent-2.12.1.pom
Downloaded https://repo1.maven.org/maven2/io/zipkin/zipkin2/parent/2.12.1/parent-2.12.1.pom.sha1
Downloading https://repo1.maven.org/maven2/io/zipkin/zipkin2/parent/2.12.1/
Downloaded https://repo1.maven.org/maven2/org/slf4j/slf4j-parent/1.7.26/slf4j-parent-1.7.26.pom
Downloaded https://repo1.maven.org/maven2/com/google/protobuf/protobuf-parent/3.7.0/
Downloaded https://repo1.maven.org/maven2/io/zipkin/zipkin2/parent/2.12.1/
Downloaded https://repo1.maven.org/maven2/org/slf4j/slf4j-parent/1.7.26/slf4j-parent-1.7.26.pom.sha1
Downloading https://repo1.maven.org/maven2/org/slf4j/slf4j-parent/1.7.26/
Downloaded https://repo1.maven.org/maven2/org/slf4j/slf4j-parent/1.7.26/
Downloading https://repo1.maven.org/maven2/com/google/protobuf/protobuf-bom/3.7.0/protobuf-bom-3.7.0.pom
Downloading https://repo1.maven.org/maven2/com/google/protobuf/protobuf-bom/3.7.0/protobuf-bom-3.7.0.pom.sha1
Downloaded https://repo1.maven.org/maven2/com/google/protobuf/protobuf-bom/3.7.0/protobuf-bom-3.7.0.pom.sha1
Downloaded https://repo1.maven.org/maven2/com/google/protobuf/protobuf-bom/3.7.0/protobuf-bom-3.7.0.pom
Downloading https://repo1.maven.org/maven2/com/google/protobuf/protobuf-bom/3.7.0/
Downloaded https://repo1.maven.org/maven2/com/google/protobuf/protobuf-bom/3.7.0/
Downloading https://repo1.maven.org/maven2/org/scala-sbt/launcher-interface/1.0.0/launcher-interface-1.0.0.pom
Downloading https://repo1.maven.org/maven2/org/scala-sbt/util-cache_2.12/1.0.0/util-cache_2.12-1.0.0.pom.sha1
Downloading https://repo1.maven.org/maven2/org/scala-sbt/util-cache_2.12/1.0.0/util-cache_2.12-1.0.0.pom
Downloading https://repo1.maven.org/maven2/org/scala-sbt/launcher-interface/1.0.0/launcher-interface-1.0.0.pom.sha1
Downloading https://repo1.maven.org/maven2/com/beachape/enumeratum_2.12/1.5.13/enumeratum_2.12-1.5.13.pom
Downloading https://repo1.maven.org/maven2/com/beachape/enumeratum_2.12/1.5.13/enumeratum_2.12-1.5.13.pom.sha1
Downloaded https://repo1.maven.org/maven2/org/scala-sbt/util-cache_2.12/1.0.0/util-cache_2.12-1.0.0.pom.sha1
Downloading https://repo1.maven.org/maven2/io/circe/circe-numbers_2.12/0.9.3/circe-numbers_2.12-0.9.3.pom
Downloaded https://repo1.maven.org/maven2/org/scala-sbt/launcher-interface/1.0.0/launcher-interface-1.0.0.pom.sha1
Downloading https://repo1.maven.org/maven2/io/circe/circe-numbers_2.12/0.9.3/circe-numbers_2.12-0.9.3.pom.sha1
Downloaded https://repo1.maven.org/maven2/com/beachape/enumeratum_2.12/1.5.13/enumeratum_2.12-1.5.13.pom
Downloading https://repo1.maven.org/maven2/com/jcraft/jsch/0.1.46/jsch-0.1.46.pom
Downloaded https://repo1.maven.org/maven2/org/scala-sbt/launcher-interface/1.0.0/launcher-interface-1.0.0.pom
Downloading https://repo1.maven.org/maven2/com/jcraft/jsch/0.1.46/jsch-0.1.46.pom.sha1
Downloaded https://repo1.maven.org/maven2/org/scala-sbt/util-cache_2.12/1.0.0/util-cache_2.12-1.0.0.pom
Downloading https://repo1.maven.org/maven2/org/scala-lang/modules/scala-xml_2.12/1.2.0/scala-xml_2.12-1.2.0.pom
Downloaded https://repo1.maven.org/maven2/com/jcraft/jsch/0.1.46/jsch-0.1.46.pom
Downloading https://repo1.maven.org/maven2/org/scala-lang/modules/scala-xml_2.12/1.2.0/scala-xml_2.12-1.2.0.pom.sha1
Downloaded https://repo1.maven.org/maven2/io/circe/circe-numbers_2.12/0.9.3/circe-numbers_2.12-0.9.3.pom
Downloading https://repo1.maven.org/maven2/com/eed3si9n/gigahorse-okhttp_2.12/0.3.0/gigahorse-okhttp_2.12-0.3.0.pom
Downloaded https://repo1.maven.org/maven2/org/scala-lang/modules/scala-xml_2.12/1.2.0/scala-xml_2.12-1.2.0.pom
Downloading https://repo1.maven.org/maven2/com/eed3si9n/gigahorse-okhttp_2.12/0.3.0/gigahorse-okhttp_2.12-0.3.0.pom.sha1
Downloaded https://repo1.maven.org/maven2/com/jcraft/jsch/0.1.46/jsch-0.1.46.pom.sha1
Downloading https://repo1.maven.org/maven2/ch/epfl/scala/zinc-classpath_2.12/1.3.0-M4+22-4704d479/zinc-classpath_2.12-1.3.0-M4+22-4704d479.pom
Downloaded https://repo1.maven.org/maven2/io/circe/circe-numbers_2.12/0.9.3/circe-numbers_2.12-0.9.3.pom.sha1
Downloading https://repo1.maven.org/maven2/ch/epfl/scala/zinc-classpath_2.12/1.3.0-M4+22-4704d479/zinc-classpath_2.12-1.3.0-M4+22-4704d479.pom.sha1
Downloaded https://repo1.maven.org/maven2/com/beachape/enumeratum_2.12/1.5.13/enumeratum_2.12-1.5.13.pom.sha1
Downloading https://repo1.maven.org/maven2/org/typelevel/cats-core_2.12/1.0.1/cats-core_2.12-1.0.1.pom
Downloaded https://repo1.maven.org/maven2/com/eed3si9n/gigahorse-okhttp_2.12/0.3.0/gigahorse-okhttp_2.12-0.3.0.pom.sha1
Downloaded https://repo1.maven.org/maven2/org/scala-lang/modules/scala-xml_2.12/1.2.0/scala-xml_2.12-1.2.0.pom.sha1
Downloading https://repo1.maven.org/maven2/org/typelevel/cats-core_2.12/1.0.1/cats-core_2.12-1.0.1.pom.sha1
Downloaded https://repo1.maven.org/maven2/ch/epfl/scala/zinc-classpath_2.12/1.3.0-M4+22-4704d479/zinc-classpath_2.12-1.3.0-M4+22-4704d479.pom
Downloaded https://repo1.maven.org/maven2/com/eed3si9n/gigahorse-okhttp_2.12/0.3.0/gigahorse-okhttp_2.12-0.3.0.pom
Downloading https://repo1.maven.org/maven2/org/scala-sbt/util-control_2.12/1.2.1/util-control_2.12-1.2.1.pom
Downloaded https://repo1.maven.org/maven2/org/typelevel/cats-core_2.12/1.0.1/cats-core_2.12-1.0.1.pom
Downloading https://repo1.maven.org/maven2/org/scala-sbt/util-control_2.12/1.2.1/util-control_2.12-1.2.1.pom.sha1
Downloading https://repo1.maven.org/maven2/com/squareup/okhttp3/okhttp-urlconnection/3.7.0/okhttp-urlconnection-3.7.0.pom
Downloaded https://repo1.maven.org/maven2/ch/epfl/scala/zinc-classpath_2.12/1.3.0-M4+22-4704d479/zinc-classpath_2.12-1.3.0-M4+22-4704d479.pom.sha1
Downloading https://repo1.maven.org/maven2/com/squareup/okhttp3/okhttp-urlconnection/3.7.0/okhttp-urlconnection-3.7.0.pom.sha1
Downloading https://repo1.maven.org/maven2/org/scala-sbt/util-logging_2.12/1.2.1/util-logging_2.12-1.2.1.pom
Downloaded https://repo1.maven.org/maven2/org/scala-sbt/util-control_2.12/1.2.1/util-control_2.12-1.2.1.pom
Downloading https://repo1.maven.org/maven2/org/scala-sbt/util-logging_2.12/1.2.1/util-logging_2.12-1.2.1.pom.sha1
Downloaded https://repo1.maven.org/maven2/org/scala-sbt/util-logging_2.12/1.2.1/util-logging_2.12-1.2.1.pom
Downloading https://repo1.maven.org/maven2/org/scala-sbt/sbinary_2.12/0.4.4/sbinary_2.12-0.4.4.pom
Downloaded https://repo1.maven.org/maven2/org/scala-sbt/util-control_2.12/1.2.1/util-control_2.12-1.2.1.pom.sha1
Downloading https://repo1.maven.org/maven2/org/scala-sbt/sbinary_2.12/0.4.4/sbinary_2.12-0.4.4.pom.sha1
Downloaded https://repo1.maven.org/maven2/org/typelevel/cats-core_2.12/1.0.1/cats-core_2.12-1.0.1.pom.sha1
Downloading https://repo1.maven.org/maven2/org/spire-math/jawn-parser_2.12/0.11.1/jawn-parser_2.12-0.11.1.pom
Downloaded https://repo1.maven.org/maven2/com/squareup/okhttp3/okhttp-urlconnection/3.7.0/okhttp-urlconnection-3.7.0.pom.sha1
Downloading https://repo1.maven.org/maven2/org/spire-math/jawn-parser_2.12/0.11.1/jawn-parser_2.12-0.11.1.pom.sha1
Downloaded https://repo1.maven.org/maven2/com/squareup/okhttp3/okhttp-urlconnection/3.7.0/okhttp-urlconnection-3.7.0.pom
Downloading https://repo1.maven.org/maven2/org/scala-lang/modules/scala-parser-combinators_2.12/1.0.5/scala-parser-combinators_2.12-1.0.5.pom
Downloaded https://repo1.maven.org/maven2/org/scala-sbt/util-logging_2.12/1.2.1/util-logging_2.12-1.2.1.pom.sha1
Downloading https://repo1.maven.org/maven2/org/scala-lang/modules/scala-parser-combinators_2.12/1.0.5/scala-parser-combinators_2.12-1.0.5.pom.sha1
Downloaded https://repo1.maven.org/maven2/org/scala-sbt/sbinary_2.12/0.4.4/sbinary_2.12-0.4.4.pom.sha1
Downloading https://repo1.maven.org/maven2/org/scala-sbt/util-position_2.12/1.0.0/util-position_2.12-1.0.0.pom
Downloaded https://repo1.maven.org/maven2/org/scala-sbt/sbinary_2.12/0.4.4/sbinary_2.12-0.4.4.pom
Downloading https://repo1.maven.org/maven2/org/scala-sbt/util-position_2.12/1.0.0/util-position_2.12-1.0.0.pom.sha1
Downloaded https://repo1.maven.org/maven2/org/spire-math/jawn-parser_2.12/0.11.1/jawn-parser_2.12-0.11.1.pom
Downloading https://repo1.maven.org/maven2/org/scala-sbt/util-relation_2.12/1.2.1/util-relation_2.12-1.2.1.pom
Downloaded https://repo1.maven.org/maven2/org/spire-math/jawn-parser_2.12/0.11.1/jawn-parser_2.12-0.11.1.pom.sha1
Downloading https://repo1.maven.org/maven2/org/scala-sbt/util-relation_2.12/1.2.1/util-relation_2.12-1.2.1.pom.sha1
Downloaded https://repo1.maven.org/maven2/org/scala-lang/modules/scala-parser-combinators_2.12/1.0.5/scala-parser-combinators_2.12-1.0.5.pom
Downloading https://repo1.maven.org/maven2/org/scalameta/jsonrpc_2.12/0.2.0/jsonrpc_2.12-0.2.0.pom
Downloaded https://repo1.maven.org/maven2/org/scala-lang/modules/scala-parser-combinators_2.12/1.0.5/scala-parser-combinators_2.12-1.0.5.pom.sha1
Downloading https://repo1.maven.org/maven2/org/scalameta/jsonrpc_2.12/0.2.0/jsonrpc_2.12-0.2.0.pom.sha1
Downloaded https://repo1.maven.org/maven2/org/scala-sbt/util-position_2.12/1.0.0/util-position_2.12-1.0.0.pom.sha1
Downloading https://repo1.maven.org/maven2/org/scala-sbt/io_2.12/1.2.0/io_2.12-1.2.0.pom
Downloaded https://repo1.maven.org/maven2/org/scala-sbt/util-position_2.12/1.0.0/util-position_2.12-1.0.0.pom
Downloading https://repo1.maven.org/maven2/org/scala-sbt/io_2.12/1.2.0/io_2.12-1.2.0.pom.sha1
Downloaded https://repo1.maven.org/maven2/org/scala-sbt/util-relation_2.12/1.2.1/util-relation_2.12-1.2.1.pom
Downloading https://repo1.maven.org/maven2/com/chuusai/shapeless_2.12/2.3.3/shapeless_2.12-2.3.3.pom
Downloaded https://repo1.maven.org/maven2/org/scala-sbt/util-relation_2.12/1.2.1/util-relation_2.12-1.2.1.pom.sha1
Downloaded https://repo1.maven.org/maven2/org/scalameta/jsonrpc_2.12/0.2.0/jsonrpc_2.12-0.2.0.pom
Downloading https://repo1.maven.org/maven2/com/chuusai/shapeless_2.12/2.3.3/shapeless_2.12-2.3.3.pom.sha1
Downloaded https://repo1.maven.org/maven2/org/scalameta/jsonrpc_2.12/0.2.0/jsonrpc_2.12-0.2.0.pom.sha1
Downloading https://repo1.maven.org/maven2/io/argonaut/argonaut_2.12/6.2.3/argonaut_2.12-6.2.3.pom
Downloading https://repo1.maven.org/maven2/io/argonaut/argonaut_2.12/6.2.3/argonaut_2.12-6.2.3.pom.sha1
Downloaded https://repo1.maven.org/maven2/org/scala-sbt/io_2.12/1.2.0/io_2.12-1.2.0.pom.sha1
Downloading https://repo1.maven.org/maven2/ch/epfl/scala/zinc-apiinfo_2.12/1.3.0-M4+22-4704d479/zinc-apiinfo_2.12-1.3.0-M4+22-4704d479.pom.sha1
Downloaded https://repo1.maven.org/maven2/org/scala-sbt/io_2.12/1.2.0/io_2.12-1.2.0.pom
Downloading https://repo1.maven.org/maven2/ch/epfl/scala/zinc-apiinfo_2.12/1.3.0-M4+22-4704d479/zinc-apiinfo_2.12-1.3.0-M4+22-4704d479.pom
Downloaded https://repo1.maven.org/maven2/com/chuusai/shapeless_2.12/2.3.3/shapeless_2.12-2.3.3.pom
Downloaded https://repo1.maven.org/maven2/com/chuusai/shapeless_2.12/2.3.3/shapeless_2.12-2.3.3.pom.sha1
Downloading https://repo1.maven.org/maven2/org/scala-lang/scala-reflect/2.12.8/
Downloaded https://repo1.maven.org/maven2/io/argonaut/argonaut_2.12/6.2.3/argonaut_2.12-6.2.3.pom
Downloading https://repo1.maven.org/maven2/org/scala-lang/scala-compiler/2.12.8/
Downloading https://repo1.maven.org/maven2/com/beachape/enumeratum_2.12/1.5.13/
Downloaded https://repo1.maven.org/maven2/io/argonaut/argonaut_2.12/6.2.3/argonaut_2.12-6.2.3.pom.sha1
Downloading https://repo1.maven.org/maven2/org/scala-sbt/launcher-interface/1.0.0/
Downloaded https://repo1.maven.org/maven2/ch/epfl/scala/zinc-apiinfo_2.12/1.3.0-M4+22-4704d479/zinc-apiinfo_2.12-1.3.0-M4+22-4704d479.pom.sha1
Downloading https://repo1.maven.org/maven2/com/jcraft/jsch/0.1.46/
Downloaded https://repo1.maven.org/maven2/ch/epfl/scala/zinc-apiinfo_2.12/1.3.0-M4+22-4704d479/zinc-apiinfo_2.12-1.3.0-M4+22-4704d479.pom
Downloading https://repo1.maven.org/maven2/org/scala-sbt/util-cache_2.12/1.0.0/
Downloaded https://repo1.maven.org/maven2/org/scala-lang/scala-reflect/2.12.8/
Downloading https://repo1.maven.org/maven2/org/scala-lang/modules/scala-xml_2.12/1.2.0/
Downloaded https://repo1.maven.org/maven2/org/scala-lang/scala-compiler/2.12.8/
Downloading https://repo1.maven.org/maven2/io/circe/circe-numbers_2.12/0.9.3/
Downloaded https://repo1.maven.org/maven2/com/beachape/enumeratum_2.12/1.5.13/
Downloading https://repo1.maven.org/maven2/ch/epfl/scala/compiler-interface/1.3.0-M4+22-4704d479/compiler-interface-1.3.0-M4+22-4704d479.pom
Downloaded https://repo1.maven.org/maven2/com/jcraft/jsch/0.1.46/
Downloading https://repo1.maven.org/maven2/ch/epfl/scala/compiler-interface/1.3.0-M4+22-4704d479/compiler-interface-1.3.0-M4+22-4704d479.pom.sha1
Downloaded https://repo1.maven.org/maven2/org/scala-sbt/launcher-interface/1.0.0/
Downloading https://repo1.maven.org/maven2/com/beachape/enumeratum-circe_2.12/1.5.17/enumeratum-circe_2.12-1.5.17.pom
Downloaded https://repo1.maven.org/maven2/org/scala-sbt/util-cache_2.12/1.0.0/
Downloading https://repo1.maven.org/maven2/com/beachape/enumeratum-circe_2.12/1.5.17/enumeratum-circe_2.12-1.5.17.pom.sha1
Downloaded https://repo1.maven.org/maven2/org/scala-lang/modules/scala-xml_2.12/1.2.0/
Downloading https://repo1.maven.org/maven2/com/thesamet/scalapb/scalapb-runtime_2.12/0.8.0-RC1/
Downloaded https://repo1.maven.org/maven2/io/circe/circe-numbers_2.12/0.9.3/
Downloaded https://repo1.maven.org/maven2/ch/epfl/scala/compiler-interface/1.3.0-M4+22-4704d479/compiler-interface-1.3.0-M4+22-4704d479.pom.sha1
Downloading https://repo1.maven.org/maven2/com/eed3si9n/gigahorse-okhttp_2.12/0.3.0/
Downloading https://repo1.maven.org/maven2/org/scalameta/jsonrpc_2.12/0.2.0/
Downloaded https://repo1.maven.org/maven2/com/thesamet/scalapb/scalapb-runtime_2.12/0.8.0-RC1/
Downloaded https://repo1.maven.org/maven2/com/beachape/enumeratum-circe_2.12/1.5.17/enumeratum-circe_2.12-1.5.17.pom.sha1
Downloaded https://repo1.maven.org/maven2/com/beachape/enumeratum-circe_2.12/1.5.17/enumeratum-circe_2.12-1.5.17.pom
Downloading https://repo1.maven.org/maven2/ch/epfl/scala/zinc-classpath_2.12/1.3.0-M4+22-4704d479/
Downloaded https://repo1.maven.org/maven2/com/eed3si9n/gigahorse-okhttp_2.12/0.3.0/
Downloading https://repo1.maven.org/maven2/org/scala-sbt/util-control_2.12/1.2.1/
Downloaded https://repo1.maven.org/maven2/ch/epfl/scala/compiler-interface/1.3.0-M4+22-4704d479/compiler-interface-1.3.0-M4+22-4704d479.pom
Downloading https://repo1.maven.org/maven2/org/typelevel/cats-core_2.12/1.0.1/
Downloading https://repo1.maven.org/maven2/org/scala-sbt/util-logging_2.12/1.2.1/
Downloading https://repo1.maven.org/maven2/com/squareup/okhttp3/okhttp-urlconnection/3.7.0/
Downloaded https://repo1.maven.org/maven2/org/typelevel/cats-core_2.12/1.0.1/
Downloading https://repo1.maven.org/maven2/org/scala-sbt/sbinary_2.12/0.4.4/
Downloaded https://repo1.maven.org/maven2/org/scala-sbt/util-control_2.12/1.2.1/
Downloading https://repo1.maven.org/maven2/org/spire-math/jawn-parser_2.12/0.11.1/
Downloaded https://repo1.maven.org/maven2/org/scalameta/jsonrpc_2.12/0.2.0/
Downloading https://repo1.maven.org/maven2/org/scala-lang/modules/scala-parser-combinators_2.12/1.0.5/
Downloaded https://repo1.maven.org/maven2/org/scala-sbt/util-logging_2.12/1.2.1/
Downloading https://repo1.maven.org/maven2/org/scala-sbt/util-position_2.12/1.0.0/
Downloaded https://repo1.maven.org/maven2/ch/epfl/scala/zinc-classpath_2.12/1.3.0-M4+22-4704d479/
Downloading https://repo1.maven.org/maven2/org/scala-sbt/util-relation_2.12/1.2.1/
Downloaded https://repo1.maven.org/maven2/org/scala-sbt/sbinary_2.12/0.4.4/
Downloading https://repo1.maven.org/maven2/org/scala-sbt/io_2.12/1.2.0/
Downloaded https://repo1.maven.org/maven2/org/scala-lang/modules/scala-parser-combinators_2.12/1.0.5/
Downloading https://repo1.maven.org/maven2/com/chuusai/shapeless_2.12/2.3.3/
Downloaded https://repo1.maven.org/maven2/org/spire-math/jawn-parser_2.12/0.11.1/
Downloading https://repo1.maven.org/maven2/io/argonaut/argonaut_2.12/6.2.3/
Downloaded https://repo1.maven.org/maven2/org/scala-sbt/util-position_2.12/1.0.0/
Downloading https://repo1.maven.org/maven2/ch/epfl/scala/zinc-apiinfo_2.12/1.3.0-M4+22-4704d479/
Downloaded https://repo1.maven.org/maven2/org/scala-sbt/util-relation_2.12/1.2.1/
Downloaded https://repo1.maven.org/maven2/org/scala-sbt/io_2.12/1.2.0/
Downloaded https://repo1.maven.org/maven2/com/chuusai/shapeless_2.12/2.3.3/
Downloaded https://repo1.maven.org/maven2/io/argonaut/argonaut_2.12/6.2.3/
Downloaded https://repo1.maven.org/maven2/ch/epfl/scala/zinc-apiinfo_2.12/1.3.0-M4+22-4704d479/
Downloaded https://repo1.maven.org/maven2/com/squareup/okhttp3/okhttp-urlconnection/3.7.0/
Downloading https://repo1.maven.org/maven2/com/beachape/enumeratum-circe_2.12/1.5.17/
Downloading https://repo1.maven.org/maven2/ch/epfl/scala/compiler-interface/1.3.0-M4+22-4704d479/
Downloaded https://repo1.maven.org/maven2/com/beachape/enumeratum-circe_2.12/1.5.17/
Downloaded https://repo1.maven.org/maven2/ch/epfl/scala/compiler-interface/1.3.0-M4+22-4704d479/
Downloading https://repo1.maven.org/maven2/org/sonatype/oss/oss-parent/6/oss-parent-6.pom
Downloading https://repo1.maven.org/maven2/org/sonatype/oss/oss-parent/6/oss-parent-6.pom.sha1
Downloading https://repo1.maven.org/maven2/com/squareup/okhttp3/parent/3.7.0/parent-3.7.0.pom
Downloading https://repo1.maven.org/maven2/com/squareup/okhttp3/parent/3.7.0/parent-3.7.0.pom.sha1
Downloaded https://repo1.maven.org/maven2/org/sonatype/oss/oss-parent/6/oss-parent-6.pom.sha1
Downloaded https://repo1.maven.org/maven2/org/sonatype/oss/oss-parent/6/oss-parent-6.pom
Downloaded https://repo1.maven.org/maven2/com/squareup/okhttp3/parent/3.7.0/parent-3.7.0.pom.sha1
Downloading https://repo1.maven.org/maven2/org/sonatype/oss/oss-parent/6/
Downloaded https://repo1.maven.org/maven2/com/squareup/okhttp3/parent/3.7.0/parent-3.7.0.pom
Downloading https://repo1.maven.org/maven2/com/squareup/okhttp3/parent/3.7.0/
Downloaded https://repo1.maven.org/maven2/org/sonatype/oss/oss-parent/6/
Downloaded https://repo1.maven.org/maven2/com/squareup/okhttp3/parent/3.7.0/
Downloading https://repo1.maven.org/maven2/com/squareup/okhttp3/okhttp/3.7.0/okhttp-3.7.0.pom.sha1
Downloading https://repo1.maven.org/maven2/org/typelevel/cats-macros_2.12/1.0.1/cats-macros_2.12-1.0.1.pom
Downloading https://repo1.maven.org/maven2/com/lmax/disruptor/3.3.6/disruptor-3.3.6.pom.sha1
Downloading https://repo1.maven.org/maven2/com/squareup/okhttp3/okhttp/3.7.0/okhttp-3.7.0.pom
Downloading https://repo1.maven.org/maven2/com/outr/scribe_2.12/2.5.0/scribe_2.12-2.5.0.pom
Downloading https://repo1.maven.org/maven2/com/outr/scribe_2.12/2.5.0/scribe_2.12-2.5.0.pom.sha1
Downloaded https://repo1.maven.org/maven2/com/squareup/okhttp3/okhttp/3.7.0/okhttp-3.7.0.pom.sha1
Downloading https://repo1.maven.org/maven2/com/swoval/apple-file-events/1.3.2/apple-file-events-1.3.2.pom
Downloaded https://repo1.maven.org/maven2/org/typelevel/cats-macros_2.12/1.0.1/cats-macros_2.12-1.0.1.pom
Downloading https://repo1.maven.org/maven2/com/swoval/apple-file-events/1.3.2/apple-file-events-1.3.2.pom.sha1
Downloaded https://repo1.maven.org/maven2/com/outr/scribe_2.12/2.5.0/scribe_2.12-2.5.0.pom
Downloaded https://repo1.maven.org/maven2/com/outr/scribe_2.12/2.5.0/scribe_2.12-2.5.0.pom.sha1
Downloading https://repo1.maven.org/maven2/com/lmax/disruptor/3.3.6/disruptor-3.3.6.pom
Downloading https://repo1.maven.org/maven2/org/typelevel/cats-macros_2.12/1.0.1/cats-macros_2.12-1.0.1.pom.sha1
Downloaded https://repo1.maven.org/maven2/com/lmax/disruptor/3.3.6/disruptor-3.3.6.pom.sha1
Downloading https://repo1.maven.org/maven2/org/apache/logging/log4j/log4j-core/2.8.1/log4j-core-2.8.1.pom
Downloaded https://repo1.maven.org/maven2/com/swoval/apple-file-events/1.3.2/apple-file-events-1.3.2.pom
Downloading https://repo1.maven.org/maven2/org/apache/logging/log4j/log4j-core/2.8.1/log4j-core-2.8.1.pom.sha1
Downloaded https://repo1.maven.org/maven2/org/typelevel/cats-macros_2.12/1.0.1/cats-macros_2.12-1.0.1.pom.sha1
Downloading https://repo1.maven.org/maven2/org/apache/logging/log4j/log4j-api/2.8.1/log4j-api-2.8.1.pom
Downloaded https://repo1.maven.org/maven2/com/swoval/apple-file-events/1.3.2/apple-file-events-1.3.2.pom.sha1
Downloaded https://repo1.maven.org/maven2/com/lmax/disruptor/3.3.6/disruptor-3.3.6.pom
Downloading https://repo1.maven.org/maven2/org/apache/logging/log4j/log4j-api/2.8.1/log4j-api-2.8.1.pom.sha1
Downloaded https://repo1.maven.org/maven2/org/apache/logging/log4j/log4j-core/2.8.1/log4j-core-2.8.1.pom
Downloading https://repo1.maven.org/maven2/com/beachape/enumeratum-macros_2.12/1.5.9/enumeratum-macros_2.12-1.5.9.pom
Downloading https://repo1.maven.org/maven2/com/beachape/enumeratum-macros_2.12/1.5.9/enumeratum-macros_2.12-1.5.9.pom.sha1
Downloaded https://repo1.maven.org/maven2/org/apache/logging/log4j/log4j-core/2.8.1/log4j-core-2.8.1.pom.sha1
Downloading https://repo1.maven.org/maven2/com/eed3si9n/sjson-new-scalajson_2.12/0.8.2/sjson-new-scalajson_2.12-0.8.2.pom.sha1
Downloaded https://repo1.maven.org/maven2/org/apache/logging/log4j/log4j-api/2.8.1/log4j-api-2.8.1.pom
Downloading https://repo1.maven.org/maven2/org/typelevel/cats-kernel_2.12/1.0.1/cats-kernel_2.12-1.0.1.pom
Downloaded https://repo1.maven.org/maven2/org/apache/logging/log4j/log4j-api/2.8.1/log4j-api-2.8.1.pom.sha1
Downloading https://repo1.maven.org/maven2/org/typelevel/cats-kernel_2.12/1.0.1/cats-kernel_2.12-1.0.1.pom.sha1
Downloaded https://repo1.maven.org/maven2/com/beachape/enumeratum-macros_2.12/1.5.9/enumeratum-macros_2.12-1.5.9.pom
Downloaded https://repo1.maven.org/maven2/com/squareup/okhttp3/okhttp/3.7.0/okhttp-3.7.0.pom
Downloading https://repo1.maven.org/maven2/com/eed3si9n/sjson-new-scalajson_2.12/0.8.2/sjson-new-scalajson_2.12-0.8.2.pom
Downloading https://repo1.maven.org/maven2/org/scala-sbt/util-interface/1.2.1/util-interface-1.2.1.pom.sha1
Downloaded https://repo1.maven.org/maven2/com/beachape/enumeratum-macros_2.12/1.5.9/enumeratum-macros_2.12-1.5.9.pom.sha1
Downloading https://repo1.maven.org/maven2/com/eed3si9n/sjson-new-murmurhash_2.12/0.8.0/sjson-new-murmurhash_2.12-0.8.0.pom
Downloaded https://repo1.maven.org/maven2/com/eed3si9n/sjson-new-scalajson_2.12/0.8.2/sjson-new-scalajson_2.12-0.8.2.pom.sha1
Downloading https://repo1.maven.org/maven2/com/eed3si9n/sjson-new-core_2.12/0.8.2/sjson-new-core_2.12-0.8.2.pom
Downloaded https://repo1.maven.org/maven2/org/typelevel/cats-kernel_2.12/1.0.1/cats-kernel_2.12-1.0.1.pom.sha1
Downloading https://repo1.maven.org/maven2/com/eed3si9n/sjson-new-core_2.12/0.8.2/sjson-new-core_2.12-0.8.2.pom.sha1
Downloaded https://repo1.maven.org/maven2/org/typelevel/cats-kernel_2.12/1.0.1/cats-kernel_2.12-1.0.1.pom
Downloading https://repo1.maven.org/maven2/ch/epfl/scala/compiler-bridge_2.12/1.3.0-M4+22-4704d479/compiler-bridge_2.12-1.3.0-M4+22-4704d479.pom.sha1
Downloaded https://repo1.maven.org/maven2/org/scala-sbt/util-interface/1.2.1/util-interface-1.2.1.pom.sha1
Downloading https://repo1.maven.org/maven2/org/typelevel/machinist_2.12/0.6.2/machinist_2.12-0.6.2.pom
Downloaded https://repo1.maven.org/maven2/com/eed3si9n/sjson-new-murmurhash_2.12/0.8.0/sjson-new-murmurhash_2.12-0.8.0.pom
Downloading https://repo1.maven.org/maven2/com/eed3si9n/sjson-new-murmurhash_2.12/0.8.0/sjson-new-murmurhash_2.12-0.8.0.pom.sha1
Downloaded https://repo1.maven.org/maven2/com/eed3si9n/sjson-new-core_2.12/0.8.2/sjson-new-core_2.12-0.8.2.pom
Downloading https://repo1.maven.org/maven2/org/typelevel/machinist_2.12/0.6.2/machinist_2.12-0.6.2.pom.sha1
Downloaded https://repo1.maven.org/maven2/com/eed3si9n/sjson-new-scalajson_2.12/0.8.2/sjson-new-scalajson_2.12-0.8.2.pom
Downloading https://repo1.maven.org/maven2/org/typelevel/cats-core_2.12/1.1.0/cats-core_2.12-1.1.0.pom
Downloaded https://repo1.maven.org/maven2/ch/epfl/scala/compiler-bridge_2.12/1.3.0-M4+22-4704d479/compiler-bridge_2.12-1.3.0-M4+22-4704d479.pom.sha1
Downloading https://repo1.maven.org/maven2/org/typelevel/cats-core_2.12/1.1.0/cats-core_2.12-1.1.0.pom.sha1
Downloaded https://repo1.maven.org/maven2/com/eed3si9n/sjson-new-core_2.12/0.8.2/sjson-new-core_2.12-0.8.2.pom.sha1
Downloading https://repo1.maven.org/maven2/jline/jline/2.14.4/jline-2.14.4.pom
Downloaded https://repo1.maven.org/maven2/org/typelevel/machinist_2.12/0.6.2/machinist_2.12-0.6.2.pom
Downloading https://repo1.maven.org/maven2/jline/jline/2.14.4/jline-2.14.4.pom.sha1
Downloaded https://repo1.maven.org/maven2/org/typelevel/machinist_2.12/0.6.2/machinist_2.12-0.6.2.pom.sha1
Downloading https://repo1.maven.org/maven2/org/scala-sbt/util-interface/1.2.1/util-interface-1.2.1.pom
Downloaded https://repo1.maven.org/maven2/com/eed3si9n/sjson-new-murmurhash_2.12/0.8.0/sjson-new-murmurhash_2.12-0.8.0.pom.sha1
Downloading https://repo1.maven.org/maven2/ch/epfl/scala/compiler-bridge_2.12/1.3.0-M4+22-4704d479/compiler-bridge_2.12-1.3.0-M4+22-4704d479.pom
Downloaded https://repo1.maven.org/maven2/org/typelevel/cats-core_2.12/1.1.0/cats-core_2.12-1.1.0.pom
Downloaded https://repo1.maven.org/maven2/org/typelevel/cats-core_2.12/1.1.0/cats-core_2.12-1.1.0.pom.sha1
Downloading https://repo1.maven.org/maven2/com/eed3si9n/gigahorse-core_2.12/0.3.0/gigahorse-core_2.12-0.3.0.pom.sha1
Downloading https://repo1.maven.org/maven2/com/eed3si9n/gigahorse-core_2.12/0.3.0/gigahorse-core_2.12-0.3.0.pom
Downloaded https://repo1.maven.org/maven2/org/scala-sbt/util-interface/1.2.1/util-interface-1.2.1.pom
Downloaded https://repo1.maven.org/maven2/ch/epfl/scala/compiler-bridge_2.12/1.3.0-M4+22-4704d479/compiler-bridge_2.12-1.3.0-M4+22-4704d479.pom
Downloaded https://repo1.maven.org/maven2/jline/jline/2.14.4/jline-2.14.4.pom
Downloading https://repo1.maven.org/maven2/com/lihaoyi/fastparse_2.12/1.0.0/
Downloaded https://repo1.maven.org/maven2/com/eed3si9n/gigahorse-core_2.12/0.3.0/gigahorse-core_2.12-0.3.0.pom.sha1
Downloading https://repo1.maven.org/maven2/com/thesamet/scalapb/lenses_2.12/0.8.0-RC1/
Downloading https://repo1.maven.org/maven2/com/outr/scribe_2.12/2.5.0/
Downloaded https://repo1.maven.org/maven2/com/eed3si9n/gigahorse-core_2.12/0.3.0/gigahorse-core_2.12-0.3.0.pom
Downloading https://repo1.maven.org/maven2/com/swoval/apple-file-events/1.3.2/
Downloading https://repo1.maven.org/maven2/com/lmax/disruptor/3.3.6/
Downloaded https://repo1.maven.org/maven2/jline/jline/2.14.4/jline-2.14.4.pom.sha1
Downloading https://repo1.maven.org/maven2/org/typelevel/cats-macros_2.12/1.0.1/
Downloaded https://repo1.maven.org/maven2/com/lihaoyi/fastparse_2.12/1.0.0/
Downloading https://repo1.maven.org/maven2/org/apache/logging/log4j/log4j-api/2.8.1/
Downloaded https://repo1.maven.org/maven2/com/thesamet/scalapb/lenses_2.12/0.8.0-RC1/
Downloading https://repo1.maven.org/maven2/com/squareup/okhttp3/okhttp/3.7.0/
Downloaded https://repo1.maven.org/maven2/com/outr/scribe_2.12/2.5.0/
Downloading https://repo1.maven.org/maven2/org/typelevel/cats-kernel_2.12/1.0.1/
Downloaded https://repo1.maven.org/maven2/com/swoval/apple-file-events/1.3.2/
Downloading https://repo1.maven.org/maven2/com/eed3si9n/sjson-new-core_2.12/0.8.2/
Downloaded https://repo1.maven.org/maven2/com/lmax/disruptor/3.3.6/
Downloading https://repo1.maven.org/maven2/com/eed3si9n/sjson-new-murmurhash_2.12/0.8.0/
Downloaded https://repo1.maven.org/maven2/org/typelevel/cats-macros_2.12/1.0.1/
Downloading https://repo1.maven.org/maven2/com/eed3si9n/sjson-new-scalajson_2.12/0.8.2/
Downloaded https://repo1.maven.org/maven2/org/apache/logging/log4j/log4j-api/2.8.1/
Downloading https://repo1.maven.org/maven2/org/typelevel/machinist_2.12/0.6.2/
Downloaded https://repo1.maven.org/maven2/com/squareup/okhttp3/okhttp/3.7.0/
Downloading https://repo1.maven.org/maven2/org/typelevel/cats-core_2.12/1.1.0/
Downloaded https://repo1.maven.org/maven2/org/typelevel/cats-kernel_2.12/1.0.1/
Downloading https://repo1.maven.org/maven2/org/apache/logging/log4j/log4j-core/2.8.1/
Downloaded https://repo1.maven.org/maven2/com/eed3si9n/sjson-new-core_2.12/0.8.2/
Downloaded https://repo1.maven.org/maven2/com/eed3si9n/sjson-new-murmurhash_2.12/0.8.0/
Downloading https://repo1.maven.org/maven2/org/scala-sbt/util-interface/1.2.1/
Downloading https://repo1.maven.org/maven2/ch/epfl/scala/compiler-bridge_2.12/1.3.0-M4+22-4704d479/
Downloaded https://repo1.maven.org/maven2/com/eed3si9n/sjson-new-scalajson_2.12/0.8.2/
Downloading https://repo1.maven.org/maven2/com/beachape/enumeratum-macros_2.12/1.5.9/
Downloaded https://repo1.maven.org/maven2/org/typelevel/machinist_2.12/0.6.2/
Downloading https://repo1.maven.org/maven2/com/eed3si9n/gigahorse-core_2.12/0.3.0/
Downloaded https://repo1.maven.org/maven2/org/typelevel/cats-core_2.12/1.1.0/
Downloading https://repo1.maven.org/maven2/jline/jline/2.14.4/
Downloaded https://repo1.maven.org/maven2/org/apache/logging/log4j/log4j-core/2.8.1/
Downloaded https://repo1.maven.org/maven2/org/scala-sbt/util-interface/1.2.1/
Downloaded https://repo1.maven.org/maven2/jline/jline/2.14.4/
Downloaded https://repo1.maven.org/maven2/com/beachape/enumeratum-macros_2.12/1.5.9/
Downloaded https://repo1.maven.org/maven2/ch/epfl/scala/compiler-bridge_2.12/1.3.0-M4+22-4704d479/
Downloaded https://repo1.maven.org/maven2/com/eed3si9n/gigahorse-core_2.12/0.3.0/
Downloading https://repo1.maven.org/maven2/org/apache/logging/log4j/log4j/2.8.1/log4j-2.8.1.pom
Downloading https://repo1.maven.org/maven2/org/apache/logging/log4j/log4j/2.8.1/log4j-2.8.1.pom.sha1
Downloaded https://repo1.maven.org/maven2/org/apache/logging/log4j/log4j/2.8.1/log4j-2.8.1.pom.sha1
Downloaded https://repo1.maven.org/maven2/org/apache/logging/log4j/log4j/2.8.1/log4j-2.8.1.pom
Downloading https://repo1.maven.org/maven2/org/apache/logging/log4j/log4j/2.8.1/
Downloaded https://repo1.maven.org/maven2/org/apache/logging/log4j/log4j/2.8.1/
Downloading https://repo1.maven.org/maven2/org/apache/logging/logging-parent/1/logging-parent-1.pom.sha1
Downloading https://repo1.maven.org/maven2/org/apache/logging/logging-parent/1/logging-parent-1.pom
Downloaded https://repo1.maven.org/maven2/org/apache/logging/logging-parent/1/logging-parent-1.pom
Downloaded https://repo1.maven.org/maven2/org/apache/logging/logging-parent/1/logging-parent-1.pom.sha1
Downloading https://repo1.maven.org/maven2/org/apache/logging/logging-parent/1/
Downloaded https://repo1.maven.org/maven2/org/apache/logging/logging-parent/1/
Downloading https://repo1.maven.org/maven2/org/apache/apache/18/apache-18.pom.sha1
Downloading https://repo1.maven.org/maven2/org/apache/apache/18/apache-18.pom
Downloaded https://repo1.maven.org/maven2/org/apache/apache/18/apache-18.pom.sha1
Downloaded https://repo1.maven.org/maven2/org/apache/apache/18/apache-18.pom
Downloading https://repo1.maven.org/maven2/org/apache/apache/18/
Downloaded https://repo1.maven.org/maven2/org/apache/apache/18/
Downloading https://repo1.maven.org/maven2/com/typesafe/ssl-config-core_2.12/0.2.2/ssl-config-core_2.12-0.2.2.pom
Downloading https://repo1.maven.org/maven2/com/squareup/okio/okio/1.12.0/okio-1.12.0.pom
Downloading https://repo1.maven.org/maven2/com/typesafe/ssl-config-core_2.12/0.2.2/ssl-config-core_2.12-0.2.2.pom.sha1
Downloading https://repo1.maven.org/maven2/com/squareup/okio/okio/1.12.0/okio-1.12.0.pom.sha1
Downloading https://repo1.maven.org/maven2/org/typelevel/cats-macros_2.12/1.1.0/cats-macros_2.12-1.1.0.pom.sha1
Downloading https://repo1.maven.org/maven2/com/eed3si9n/shaded-scalajson_2.12/1.0.0-M4/shaded-scalajson_2.12-1.0.0-M4.pom
Downloaded https://repo1.maven.org/maven2/com/typesafe/ssl-config-core_2.12/0.2.2/ssl-config-core_2.12-0.2.2.pom
Downloading https://repo1.maven.org/maven2/com/eed3si9n/shaded-scalajson_2.12/1.0.0-M4/shaded-scalajson_2.12-1.0.0-M4.pom.sha1
Downloaded https://repo1.maven.org/maven2/com/typesafe/ssl-config-core_2.12/0.2.2/ssl-config-core_2.12-0.2.2.pom.sha1
Downloading https://repo1.maven.org/maven2/com/outr/perfolation_2.12/1.0.2/perfolation_2.12-1.0.2.pom
Downloaded https://repo1.maven.org/maven2/org/typelevel/cats-macros_2.12/1.1.0/cats-macros_2.12-1.1.0.pom.sha1
Downloaded https://repo1.maven.org/maven2/com/squareup/okio/okio/1.12.0/okio-1.12.0.pom
Downloading https://repo1.maven.org/maven2/com/outr/perfolation_2.12/1.0.2/perfolation_2.12-1.0.2.pom.sha1
Downloading https://repo1.maven.org/maven2/org/typelevel/cats-kernel_2.12/1.1.0/cats-kernel_2.12-1.1.0.pom
Downloaded https://repo1.maven.org/maven2/com/squareup/okio/okio/1.12.0/okio-1.12.0.pom.sha1
Downloading https://repo1.maven.org/maven2/org/typelevel/cats-kernel_2.12/1.1.0/cats-kernel_2.12-1.1.0.pom.sha1
Downloaded https://repo1.maven.org/maven2/com/eed3si9n/shaded-scalajson_2.12/1.0.0-M4/shaded-scalajson_2.12-1.0.0-M4.pom.sha1
Downloading https://repo1.maven.org/maven2/org/typelevel/cats-macros_2.12/1.1.0/cats-macros_2.12-1.1.0.pom
Downloaded https://repo1.maven.org/maven2/org/typelevel/cats-kernel_2.12/1.1.0/cats-kernel_2.12-1.1.0.pom
Downloading https://repo1.maven.org/maven2/com/outr/scribe-macros_2.12/2.5.0/scribe-macros_2.12-2.5.0.pom
Downloaded https://repo1.maven.org/maven2/com/outr/perfolation_2.12/1.0.2/perfolation_2.12-1.0.2.pom
Downloading https://repo1.maven.org/maven2/com/outr/scribe-macros_2.12/2.5.0/scribe-macros_2.12-2.5.0.pom.sha1
Downloaded https://repo1.maven.org/maven2/org/typelevel/cats-kernel_2.12/1.1.0/cats-kernel_2.12-1.1.0.pom.sha1
Downloaded https://repo1.maven.org/maven2/com/outr/perfolation_2.12/1.0.2/perfolation_2.12-1.0.2.pom.sha1
Downloading https://repo1.maven.org/maven2/com/typesafe/ssl-config-core_2.12/0.2.2/
Downloading https://repo1.maven.org/maven2/org/typelevel/cats-kernel_2.12/1.1.0/
Downloaded https://repo1.maven.org/maven2/org/typelevel/cats-macros_2.12/1.1.0/cats-macros_2.12-1.1.0.pom
Downloading https://repo1.maven.org/maven2/com/squareup/okio/okio/1.12.0/
Downloaded https://repo1.maven.org/maven2/com/outr/scribe-macros_2.12/2.5.0/scribe-macros_2.12-2.5.0.pom
Downloading https://repo1.maven.org/maven2/com/outr/perfolation_2.12/1.0.2/
Downloaded https://repo1.maven.org/maven2/com/outr/scribe-macros_2.12/2.5.0/scribe-macros_2.12-2.5.0.pom.sha1
Downloading https://repo1.maven.org/maven2/com/lihaoyi/fastparse-utils_2.12/1.0.0/
Downloaded https://repo1.maven.org/maven2/com/eed3si9n/shaded-scalajson_2.12/1.0.0-M4/shaded-scalajson_2.12-1.0.0-M4.pom
Downloading https://repo1.maven.org/maven2/org/typelevel/cats-macros_2.12/1.1.0/
Downloaded https://repo1.maven.org/maven2/com/typesafe/ssl-config-core_2.12/0.2.2/
Downloaded https://repo1.maven.org/maven2/org/typelevel/cats-kernel_2.12/1.1.0/
Downloading https://repo1.maven.org/maven2/com/outr/scribe-macros_2.12/2.5.0/
Downloading https://repo1.maven.org/maven2/com/eed3si9n/shaded-scalajson_2.12/1.0.0-M4/
Downloaded https://repo1.maven.org/maven2/com/squareup/okio/okio/1.12.0/
Downloaded https://repo1.maven.org/maven2/org/typelevel/cats-macros_2.12/1.1.0/
Downloaded https://repo1.maven.org/maven2/com/lihaoyi/fastparse-utils_2.12/1.0.0/
Downloaded https://repo1.maven.org/maven2/com/outr/perfolation_2.12/1.0.2/
Downloaded https://repo1.maven.org/maven2/com/outr/scribe-macros_2.12/2.5.0/
Downloaded https://repo1.maven.org/maven2/com/eed3si9n/shaded-scalajson_2.12/1.0.0-M4/
Downloading https://repo1.maven.org/maven2/com/squareup/okio/okio-parent/1.12.0/okio-parent-1.12.0.pom
Downloading https://repo1.maven.org/maven2/com/squareup/okio/okio-parent/1.12.0/okio-parent-1.12.0.pom.sha1
Downloaded https://repo1.maven.org/maven2/com/squareup/okio/okio-parent/1.12.0/okio-parent-1.12.0.pom
Downloaded https://repo1.maven.org/maven2/com/squareup/okio/okio-parent/1.12.0/okio-parent-1.12.0.pom.sha1
Downloading https://repo1.maven.org/maven2/com/squareup/okio/okio-parent/1.12.0/
Downloaded https://repo1.maven.org/maven2/com/squareup/okio/okio-parent/1.12.0/
Downloading https://repo1.maven.org/maven2/com/outr/perfolation-macros_2.12/1.0.2/perfolation-macros_2.12-1.0.2.pom
Downloading https://repo1.maven.org/maven2/com/outr/perfolation-macros_2.12/1.0.2/perfolation-macros_2.12-1.0.2.pom.sha1
Downloading https://repo1.maven.org/maven2/com/typesafe/config/1.2.0/config-1.2.0.pom
Downloading https://repo1.maven.org/maven2/com/typesafe/config/1.2.0/config-1.2.0.pom.sha1
Downloaded https://repo1.maven.org/maven2/com/typesafe/config/1.2.0/config-1.2.0.pom
Downloaded https://repo1.maven.org/maven2/com/outr/perfolation-macros_2.12/1.0.2/perfolation-macros_2.12-1.0.2.pom
Downloaded https://repo1.maven.org/maven2/com/outr/perfolation-macros_2.12/1.0.2/perfolation-macros_2.12-1.0.2.pom.sha1
Downloaded https://repo1.maven.org/maven2/com/typesafe/config/1.2.0/config-1.2.0.pom.sha1
Downloading https://repo1.maven.org/maven2/com/typesafe/config/1.2.0/
Downloading https://repo1.maven.org/maven2/com/outr/perfolation-macros_2.12/1.0.2/
Downloaded https://repo1.maven.org/maven2/com/outr/perfolation-macros_2.12/1.0.2/
Downloaded https://repo1.maven.org/maven2/com/typesafe/config/1.2.0/
The server is listening for incoming connections at local:///tmp/bsp4486804467788202263/t2eipopn6xve.socket...
Accepted incoming BSP client connection at local:///tmp/bsp4486804467788202263/t2eipopn6xve.socket
INFO  tracing is disabled for protocol BSP, to enable tracing of incoming and outgoing JSON messages create an empty file at /home/jimmy/.cache/metals/bsp.trace.json
request received: build/initialize
INFO  time: connected to build server in 33s
BSP initialization handshake complete.
INFO  time: imported build in 0.18s
INFO  time: indexed workspace in 1.93s
WARN  no build target: /home/jimmy/Work/misc/coursera_scala/week1/example/assignment.sbt
WARN  no build target: /home/jimmy/Work/misc/coursera_scala/week1/example/build.sbt
Downloading https://repo1.maven.org/maven2/org/scalameta/mtags_2.11.12/0.6.1/mtags_2.11.12-0.6.1.pom
Downloading https://repo1.maven.org/maven2/org/scalameta/mtags_2.11.12/0.6.1/mtags_2.11.12-0.6.1.pom.sha1
Downloaded https://repo1.maven.org/maven2/org/scalameta/mtags_2.11.12/0.6.1/mtags_2.11.12-0.6.1.pom
Downloaded https://repo1.maven.org/maven2/org/scalameta/mtags_2.11.12/0.6.1/mtags_2.11.12-0.6.1.pom.sha1
Downloading https://repo1.maven.org/maven2/org/scalameta/mtags_2.11.12/0.6.1/
Downloaded https://repo1.maven.org/maven2/org/scalameta/mtags_2.11.12/0.6.1/
INFO  compiling root (2 scala sources)
INFO  Non-compiled module 'compiler-bridge_2.11' for Scala 2.11.12. Compiling...
INFO    Compilation completed in 14.595s.
INFO  time: compiled root in 26s
WARN  no build target: /home/jimmy/Work/misc/coursera_scala/week1/example/build.sbt
INFO  disconnected: build server
shutdown request received: build/shutdown
Client in /home/jimmy/Work/misc/coursera_scala/week1/example/.bloop triggered cancellation. Cancelling tasks...
INFO  running embedded 'bloop bsp --protocol local --socket /tmp/bsp824620046716412934/-26k95sxo0m0c.socket'
[0m[31m[E][0m BSP server cancelled, closing socket...
The server is listening for incoming connections at local:///tmp/bsp824620046716412934/-26k95sxo0m0c.socket...
Accepted incoming BSP client connection at local:///tmp/bsp824620046716412934/-26k95sxo0m0c.socket
INFO  tracing is disabled for protocol BSP, to enable tracing of incoming and outgoing JSON messages create an empty file at /home/jimmy/.cache/metals/bsp.trace.json
request received: build/initialize
BSP initialization handshake complete.
INFO  time: connected to build server in 0.24s
INFO  time: indexed workspace in 0.38s
WARN  no build target: /home/jimmy/Work/misc/coursera_scala/week1/example/build.sbt
  /home/jimmy/Work/misc/coursera_scala/week1/example/assignment.sbt
INFO  compiling root-test (1 scala source)
INFO  time: compiled root-test in 2.5s
INFO  compiling root (1 scala source)
INFO  time: compiled root in 0.85s
INFO  compiling root (1 scala source)
INFO  time: compiled root in 1.09s
WARN  no build target: /home/jimmy/Work/misc/coursera_scala/week1/example/build.sbt
  /home/jimmy/Work/misc/coursera_scala/week1/example/assignment.sbt
  /home/jimmy/Work/misc/coursera_scala/week1/example/project/CommonBuild.scala
  /home/jimmy/Work/misc/coursera_scala/week1/example/project/buildSettings.sbt
  /home/jimmy/Work/misc/coursera_scala/week1/example/project/ScalaTestRunner.scala
  /home/jimmy/Work/misc/coursera_scala/week1/example/project/GradingFeedback.scala
  /home/jimmy/Work/misc/coursera_scala/week1/example/project/StudentBuild.scala
  /home/jimmy/Work/misc/coursera_scala/week1/example/project/StyleChecker.scala
  /home/jimmy/Work/misc/coursera_scala/week1/example/project/Settings.scala
  /home/jimmy/Work/misc/coursera_scala/week1/example/project/StudentBuildLike.scala
  /home/jimmy/Work/misc/coursera_scala/week1/example/project/plugins.sbt
  /home/jimmy/Work/misc/coursera_scala/week1/example/project/Courses.scala
  /home/jimmy/Work/misc/coursera_scala/week1/example/project/build.properties
INFO  skipping build import with status 'Installed'
WARN  no build target: /home/jimmy/Work/misc/coursera_scala/week1/example/src/main/Main.scala
WARN  no build target: /home/jimmy/Work/misc/coursera_scala/week1/example/src/main/Main.scala
WARN  no build target: /home/jimmy/Work/misc/coursera_scala/week1/example/build.sbt
  /home/jimmy/Work/misc/coursera_scala/week1/example/assignment.sbt
  /home/jimmy/Work/misc/coursera_scala/week1/example/project/CommonBuild.scala
  /home/jimmy/Work/misc/coursera_scala/week1/example/project/buildSettings.sbt
  /home/jimmy/Work/misc/coursera_scala/week1/example/project/ScalaTestRunner.scala
  /home/jimmy/Work/misc/coursera_scala/week1/example/project/GradingFeedback.scala
  /home/jimmy/Work/misc/coursera_scala/week1/example/project/StudentBuild.scala
  /home/jimmy/Work/misc/coursera_scala/week1/example/project/StyleChecker.scala
  /home/jimmy/Work/misc/coursera_scala/week1/example/project/Settings.scala
  /home/jimmy/Work/misc/coursera_scala/week1/example/project/StudentBuildLike.scala
  /home/jimmy/Work/misc/coursera_scala/week1/example/project/plugins.sbt
  /home/jimmy/Work/misc/coursera_scala/week1/example/project/Courses.scala
  /home/jimmy/Work/misc/coursera_scala/week1/example/project/build.properties
INFO  skipping build import with status 'Installed'
WARN  no build target: /home/jimmy/Work/misc/coursera_scala/week1/example/project/Settings.scala
INFO  no build target: using presentation compiler with only scala-library
WARN  code navigation does not work for the file '/home/jimmy/Work/misc/coursera_scala/week1/example/src/main/Main.scala' because it doesn't belong to a build target.
INFO  disconnected: build server
shutdown request received: build/shutdown
INFO  running embedded 'bloop bsp --protocol local --socket /tmp/bsp680037002568779302/11fozgs36lr2a.socket'
[0m[31m[E][0m BSP server cancelled, closing socket...
The server is listening for incoming connections at local:///tmp/bsp680037002568779302/11fozgs36lr2a.socket...
Client in /home/jimmy/Work/misc/coursera_scala/week1/example/.bloop triggered cancellation. Cancelling tasks...
INFO  bloop exit: 0
Accepted incoming BSP client connection at local:///tmp/bsp680037002568779302/11fozgs36lr2a.socket
INFO  tracing is disabled for protocol BSP, to enable tracing of incoming and outgoing JSON messages create an empty file at /home/jimmy/.cache/metals/bsp.trace.json
request received: build/initialize
INFO  time: connected to build server in 0.25s
BSP initialization handshake complete.
INFO  time: indexed workspace in 0.42s
INFO  shutting down Metals
shutdown request received: build/shutdown
[0m[31m[E][0m BSP server cancelled, closing socket...
Client in /home/jimmy/Work/misc/coursera_scala/week1/example/.bloop triggered cancellation. Cancelling tasks...
INFO  bloop exit: 0
INFO  time: initialize in 0.51s
INFO  running embedded 'bloop bsp --protocol local --socket /tmp/bsp1751691332573597232/1qaspodzjq013.socket'
INFO  skipping build import with status 'Installed'
WARN  no build target: /home/jimmy/Work/misc/coursera_scala/week1/example/assignment.sbt
WARN  no build target: /home/jimmy/Work/misc/coursera_scala/week1/example/build.sbt
WARN  no build target: /home/jimmy/Work/misc/coursera_scala/week1/example/src/test/scala/example/ListsSuite.scala
WARN  no build target: /home/jimmy/Work/misc/coursera_scala/week1/example/src/main/Main.scala
The server is listening for incoming connections at local:///tmp/bsp1751691332573597232/1qaspodzjq013.socket...
Accepted incoming BSP client connection at local:///tmp/bsp1751691332573597232/1qaspodzjq013.socket
INFO  tracing is disabled for protocol BSP, to enable tracing of incoming and outgoing JSON messages create an empty file at /home/jimmy/.cache/metals/bsp.trace.json
request received: build/initialize
INFO  time: connected to build server in 5.41s
BSP initialization handshake complete.
INFO  time: imported build in 0.17s
INFO  time: indexed workspace in 0.75s
INFO  running '/usr/lib/jvm/java-8-openjdk-amd64/jre/bin/java -Djline.terminal=jline.UnsupportedTerminal -Dsbt.log.noformat=true -Dfile.encoding=UTF-8 -jar /tmp/metals3810704745300283737/sbt-launch.jar metalsEnable bloopInstall'
INFO  [info] Loading global plugins from /home/jimmy/.sbt/0.13/plugins
INFO  [info] Loading project definition from /home/jimmy/Work/misc/coursera_scala/week1/example/project
INFO  [success] Generated .bloop/example-build.json
INFO  [success] Total time: 2 s, completed Aug 16, 2019 11:52:16 AM
INFO  [info] Set current project to progfun1-example (in build file:/home/jimmy/Work/misc/coursera_scala/week1/example/)
INFO  [info] Set current project to progfun1-example (in build file:/home/jimmy/Work/misc/coursera_scala/week1/example/)
INFO  [info] semanticdb-scalac is enabled
INFO  [success] Generated .bloop/root-test.json
INFO  [success] Generated .bloop/root.json
INFO  [success] Total time: 2 s, completed Aug 16, 2019 11:52:20 AM
INFO  build tool exit: 0
INFO  time: ran 'sbt bloopInstall' in 12s
INFO  disconnected: build server
shutdown request received: build/shutdown
[0m[31m[E][0m BSP server cancelled, closing socket...
Client in /home/jimmy/Work/misc/coursera_scala/week1/example/.bloop triggered cancellation. Cancelling tasks...
INFO  running embedded 'bloop bsp --protocol local --socket /tmp/bsp3497488031956351938/-1en36bgj5kxjz.socket'
INFO  bloop exit: 0
The server is listening for incoming connections at local:///tmp/bsp3497488031956351938/-1en36bgj5kxjz.socket...
Accepted incoming BSP client connection at local:///tmp/bsp3497488031956351938/-1en36bgj5kxjz.socket
INFO  tracing is disabled for protocol BSP, to enable tracing of incoming and outgoing JSON messages create an empty file at /home/jimmy/.cache/metals/bsp.trace.json
request received: build/initialize
BSP initialization handshake complete.
INFO  time: connected to build server in 0.23s
INFO  time: indexed workspace in 0.43s
WARN  no build target: /home/jimmy/Work/misc/coursera_scala/week1/example/src/main/Main.scala
INFO  no build target: using presentation compiler with only scala-library
WARN  no build target: /home/jimmy/Work/misc/coursera_scala/week1/example/src/main/Main.scala
WARN  no build target: /home/jimmy/Work/misc/coursera_scala/week1/example/src/main/Main.scala
WARN  code navigation does not work for the file '/home/jimmy/Work/misc/coursera_scala/week1/example/src/main/Main.scala' because it doesn't belong to a build target.
something's wrong: no file:///home/jimmy/Work/misc/coursera_scala/week1/example/src/main/scala/example/Lists.scala in List[Int]RangePosition(file:///home/jimmy/Work/misc/coursera_scala/week1/example/src/main/scala/example/Lists.scala, 1437, 1437, 1446)
something's wrong: no file:///home/jimmy/Work/misc/coursera_scala/week1/example/src/main/scala/example/Lists.scala in List[Int]RangePosition(file:///home/jimmy/Work/misc/coursera_scala/week1/example/src/main/scala/example/Lists.scala, 1437, 1437, 1446)
something's wrong: no file:///home/jimmy/Work/misc/coursera_scala/week1/example/src/main/scala/example/Lists.scala in List[Int]RangePosition(file:///home/jimmy/Work/misc/coursera_scala/week1/example/src/main/scala/example/Lists.scala, 1437, 1437, 1446)
Aug 16, 2019 1:39:45 PM org.eclipse.lsp4j.jsonrpc.RemoteEndpoint handleCancellation
WARNING: Unmatched cancel notification for request id 77
INFO  compiling root (1 scala source)
INFO  time: compiled root in 3.17s
ERROR Failed to compile 'root'
INFO  compiling root (1 scala source)
INFO  time: compiled root in 0.58s
ERROR Failed to compile 'root'
INFO  compiling root (1 scala source)
INFO  time: compiled root in 3.33s
Aug 16, 2019 2:02:08 PM org.eclipse.lsp4j.jsonrpc.services.GenericEndpoint notify
INFO: Unsupported notification method: $/setTraceNotification
Aug 16, 2019 2:02:09 PM org.eclipse.lsp4j.jsonrpc.services.GenericEndpoint notify
INFO: Unsupported notification method: $/setTraceNotification
Aug 16, 2019 2:02:18 PM org.eclipse.lsp4j.jsonrpc.services.GenericEndpoint notify
INFO: Unsupported notification method: $/setTraceNotification
Aug 16, 2019 2:02:22 PM org.eclipse.lsp4j.jsonrpc.services.GenericEndpoint notify
INFO: Unsupported notification method: $/setTraceNotification
INFO  compiling root (1 scala source)
INFO  compiling root (1 scala source)
INFO  /home/jimmy/Work/misc/coursera_scala/week1/example/src/main/scala/Main.scala:7:18: stale scalac error: unclosed character literal
    println('lala')
                 ^
INFO  time: compiled root in 0.22s
ERROR Failed to compile 'root'
INFO  compiling root (1 scala source)
INFO  /home/jimmy/Work/misc/coursera_scala/week1/example/src/main/scala/Main.scala:7:18: stale scalac error: unclosed character literal
    println('lala')
                 ^
INFO  time: compiled root in 0.14s
ERROR Failed to compile 'root'
INFO  /home/jimmy/Work/misc/coursera_scala/week1/example/src/main/scala/Main.scala:7:18: stale scalac error: unclosed character literal
    println('lala')
                 ^
INFO  /home/jimmy/Work/misc/coursera_scala/week1/example/src/main/scala/Main.scala:7:18: stale scalac error: unclosed character literal
    println('lala')
                 ^
INFO  /home/jimmy/Work/misc/coursera_scala/week1/example/src/main/scala/Main.scala:7:18: stale scalac error: unclosed character literal
    println('lala')
                 ^
INFO  /home/jimmy/Work/misc/coursera_scala/week1/example/src/main/scala/Main.scala:7:18: stale scalac error: unclosed character literal
    println('lala')
                 ^
INFO  /home/jimmy/Work/misc/coursera_scala/week1/example/src/main/scala/Main.scala:7:18: stale scalac error: unclosed character literal
    println('lala')
                 ^
INFO  compiling root (1 scala source)
INFO  /home/jimmy/Work/misc/coursera_scala/week1/example/src/main/scala/Main.scala:5:18: stale scalac error: unclosed character literal
    println('lala')
                 ^
INFO  time: compiled root in 0.16s
ERROR Failed to compile 'root'
INFO  /home/jimmy/Work/misc/coursera_scala/week1/example/src/main/scala/Main.scala:5:18: stale scalac error: unclosed character literal
    println('lala')
                 ^
INFO  /home/jimmy/Work/misc/coursera_scala/week1/example/src/main/scala/Main.scala:5:18: stale scalac error: unclosed character literal
    println('lala')
                 ^
INFO  /home/jimmy/Work/misc/coursera_scala/week1/example/src/main/scala/Main.scala:5:18: stale scalac error: unclosed character literal
    println('lala')
                 ^
INFO  compiling root (1 scala source)
INFO  /home/jimmy/Work/misc/coursera_scala/week1/example/src/main/scala/Main.scala:5:18: stale scalac error: unclosed character literal
    println('lala')    
                 ^
INFO  time: compiled root in 0.16s
ERROR Failed to compile 'root'
INFO  /home/jimmy/Work/misc/coursera_scala/week1/example/src/main/scala/Main.scala:5:18: stale scalac error: unclosed character literal
    println('lala')    
                 ^
INFO  /home/jimmy/Work/misc/coursera_scala/week1/example/src/main/scala/Main.scala:5:18: stale scalac error: unclosed character literal
    println('lala')    
                 ^
INFO  /home/jimmy/Work/misc/coursera_scala/week1/example/src/main/scala/Main.scala:5:18: stale scalac error: unclosed character literal
    println('lala')    
                 ^
INFO  /home/jimmy/Work/misc/coursera_scala/week1/example/src/main/scala/Main.scala:5:18: stale scalac error: unclosed character literal
    println('lala')    
                 ^
INFO  /home/jimmy/Work/misc/coursera_scala/week1/example/src/main/scala/Main.scala:5:18: stale scalac error: unclosed character literal
    println('lala')    
                 ^
INFO  /home/jimmy/Work/misc/coursera_scala/week1/example/src/main/scala/Main.scala:5:18: stale scalac error: unclosed character literal
    println('lala')    
                 ^
INFO  /home/jimmy/Work/misc/coursera_scala/week1/example/src/main/scala/Main.scala:5:18: stale scalac error: unclosed character literal
    println('lala')    
                 ^
INFO  compiling root (1 scala source)
INFO  time: compiled root in 2.33s
INFO  compiling root (1 scala source)
INFO  time: compiled root in 1.79s
INFO  compiling root (1 scala source)
INFO  time: compiled root in 1.37s
Aug 16, 2019 2:51:02 PM org.eclipse.lsp4j.jsonrpc.RemoteEndpoint handleCancellation
WARNING: Unmatched cancel notification for request id 221
Aug 16, 2019 3:04:46 PM org.eclipse.lsp4j.jsonrpc.RemoteEndpoint handleCancellation
WARNING: Unmatched cancel notification for request id 284
INFO  compiling root (1 scala source)
INFO  time: compiled root in 0.53s
ERROR Failed to compile 'root'
INFO  compiling root (1 scala source)
INFO  time: compiled root in 0.79s
ERROR Failed to compile 'root'
INFO  compiling root (1 scala source)
INFO  time: compiled root in 1.15s
INFO  compiling root (1 scala source)
INFO  time: compiled root in 1.07s
INFO  compiling root (1 scala source)
INFO  time: compiled root in 0.31s
ERROR Failed to compile 'root'
INFO  compiling root (1 scala source)
INFO  time: compiled root in 0.2s
ERROR Failed to compile 'root'
INFO  compiling root (1 scala source)
INFO  time: compiled root in 0.3s
ERROR Failed to compile 'root'
INFO  compiling root (1 scala source)
INFO  time: compiled root in 0.25s
ERROR Failed to compile 'root'
INFO  compiling root (1 scala source)
INFO  time: compiled root in 0.3s
ERROR Failed to compile 'root'
INFO  compiling root (1 scala source)
INFO  time: compiled root in 0.41s
ERROR Failed to compile 'root'
something's wrong: no file:///home/jimmy/Work/misc/coursera_scala/week1/example/src/main/scala/example/Lists.scala in List[<error>]RangePosition(file:///home/jimmy/Work/misc/coursera_scala/week1/example/src/main/scala/example/Lists.scala, 1498, 1498, 1512)
something's wrong: no file:///home/jimmy/Work/misc/coursera_scala/week1/example/src/main/scala/example/Lists.scala in List[<error>]RangePosition(file:///home/jimmy/Work/misc/coursera_scala/week1/example/src/main/scala/example/Lists.scala, 1498, 1498, 1508)
something's wrong: no file:///home/jimmy/Work/misc/coursera_scala/week1/example/src/main/scala/example/Lists.scala in List[<error>]RangePosition(file:///home/jimmy/Work/misc/coursera_scala/week1/example/src/main/scala/example/Lists.scala, 1498, 1498, 1508)
something's wrong: no file:///home/jimmy/Work/misc/coursera_scala/week1/example/src/main/scala/example/Lists.scala in List[<error>]RangePosition(file:///home/jimmy/Work/misc/coursera_scala/week1/example/src/main/scala/example/Lists.scala, 1498, 1498, 1508)
something's wrong: no file:///home/jimmy/Work/misc/coursera_scala/week1/example/src/main/scala/example/Lists.scala in List[<error>]RangePosition(file:///home/jimmy/Work/misc/coursera_scala/week1/example/src/main/scala/example/Lists.scala, 1498, 1498, 1508)
something's wrong: no file:///home/jimmy/Work/misc/coursera_scala/week1/example/src/main/scala/example/Lists.scala in List[<error>]RangePosition(file:///home/jimmy/Work/misc/coursera_scala/week1/example/src/main/scala/example/Lists.scala, 1498, 1498, 1508)
something's wrong: no file:///home/jimmy/Work/misc/coursera_scala/week1/example/src/main/scala/example/Lists.scala in List[<error>]RangePosition(file:///home/jimmy/Work/misc/coursera_scala/week1/example/src/main/scala/example/Lists.scala, 1498, 1498, 1508)
something's wrong: no file:///home/jimmy/Work/misc/coursera_scala/week1/example/src/main/scala/example/Lists.scala in List[<error>]RangePosition(file:///home/jimmy/Work/misc/coursera_scala/week1/example/src/main/scala/example/Lists.scala, 1498, 1498, 1508)
something's wrong: no file:///home/jimmy/Work/misc/coursera_scala/week1/example/src/main/scala/example/Lists.scala in List[<error>]RangePosition(file:///home/jimmy/Work/misc/coursera_scala/week1/example/src/main/scala/example/Lists.scala, 1498, 1498, 1508)
something's wrong: no file:///home/jimmy/Work/misc/coursera_scala/week1/example/src/main/scala/example/Lists.scala in List[<error>]RangePosition(file:///home/jimmy/Work/misc/coursera_scala/week1/example/src/main/scala/example/Lists.scala, 1498, 1498, 1508)
something's wrong: no file:///home/jimmy/Work/misc/coursera_scala/week1/example/src/main/scala/example/Lists.scala in List[Int]RangePosition(file:///home/jimmy/Work/misc/coursera_scala/week1/example/src/main/scala/example/Lists.scala, 1498, 1498, 1507)
something's wrong: no file:///home/jimmy/Work/misc/coursera_scala/week1/example/src/main/scala/example/Lists.scala in List[Int]RangePosition(file:///home/jimmy/Work/misc/coursera_scala/week1/example/src/main/scala/example/Lists.scala, 1498, 1498, 1507)
something's wrong: no file:///home/jimmy/Work/misc/coursera_scala/week1/example/src/main/scala/example/Lists.scala in List[Int]RangePosition(file:///home/jimmy/Work/misc/coursera_scala/week1/example/src/main/scala/example/Lists.scala, 1498, 1498, 1507)
INFO  compiling root (1 scala source)
INFO  time: compiled root in 0.15s
ERROR Failed to compile 'root'
INFO  compiling root (1 scala source)
INFO  time: compiled root in 0.23s
ERROR Failed to compile 'root'
INFO  compiling root (1 scala source)
INFO  time: compiled root in 0.17s
ERROR Failed to compile 'root'
INFO  compiling root (1 scala source)
INFO  time: compiled root in 0.17s
ERROR Failed to compile 'root'
INFO  compiling root (1 scala source)
INFO  time: compiled root in 0.19s
ERROR Failed to compile 'root'
INFO  compiling root (1 scala source)
INFO  time: compiled root in 0.24s
ERROR Failed to compile 'root'
INFO  compiling root (1 scala source)
INFO  time: compiled root in 0.17s
ERROR Failed to compile 'root'
INFO  compiling root (1 scala source)
INFO  time: compiled root in 0.28s
ERROR Failed to compile 'root'
INFO  compiling root (1 scala source)
INFO  time: compiled root in 0.13s
ERROR Failed to compile 'root'
INFO  compiling root (1 scala source)
INFO  time: compiled root in 0.23s
ERROR Failed to compile 'root'
INFO  compiling root (1 scala source)
INFO  time: compiled root in 0.23s
ERROR Failed to compile 'root'
INFO  compiling root (1 scala source)
INFO  time: compiled root in 0.25s
ERROR Failed to compile 'root'
INFO  compiling root (1 scala source)
INFO  time: compiled root in 0.37s
ERROR Failed to compile 'root'
INFO  compiling root (1 scala source)
INFO  time: compiled root in 0.19s
ERROR Failed to compile 'root'
INFO  compiling root (1 scala source)
INFO  time: compiled root in 0.2s
ERROR Failed to compile 'root'
INFO  compiling root (1 scala source)
INFO  time: compiled root in 0.16s
ERROR Failed to compile 'root'
INFO  compiling root (1 scala source)
INFO  time: compiled root in 0.14s
ERROR Failed to compile 'root'
INFO  compiling root (1 scala source)
INFO  time: compiled root in 0.41s
ERROR Failed to compile 'root'
INFO  compiling root (1 scala source)
INFO  time: compiled root in 1.57s
ERROR Failed to compile 'root'
INFO  compiling root (1 scala source)
INFO  time: compiled root in 0.29s
ERROR Failed to compile 'root'
INFO  compiling root (1 scala source)
INFO  time: compiled root in 0.29s
ERROR Failed to compile 'root'
INFO  compiling root (1 scala source)
INFO  time: compiled root in 0.36s
ERROR Failed to compile 'root'
INFO  compiling root (1 scala source)
INFO  time: compiled root in 0.4s
ERROR Failed to compile 'root'
INFO  compiling root (1 scala source)
INFO  time: compiled root in 0.12s
ERROR Failed to compile 'root'
INFO  compiling root (1 scala source)
INFO  time: compiled root in 0.16s
ERROR Failed to compile 'root'
INFO  compiling root (1 scala source)
INFO  time: compiled root in 0.33s
ERROR Failed to compile 'root'
INFO  compiling root (1 scala source)
INFO  time: compiled root in 0.28s
ERROR Failed to compile 'root'
INFO  compiling root (1 scala source)
INFO  time: compiled root in 0.3s
ERROR Failed to compile 'root'
INFO  compiling root (1 scala source)
INFO  time: compiled root in 0.23s
ERROR Failed to compile 'root'
INFO  compiling root (1 scala source)
INFO  time: compiled root in 0.35s
ERROR Failed to compile 'root'
INFO  compiling root (1 scala source)
INFO  time: compiled root in 0.22s
ERROR Failed to compile 'root'
INFO  compiling root (1 scala source)
INFO  time: compiled root in 0.25s
ERROR Failed to compile 'root'
INFO  compiling root (1 scala source)
INFO  time: compiled root in 0.23s
ERROR Failed to compile 'root'
INFO  compiling root (1 scala source)
INFO  time: compiled root in 0.23s
ERROR Failed to compile 'root'
INFO  compiling root (1 scala source)
INFO  time: compiled root in 0.41s
ERROR Failed to compile 'root'
INFO  compiling root (1 scala source)
INFO  time: compiled root in 0.28s
ERROR Failed to compile 'root'
INFO  compiling root (1 scala source)
INFO  time: compiled root in 0.29s
ERROR Failed to compile 'root'
INFO  compiling root (1 scala source)
INFO  time: compiled root in 0.28s
ERROR Failed to compile 'root'
INFO  compiling root (1 scala source)
INFO  time: compiled root in 0.21s
ERROR Failed to compile 'root'
INFO  compiling root (1 scala source)
INFO  time: compiled root in 0.24s
ERROR Failed to compile 'root'
INFO  compiling root (1 scala source)
INFO  time: compiled root in 0.26s
ERROR Failed to compile 'root'
INFO  compiling root (1 scala source)
INFO  time: compiled root in 0.26s
ERROR Failed to compile 'root'
INFO  compiling root (1 scala source)
INFO  time: compiled root in 0.27s
ERROR Failed to compile 'root'
INFO  compiling root (1 scala source)
INFO  time: compiled root in 0.28s
ERROR Failed to compile 'root'
INFO  compiling root (1 scala source)
INFO  time: compiled root in 0.26s
ERROR Failed to compile 'root'
INFO  compiling root (1 scala source)
INFO  time: compiled root in 0.17s
ERROR Failed to compile 'root'
INFO  compiling root (1 scala source)
INFO  time: compiled root in 0.21s
ERROR Failed to compile 'root'
INFO  compiling root (1 scala source)
INFO  time: compiled root in 0.29s
ERROR Failed to compile 'root'
INFO  compiling root (1 scala source)
INFO  time: compiled root in 0.31s
ERROR Failed to compile 'root'
INFO  compiling root (1 scala source)
INFO  time: compiled root in 0.21s
ERROR Failed to compile 'root'
INFO  compiling root (1 scala source)
INFO  time: compiled root in 0.26s
ERROR Failed to compile 'root'
INFO  compiling root (1 scala source)
INFO  time: compiled root in 0.21s
ERROR Failed to compile 'root'
INFO  compiling root (1 scala source)
INFO  time: compiled root in 0.11s
ERROR Failed to compile 'root'
INFO  compiling root (1 scala source)
INFO  time: compiled root in 0.23s
ERROR Failed to compile 'root'
INFO  compiling root (1 scala source)
INFO  time: compiled root in 0.14s
ERROR Failed to compile 'root'
INFO  compiling root (1 scala source)
INFO  time: compiled root in 0.26s
ERROR Failed to compile 'root'
INFO  compiling root (1 scala source)
INFO  time: compiled root in 0.28s
ERROR Failed to compile 'root'
INFO  compiling root (1 scala source)
INFO  time: compiled root in 0.3s
ERROR Failed to compile 'root'
INFO  compiling root (1 scala source)
INFO  time: compiled root in 0.11s
ERROR Failed to compile 'root'
INFO  compiling root (1 scala source)
INFO  time: compiled root in 0.16s
ERROR Failed to compile 'root'
INFO  compiling root (1 scala source)
INFO  time: compiled root in 0.21s
ERROR Failed to compile 'root'
INFO  compiling root (1 scala source)
INFO  time: compiled root in 0.2s
ERROR Failed to compile 'root'
INFO  compiling root (1 scala source)
INFO  time: compiled root in 0.14s
ERROR Failed to compile 'root'
INFO  compiling root (1 scala source)
INFO  time: compiled root in 0.18s
ERROR Failed to compile 'root'
INFO  compiling root (1 scala source)
INFO  time: compiled root in 0.25s
ERROR Failed to compile 'root'
INFO  compiling root (1 scala source)
INFO  time: compiled root in 0.22s
ERROR Failed to compile 'root'
something's wrong: no file:///home/jimmy/Work/misc/coursera_scala/week1/example/src/main/scala/example/Lists.scala in List[Int]RangePosition(file:///home/jimmy/Work/misc/coursera_scala/week1/example/src/main/scala/example/Lists.scala, 1456, 1456, 1465)
INFO  compiling root (1 scala source)
INFO  time: compiled root in 0.21s
ERROR Failed to compile 'root'
INFO  compiling root (1 scala source)
INFO  time: compiled root in 0.2s
ERROR Failed to compile 'root'
INFO  compiling root (1 scala source)
INFO  time: compiled root in 0.16s
ERROR Failed to compile 'root'
INFO  compiling root (1 scala source)
INFO  time: compiled root in 0.16s
ERROR Failed to compile 'root'
something's wrong: no file:///home/jimmy/Work/misc/coursera_scala/week1/example/src/main/scala/example/Lists.scala in List[Int]RangePosition(file:///home/jimmy/Work/misc/coursera_scala/week1/example/src/main/scala/example/Lists.scala, 1505, 1505, 1514)
INFO  compiling root (1 scala source)
INFO  time: compiled root in 0.14s
ERROR Failed to compile 'root'
INFO  compiling root (1 scala source)
INFO  time: compiled root in 0.25s
ERROR Failed to compile 'root'
INFO  compiling root (1 scala source)
INFO  time: compiled root in 0.16s
ERROR Failed to compile 'root'
INFO  compiling root (1 scala source)
INFO  time: compiled root in 0.17s
ERROR Failed to compile 'root'
INFO  compiling root (1 scala source)
INFO  time: compiled root in 0.15s
ERROR Failed to compile 'root'
INFO  compiling root (1 scala source)
INFO  time: compiled root in 0.16s
ERROR Failed to compile 'root'
INFO  compiling root (1 scala source)
INFO  time: compiled root in 0.1s
ERROR Failed to compile 'root'
INFO  compiling root (1 scala source)
INFO  time: compiled root in 81ms
ERROR Failed to compile 'root'
INFO  compiling root (1 scala source)
INFO  time: compiled root in 0.12s
ERROR Failed to compile 'root'
INFO  compiling root (1 scala source)
INFO  time: compiled root in 0.11s
ERROR Failed to compile 'root'
INFO  compiling root (1 scala source)
INFO  time: compiled root in 0.18s
ERROR Failed to compile 'root'
INFO  compiling root (1 scala source)
INFO  time: compiled root in 0.16s
ERROR Failed to compile 'root'
INFO  compiling root (1 scala source)
INFO  time: compiled root in 0.11s
ERROR Failed to compile 'root'
INFO  compiling root (1 scala source)
INFO  time: compiled root in 0.33s
ERROR Failed to compile 'root'
INFO  compiling root (1 scala source)
INFO  time: compiled root in 0.22s
ERROR Failed to compile 'root'
INFO  compiling root (1 scala source)
INFO  time: compiled root in 0.2s
ERROR Failed to compile 'root'
INFO  compiling root (1 scala source)
INFO  time: compiled root in 0.14s
ERROR Failed to compile 'root'
INFO  compiling root (1 scala source)
INFO  time: compiled root in 0.16s
ERROR Failed to compile 'root'
INFO  compiling root (1 scala source)
INFO  time: compiled root in 0.41s
ERROR Failed to compile 'root'
INFO  compiling root (1 scala source)
INFO  time: compiled root in 0.16s
ERROR Failed to compile 'root'
INFO  compiling root (1 scala source)
INFO  time: compiled root in 0.16s
ERROR Failed to compile 'root'
INFO  compiling root (1 scala source)
INFO  time: compiled root in 0.15s
ERROR Failed to compile 'root'
INFO  compiling root (1 scala source)
INFO  time: compiled root in 0.32s
ERROR Failed to compile 'root'
INFO  compiling root (1 scala source)
INFO  time: compiled root in 0.18s
ERROR Failed to compile 'root'
something's wrong: no file:///home/jimmy/Work/misc/coursera_scala/week1/example/src/main/scala/example/Lists.scala in List[Int]RangePosition(file:///home/jimmy/Work/misc/coursera_scala/week1/example/src/main/scala/example/Lists.scala, 1505, 1505, 1514)
INFO  compiling root (1 scala source)
INFO  time: compiled root in 0.12s
ERROR Failed to compile 'root'
INFO  compiling root (1 scala source)
INFO  time: compiled root in 0.14s
ERROR Failed to compile 'root'
INFO  compiling root (1 scala source)
INFO  time: compiled root in 0.19s
ERROR Failed to compile 'root'
INFO  compiling root (1 scala source)
INFO  time: compiled root in 0.4s
ERROR Failed to compile 'root'
INFO  compiling root (1 scala source)
INFO  time: compiled root in 0.21s
ERROR Failed to compile 'root'
INFO  compiling root (1 scala source)
INFO  time: compiled root in 0.3s
ERROR Failed to compile 'root'
INFO  compiling root (1 scala source)
INFO  time: compiled root in 0.31s
ERROR Failed to compile 'root'
INFO  compiling root (1 scala source)
INFO  time: compiled root in 0.13s
ERROR Failed to compile 'root'
INFO  compiling root (1 scala source)
INFO  time: compiled root in 0.13s
ERROR Failed to compile 'root'
Aug 16, 2019 3:47:27 PM org.eclipse.lsp4j.jsonrpc.RemoteEndpoint handleCancellation
WARNING: Unmatched cancel notification for request id 1161
INFO  compiling root (1 scala source)
INFO  time: compiled root in 1.15s
INFO  compiling root (1 scala source)
INFO  time: compiled root in 1.45s
INFO  compiling root (1 scala source)
INFO  time: compiled root in 0.24s
ERROR Failed to compile 'root'
INFO  compiling root (1 scala source)
INFO  time: compiled root in 0.42s
ERROR Failed to compile 'root'
INFO  compiling root (1 scala source)
INFO  time: compiled root in 92ms
ERROR Failed to compile 'root'
INFO  compiling root (1 scala source)
INFO  time: compiled root in 0.14s
ERROR Failed to compile 'root'
INFO  compiling root (1 scala source)
INFO  time: compiled root in 0.26s
ERROR Failed to compile 'root'
INFO  compiling root (1 scala source)
INFO  time: compiled root in 0.13s
ERROR Failed to compile 'root'
INFO  compiling root (1 scala source)
INFO  time: compiled root in 0.1s
ERROR Failed to compile 'root'
INFO  compiling root (1 scala source)
INFO  time: compiled root in 2.64s
ERROR Failed to compile 'root'
INFO  compiling root (1 scala source)
INFO  time: compiled root in 0.13s
ERROR Failed to compile 'root'
INFO  compiling root (1 scala source)
INFO  time: compiled root in 0.12s
ERROR Failed to compile 'root'
INFO  compiling root (1 scala source)
INFO  time: compiled root in 0.12s
ERROR Failed to compile 'root'
INFO  compiling root (1 scala source)
INFO  time: compiled root in 0.27s
ERROR Failed to compile 'root'
INFO  compiling root (1 scala source)
INFO  time: compiled root in 0.32s
ERROR Failed to compile 'root'
INFO  compiling root (1 scala source)
INFO  time: compiled root in 0.23s
ERROR Failed to compile 'root'
INFO  compiling root (1 scala source)
INFO  time: compiled root in 0.19s
ERROR Failed to compile 'root'
INFO  compiling root (1 scala source)
INFO  time: compiled root in 0.22s
ERROR Failed to compile 'root'
INFO  compiling root (1 scala source)
INFO  time: compiled root in 0.35s
ERROR Failed to compile 'root'
INFO  compiling root (1 scala source)
INFO  time: compiled root in 0.16s
ERROR Failed to compile 'root'
INFO  compiling root (1 scala source)
INFO  time: compiled root in 1.41s
INFO  compiling root (1 scala source)
INFO  time: compiled root in 0.27s
ERROR Failed to compile 'root'
INFO  compiling root (1 scala source)
INFO  time: compiled root in 0.24s
ERROR Failed to compile 'root'
INFO  compiling root (1 scala source)
INFO  time: compiled root in 0.15s
ERROR Failed to compile 'root'
INFO  compiling root (1 scala source)
INFO  time: compiled root in 0.17s
ERROR Failed to compile 'root'
INFO  compiling root (1 scala source)
INFO  time: compiled root in 1.12s
INFO  compiling root (1 scala source)
INFO  time: compiled root in 1.22s
INFO  compiling root (1 scala source)
INFO  time: compiled root in 1.34s
INFO  compiling root-test (1 scala source)
INFO  time: compiled root-test in 0.14s
ERROR Failed to compile 'root-test'
INFO  compiling root-test (1 scala source)
INFO  time: compiled root-test in 0.23s
ERROR Failed to compile 'root-test'
INFO  compiling root-test (1 scala source)
INFO  time: compiled root-test in 0.11s
ERROR Failed to compile 'root-test'
INFO  compiling root-test (1 scala source)
INFO  time: compiled root-test in 0.18s
ERROR Failed to compile 'root-test'
INFO  compiling root-test (1 scala source)
INFO  time: compiled root-test in 0.13s
ERROR Failed to compile 'root-test'
INFO  compiling root-test (1 scala source)
INFO  time: compiled root-test in 0.21s
ERROR Failed to compile 'root-test'
INFO  compiling root-test (1 scala source)
INFO  time: compiled root-test in 0.17s
ERROR Failed to compile 'root-test'
INFO  compiling root-test (1 scala source)
INFO  time: compiled root-test in 90ms
ERROR Failed to compile 'root-test'
INFO  compiling root-test (1 scala source)
INFO  time: compiled root-test in 94ms
ERROR Failed to compile 'root-test'
INFO  compiling root-test (1 scala source)
INFO  time: compiled root-test in 0.13s
ERROR Failed to compile 'root-test'
INFO  compiling root-test (1 scala source)
INFO  time: compiled root-test in 3.96s
INFO  compiling root (1 scala source)
INFO  time: compiled root in 2.9s
INFO  compiling root (1 scala source)
INFO  time: compiled root in 0.26s
ERROR Failed to compile 'root'
INFO  compiling root (1 scala source)
INFO  time: compiled root in 2.24s
ERROR Failed to compile 'root'
INFO  compiling root (1 scala source)
INFO  time: compiled root in 0.23s
ERROR Failed to compile 'root'
INFO  compiling root (1 scala source)
INFO  time: compiled root in 0.26s
ERROR Failed to compile 'root'
INFO  compiling root (1 scala source)
INFO  time: compiled root in 0.25s
ERROR Failed to compile 'root'
INFO  compiling root (1 scala source)
INFO  time: compiled root in 0.26s
ERROR Failed to compile 'root'
INFO  compiling root (1 scala source)
INFO  time: compiled root in 0.15s
ERROR Failed to compile 'root'
INFO  compiling root (1 scala source)
INFO  time: compiled root in 0.23s
ERROR Failed to compile 'root'
INFO  compiling root (1 scala source)
INFO  time: compiled root in 0.27s
ERROR Failed to compile 'root'
INFO  compiling root (1 scala source)
INFO  time: compiled root in 1.31s
INFO  compiling root-test (1 scala source)
INFO  time: compiled root-test in 2.44s
INFO  compiling root-test (1 scala source)
INFO  time: compiled root-test in 1.61s
INFO  compiling root-test (1 scala source)
INFO  time: compiled root-test in 2.6s
INFO  compiling root (1 scala source)
INFO  time: compiled root in 0.2s
ERROR Failed to compile 'root'
INFO  compiling root (1 scala source)
INFO  time: compiled root in 0.17s
ERROR Failed to compile 'root'
INFO  compiling root (1 scala source)
INFO  time: compiled root in 0.14s
ERROR Failed to compile 'root'
INFO  compiling root (1 scala source)
INFO  time: compiled root in 0.22s
ERROR Failed to compile 'root'
INFO  compiling root (1 scala source)
INFO  time: compiled root in 0.41s
ERROR Failed to compile 'root'
INFO  compiling root (1 scala source)
INFO  time: compiled root in 0.15s
ERROR Failed to compile 'root'
INFO  compiling root (1 scala source)
INFO  time: compiled root in 0.26s
ERROR Failed to compile 'root'
INFO  compiling root (1 scala source)
INFO  time: compiled root in 0.33s
ERROR Failed to compile 'root'
INFO  compiling root (1 scala source)
INFO  time: compiled root in 0.14s
ERROR Failed to compile 'root'
INFO  compiling root (1 scala source)
INFO  time: compiled root in 0.22s
ERROR Failed to compile 'root'
INFO  compiling root (1 scala source)
INFO  time: compiled root in 0.15s
ERROR Failed to compile 'root'
INFO  compiling root (1 scala source)
INFO  time: compiled root in 0.36s
ERROR Failed to compile 'root'
INFO  compiling root (1 scala source)
INFO  time: compiled root in 0.18s
ERROR Failed to compile 'root'
INFO  compiling root (1 scala source)
INFO  time: compiled root in 0.29s
ERROR Failed to compile 'root'
INFO  compiling root (1 scala source)
INFO  time: compiled root in 0.25s
ERROR Failed to compile 'root'
INFO  compiling root (1 scala source)
INFO  time: compiled root in 84ms
ERROR Failed to compile 'root'
INFO  compiling root (1 scala source)
INFO  time: compiled root in 0.14s
ERROR Failed to compile 'root'
INFO  compiling root (1 scala source)
INFO  time: compiled root in 0.21s
ERROR Failed to compile 'root'
INFO  compiling root (1 scala source)
INFO  time: compiled root in 0.16s
ERROR Failed to compile 'root'
INFO  compiling root (1 scala source)
INFO  time: compiled root in 0.15s
ERROR Failed to compile 'root'
INFO  compiling root (1 scala source)
INFO  time: compiled root in 0.26s
ERROR Failed to compile 'root'
INFO  compiling root (1 scala source)
INFO  time: compiled root in 0.23s
ERROR Failed to compile 'root'
Aug 16, 2019 4:54:27 PM org.eclipse.lsp4j.jsonrpc.RemoteEndpoint handleCancellation
WARNING: Unmatched cancel notification for request id 1876
INFO  compiling root (1 scala source)
INFO  time: compiled root in 1.41s
INFO  compiling root (1 scala source)
INFO  time: compiled root in 1.14s
INFO  compiling root (1 scala source)
INFO  time: compiled root in 0.23s
ERROR Failed to compile 'root'
INFO  compiling root (1 scala source)
INFO  time: compiled root in 0.18s
ERROR Failed to compile 'root'
INFO  compiling root (1 scala source)
INFO  time: compiled root in 1.2s
INFO  compiling root (1 scala source)
INFO  time: compiled root in 1.4s
INFO  compiling root (1 scala source)
INFO  time: compiled root in 1.56s
WARN  no build target: /home/jimmy/Work/misc/coursera_scala/week1/example/src/main/scala/session.sc
WARN  no build target: /home/jimmy/Work/misc/coursera_scala/week1/example/src/main/scala/session.sc
WARN  no build target: /home/jimmy/Work/misc/coursera_scala/week1/example/src/main/scala/session.sc
INFO  running '/usr/lib/jvm/java-8-openjdk-amd64/jre/bin/java -Djline.terminal=jline.UnsupportedTerminal -Dsbt.log.noformat=true -Dfile.encoding=UTF-8 -jar /tmp/metals8234934605600008313/sbt-launch.jar metalsEnable bloopInstall'
INFO  [info] Loading global plugins from /home/jimmy/.sbt/0.13/plugins
INFO  [info] Updating {file:/home/jimmy/.sbt/0.13/plugins/}global-plugins...
INFO  [info] Resolving ch.epfl.scala#sbt-bloop;1.3.2 ...
INFO  [info] Resolving ch.epfl.scala#bloop-config_2.10;1.3.2 ...
INFO  [info] Resolving org.scala-lang#scala-library;2.10.7 ...
INFO  [info] Resolving io.circe#circe-parser_2.10;0.9.3 ...
INFO  [info] Resolving io.circe#circe-jawn_2.10;0.9.3 ...
INFO  [info] Resolving io.circe#circe-core_2.10;0.9.3 ...
INFO  [info] Resolving io.circe#circe-numbers_2.10;0.9.3 ...
INFO  [info] Resolving org.typelevel#cats-core_2.10;1.0.1 ...
INFO  [info] Resolving org.typelevel#cats-macros_2.10;1.0.1 ...
INFO  [info] Resolving org.typelevel#machinist_2.10;0.6.2 ...
INFO  [info] Resolving org.scala-lang#scala-reflect;2.10.7 ...
INFO  [info] Resolving org.typelevel#cats-kernel_2.10;1.0.1 ...
INFO  [info] Resolving org.spire-math#jawn-parser_2.10;0.11.1 ...
INFO  [info] Resolving io.circe#circe-generic_2.10;0.9.3 ...
INFO  [info] Resolving org.typelevel#macro-compat_2.10;1.1.1 ...
INFO  [info] Resolving org.scalamacros#quasiquotes_2.10;2.1.1 ...
INFO  [info] Resolving com.chuusai#shapeless_2.10;2.3.3 ...
INFO  [info] Resolving org.scalameta#sbt-metals;0.6.1 ...
INFO  [info] Resolving org.scala-sbt#sbt;0.13.17 ...
INFO  [info] Resolving org.scala-sbt#main;0.13.17 ...
INFO  [info] Resolving org.scala-sbt#actions;0.13.17 ...
INFO  [info] Resolving org.scala-sbt#classpath;0.13.17 ...
INFO  [info] Resolving org.scala-lang#scala-compiler;2.10.7 ...
INFO  [info] Resolving org.scala-sbt#interface;0.13.17 ...
INFO  [info] Resolving org.scala-sbt#io;0.13.17 ...
INFO  [info] Resolving org.scala-sbt#control;0.13.17 ...
INFO  [info] Resolving org.scala-sbt#launcher-interface;1.0.1 ...
INFO  [info] Resolving org.scala-sbt#completion;0.13.17 ...
INFO  [info] Resolving org.scala-sbt#collections;0.13.17 ...
INFO  [info] Resolving jline#jline;2.14.5 ...
INFO  [info] Resolving org.scala-sbt#api;0.13.17 ...
INFO  [info] Resolving org.scala-sbt#classfile;0.13.17 ...
INFO  [info] Resolving org.scala-sbt#logging;0.13.17 ...
INFO  [info] Resolving org.scala-sbt#process;0.13.17 ...
INFO  [info] Resolving org.scala-sbt#compiler-integration;0.13.17 ...
INFO  [info] Resolving org.scala-sbt#incremental-compiler;0.13.17 ...
INFO  [info] Resolving org.scala-sbt#relation;0.13.17 ...
INFO  [info] Resolving org.scala-sbt#compile;0.13.17 ...
INFO  [info] Resolving org.scala-sbt#persist;0.13.17 ...
INFO  [info] Resolving org.scala-tools.sbinary#sbinary_2.10;0.4.2 ...
INFO  [info] Resolving org.scala-sbt#compiler-ivy-integration;0.13.17 ...
INFO  [info] Resolving org.scala-sbt#ivy;0.13.17 ...
INFO  [info] Resolving org.scala-sbt#cross;0.13.17 ...
INFO  [info] Resolving org.scala-sbt.ivy#ivy;2.3.0-sbt-b18f59ea3bc914a297bb6f1a4f7fb0ace399e310 ...
INFO  [info] Resolving com.jcraft#jsch;0.1.50 ...
INFO  [info] Resolving org.scala-sbt#serialization_2.10;0.1.2 ...
INFO  [info] Resolving org.scala-lang.modules#scala-pickling_2.10;0.10.1 ...
INFO  [info] Resolving org.scalamacros#quasiquotes_2.10;2.0.1 ...
INFO  [info] Resolving org.json4s#json4s-core_2.10;3.2.10 ...
INFO  [info] Resolving org.json4s#json4s-ast_2.10;3.2.10 ...
INFO  [info] Resolving com.thoughtworks.paranamer#paranamer;2.6 ...
INFO  [info] Resolving org.spire-math#jawn-parser_2.10;0.6.0 ...
INFO  [info] Resolving org.spire-math#json4s-support_2.10;0.6.0 ...
INFO  [info] Resolving org.scala-sbt#run;0.13.17 ...
INFO  [info] Resolving org.scala-sbt#task-system;0.13.17 ...
INFO  [info] Resolving org.scala-sbt#tasks;0.13.17 ...
INFO  [info] Resolving org.scala-sbt#tracking;0.13.17 ...
INFO  [info] Resolving org.scala-sbt#cache;0.13.17 ...
INFO  [info] Resolving org.scala-sbt#testing;0.13.17 ...
INFO  [info] Resolving org.scala-sbt#test-agent;0.13.17 ...
INFO  [info] Resolving org.scala-sbt#test-interface;1.0 ...
INFO  [info] Resolving org.scala-sbt#main-settings;0.13.17 ...
INFO  [info] Resolving org.scala-sbt#apply-macro;0.13.17 ...
INFO  [info] Resolving org.scala-sbt#command;0.13.17 ...
INFO  [info] Resolving org.scala-sbt#template-resolver;0.1 ...
INFO  [info] Resolving org.scala-sbt#logic;0.13.17 ...
INFO  [info] Resolving org.scala-sbt#compiler-interface;0.13.17 ...
INFO  [info] Resolving org.scala-lang#jline;2.10.7 ...
INFO  [info] Resolving org.fusesource.jansi#jansi;1.4 ...
INFO  [info] Done updating.
INFO  [info] Loading project definition from /home/jimmy/Work/misc/coursera_scala/week1/example/project
INFO  [info] Updating {file:/home/jimmy/Work/misc/coursera_scala/week1/example/project/}example-build...
INFO  [info] Resolving org.scala-sbt#global-plugins;0.0 ...
INFO  [info] Resolving ch.epfl.scala#sbt-bloop;1.3.2 ...
INFO  [info] Resolving ch.epfl.scala#bloop-config_2.10;1.3.2 ...
INFO  [info] Resolving org.scala-lang#scala-library;2.10.7 ...
INFO  [info] Resolving io.circe#circe-parser_2.10;0.9.3 ...
INFO  [info] Resolving io.circe#circe-jawn_2.10;0.9.3 ...
INFO  [info] Resolving io.circe#circe-core_2.10;0.9.3 ...
INFO  [info] Resolving io.circe#circe-numbers_2.10;0.9.3 ...
INFO  [info] Resolving org.typelevel#cats-core_2.10;1.0.1 ...
INFO  [info] Resolving org.typelevel#cats-macros_2.10;1.0.1 ...
INFO  [info] Resolving org.typelevel#machinist_2.10;0.6.2 ...
INFO  [info] Resolving org.scala-lang#scala-reflect;2.10.7 ...
INFO  [info] Resolving org.typelevel#cats-kernel_2.10;1.0.1 ...
INFO  [info] Resolving org.spire-math#jawn-parser_2.10;0.11.1 ...
INFO  [info] Resolving io.circe#circe-generic_2.10;0.9.3 ...
INFO  [info] Resolving org.typelevel#macro-compat_2.10;1.1.1 ...
INFO  [info] Resolving org.scalamacros#quasiquotes_2.10;2.1.1 ...
INFO  [info] Resolving com.chuusai#shapeless_2.10;2.3.3 ...
INFO  [info] Resolving org.scalameta#sbt-metals;0.6.1 ...
INFO  [info] Resolving org.scalastyle#scalastyle_2.10;0.8.0 ...
INFO  [info] Resolving org.scalariform#scalariform_2.10;0.1.7 ...
INFO  [info] Resolving com.typesafe#config;1.2.0 ...
INFO  [info] Resolving org.scalaj#scalaj-http_2.10;2.2.1 ...
INFO  [info] Resolving commons-codec#commons-codec;1.10 ...
INFO  [info] Resolving org.apache.commons#commons-lang3;3.4 ...
INFO  [info] Resolving com.typesafe.sbteclipse#sbteclipse-plugin;5.2.4 ...
INFO  [info] Resolving org.scalaz#scalaz-core_2.10;7.2.14 ...
INFO  [info] Resolving org.scalaz#scalaz-effect_2.10;7.2.14 ...
INFO  [info] Resolving org.scala-js#sbt-scalajs;0.6.22 ...
INFO  [info] Resolving org.scala-js#scalajs-tools_2.10;0.6.22 ...
INFO  [info] Resolving org.scala-js#scalajs-ir_2.10;0.6.22 ...
INFO  [info] Resolving org.scala-js#closure-compiler-java-6;v20160517 ...
INFO  [info] Resolving org.scala-js#closure-compiler-externs-java-6;v20160517 ...
INFO  [info] Resolving args4j#args4j;2.0.26 ...
INFO  [info] Resolving com.google.guava#guava;19.0 ...
INFO  [info] Resolving com.google.protobuf#protobuf-java;2.5.0 ...
INFO  [info] Resolving com.google.code.gson#gson;2.2.4 ...
INFO  [info] Resolving com.google.code.findbugs#jsr305;1.3.9 ...
INFO  [info] Resolving com.googlecode.json-simple#json-simple;1.1.1 ...
INFO  [info] Resolving org.scala-js#scalajs-js-envs_2.10;0.6.22 ...
INFO  [info] Resolving io.apigee#rhino;1.7R5pre4 ...
INFO  [info] Resolving org.webjars#envjs;1.2 ...
INFO  [info] Resolving org.scala-js#scalajs-sbt-test-adapter_2.10;0.6.22 ...
INFO  [info] Resolving org.scala-sbt#test-interface;1.0 ...
INFO  [info] Resolving io.get-coursier#sbt-coursier;1.0.2 ...
INFO  [info] Resolving io.get-coursier#coursier_2.10;1.0.2 ...
INFO  [info] Resolving org.scalaz#scalaz-core_2.10;7.2.16 ...
INFO  [info] Resolving io.get-coursier#coursier-cache_2.10;1.0.2 ...
INFO  [info] Resolving org.scalaz#scalaz-concurrent_2.10;7.2.16 ...
INFO  [info] Resolving org.scalaz#scalaz-effect_2.10;7.2.16 ...
INFO  [info] Resolving io.get-coursier#coursier-extra_2.10;1.0.2 ...
INFO  [info] Resolving io.get-coursier#sbt-shared;1.0.2 ...
INFO  [info] Resolving com.dwijnand#sbt-compat;1.2.5 ...
INFO  [info] Resolving org.scala-sbt#sbt;0.13.17 ...
INFO  [info] Resolving org.scala-sbt#main;0.13.17 ...
INFO  [info] Resolving org.scala-sbt#actions;0.13.17 ...
INFO  [info] Resolving org.scala-sbt#classpath;0.13.17 ...
INFO  [info] Resolving org.scala-lang#scala-compiler;2.10.7 ...
INFO  [info] Resolving org.scala-sbt#interface;0.13.17 ...
INFO  [info] Resolving org.scala-sbt#io;0.13.17 ...
INFO  [info] Resolving org.scala-sbt#control;0.13.17 ...
INFO  [info] Resolving org.scala-sbt#launcher-interface;1.0.1 ...
INFO  [info] Resolving org.scala-sbt#completion;0.13.17 ...
INFO  [info] Resolving org.scala-sbt#collections;0.13.17 ...
INFO  [info] Resolving jline#jline;2.14.5 ...
INFO  [info] Resolving org.scala-sbt#api;0.13.17 ...
INFO  [info] Resolving org.scala-sbt#classfile;0.13.17 ...
INFO  [info] Resolving org.scala-sbt#logging;0.13.17 ...
INFO  [info] Resolving org.scala-sbt#process;0.13.17 ...
INFO  [info] Resolving org.scala-sbt#compiler-integration;0.13.17 ...
INFO  [info] Resolving org.scala-sbt#incremental-compiler;0.13.17 ...
INFO  [info] Resolving org.scala-sbt#relation;0.13.17 ...
INFO  [info] Resolving org.scala-sbt#compile;0.13.17 ...
INFO  [info] Resolving org.scala-sbt#persist;0.13.17 ...
INFO  [info] Resolving org.scala-tools.sbinary#sbinary_2.10;0.4.2 ...
INFO  [info] Resolving org.scala-sbt#compiler-ivy-integration;0.13.17 ...
INFO  [info] Resolving org.scala-sbt#ivy;0.13.17 ...
INFO  [info] Resolving org.scala-sbt#cross;0.13.17 ...
INFO  [info] Resolving org.scala-sbt.ivy#ivy;2.3.0-sbt-b18f59ea3bc914a297bb6f1a4f7fb0ace399e310 ...
INFO  [info] Resolving com.jcraft#jsch;0.1.50 ...
INFO  [info] Resolving org.scala-sbt#serialization_2.10;0.1.2 ...
INFO  [info] Resolving org.scala-lang.modules#scala-pickling_2.10;0.10.1 ...
INFO  [info] Resolving org.scalamacros#quasiquotes_2.10;2.0.1 ...
INFO  [info] Resolving org.json4s#json4s-core_2.10;3.2.10 ...
INFO  [info] Resolving org.json4s#json4s-ast_2.10;3.2.10 ...
INFO  [info] Resolving com.thoughtworks.paranamer#paranamer;2.6 ...
INFO  [info] Resolving org.spire-math#jawn-parser_2.10;0.6.0 ...
INFO  [info] Resolving org.spire-math#json4s-support_2.10;0.6.0 ...
INFO  [info] Resolving org.scala-sbt#run;0.13.17 ...
INFO  [info] Resolving org.scala-sbt#task-system;0.13.17 ...
INFO  [info] Resolving org.scala-sbt#tasks;0.13.17 ...
INFO  [info] Resolving org.scala-sbt#tracking;0.13.17 ...
INFO  [info] Resolving org.scala-sbt#cache;0.13.17 ...
INFO  [info] Resolving org.scala-sbt#testing;0.13.17 ...
INFO  [info] Resolving org.scala-sbt#test-agent;0.13.17 ...
INFO  [info] Resolving org.scala-sbt#main-settings;0.13.17 ...
INFO  [info] Resolving org.scala-sbt#apply-macro;0.13.17 ...
INFO  [info] Resolving org.scala-sbt#command;0.13.17 ...
INFO  [info] Resolving org.scala-sbt#template-resolver;0.1 ...
INFO  [info] Resolving org.scala-sbt#logic;0.13.17 ...
INFO  [info] Resolving org.scala-sbt#compiler-interface;0.13.17 ...
INFO  [info] Resolving org.scala-lang#jline;2.10.7 ...
INFO  [info] Resolving org.fusesource.jansi#jansi;1.4 ...
INFO  [info] Done updating.
INFO  [success] Generated .bloop/example-build.json
INFO  [success] Total time: 8 s, completed Aug 16, 2019 5:14:48 PM
INFO  [info] Updating {file:/home/jimmy/Work/misc/coursera_scala/week1/example/project/}example-build...
INFO  [info] Resolving org.scala-sbt#global-plugins;0.0 ...
INFO  [info] Resolving ch.epfl.scala#sbt-bloop;1.3.2 ...
INFO  [info] Resolving ch.epfl.scala#bloop-config_2.10;1.3.2 ...
INFO  [info] Resolving org.scala-lang#scala-library;2.10.7 ...
INFO  [info] Resolving io.circe#circe-parser_2.10;0.9.3 ...
INFO  [info] Resolving io.circe#circe-jawn_2.10;0.9.3 ...
INFO  [info] Resolving io.circe#circe-core_2.10;0.9.3 ...
INFO  [info] Resolving io.circe#circe-numbers_2.10;0.9.3 ...
INFO  [info] Resolving org.typelevel#cats-core_2.10;1.0.1 ...
INFO  [info] Resolving org.typelevel#cats-macros_2.10;1.0.1 ...
INFO  [info] Resolving org.typelevel#machinist_2.10;0.6.2 ...
INFO  [info] Resolving org.scala-lang#scala-reflect;2.10.7 ...
INFO  [info] Resolving org.typelevel#cats-kernel_2.10;1.0.1 ...
INFO  [info] Resolving org.spire-math#jawn-parser_2.10;0.11.1 ...
INFO  [info] Resolving io.circe#circe-generic_2.10;0.9.3 ...
INFO  [info] Resolving org.typelevel#macro-compat_2.10;1.1.1 ...
INFO  [info] Resolving org.scalamacros#quasiquotes_2.10;2.1.1 ...
INFO  [info] Resolving com.chuusai#shapeless_2.10;2.3.3 ...
INFO  [info] Resolving org.scalameta#sbt-metals;0.6.1 ...
INFO  [info] Resolving org.scalastyle#scalastyle_2.10;0.8.0 ...
INFO  [info] Resolving org.scalariform#scalariform_2.10;0.1.7 ...
INFO  [info] Resolving com.typesafe#config;1.2.0 ...
INFO  [info] Resolving org.scalaj#scalaj-http_2.10;2.2.1 ...
INFO  [info] Resolving commons-codec#commons-codec;1.10 ...
INFO  [info] Resolving org.apache.commons#commons-lang3;3.4 ...
INFO  [info] Resolving com.typesafe.sbteclipse#sbteclipse-plugin;5.2.4 ...
INFO  [info] Resolving org.scalaz#scalaz-core_2.10;7.2.14 ...
INFO  [info] Resolving org.scalaz#scalaz-effect_2.10;7.2.14 ...
INFO  [info] Resolving org.scala-js#sbt-scalajs;0.6.22 ...
INFO  [info] Resolving org.scala-js#scalajs-tools_2.10;0.6.22 ...
INFO  [info] Resolving org.scala-js#scalajs-ir_2.10;0.6.22 ...
INFO  [info] Resolving org.scala-js#closure-compiler-java-6;v20160517 ...
INFO  [info] Resolving org.scala-js#closure-compiler-externs-java-6;v20160517 ...
INFO  [info] Resolving args4j#args4j;2.0.26 ...
INFO  [info] Resolving com.google.guava#guava;19.0 ...
INFO  [info] Resolving com.google.protobuf#protobuf-java;2.5.0 ...
INFO  [info] Resolving com.google.code.gson#gson;2.2.4 ...
INFO  [info] Resolving com.google.code.findbugs#jsr305;1.3.9 ...
INFO  [info] Resolving com.googlecode.json-simple#json-simple;1.1.1 ...
INFO  [info] Resolving org.scala-js#scalajs-js-envs_2.10;0.6.22 ...
INFO  [info] Resolving io.apigee#rhino;1.7R5pre4 ...
INFO  [info] Resolving org.webjars#envjs;1.2 ...
INFO  [info] Resolving org.scala-js#scalajs-sbt-test-adapter_2.10;0.6.22 ...
INFO  [info] Resolving org.scala-sbt#test-interface;1.0 ...
INFO  [info] Resolving io.get-coursier#sbt-coursier;1.0.2 ...
INFO  [info] Resolving io.get-coursier#coursier_2.10;1.0.2 ...
INFO  [info] Resolving org.scalaz#scalaz-core_2.10;7.2.16 ...
INFO  [info] Resolving io.get-coursier#coursier-cache_2.10;1.0.2 ...
INFO  [info] Resolving org.scalaz#scalaz-concurrent_2.10;7.2.16 ...
INFO  [info] Resolving org.scalaz#scalaz-effect_2.10;7.2.16 ...
INFO  [info] Resolving io.get-coursier#coursier-extra_2.10;1.0.2 ...
INFO  [info] Resolving io.get-coursier#sbt-shared;1.0.2 ...
INFO  [info] Resolving com.dwijnand#sbt-compat;1.2.5 ...
INFO  [info] Resolving org.scala-sbt#sbt;0.13.17 ...
INFO  [info] Resolving org.scala-sbt#main;0.13.17 ...
INFO  [info] Resolving org.scala-sbt#actions;0.13.17 ...
INFO  [info] Resolving org.scala-sbt#classpath;0.13.17 ...
INFO  [info] Resolving org.scala-lang#scala-compiler;2.10.7 ...
INFO  [info] Resolving org.scala-sbt#interface;0.13.17 ...
INFO  [info] Resolving org.scala-sbt#io;0.13.17 ...
INFO  [info] Resolving org.scala-sbt#control;0.13.17 ...
INFO  [info] Resolving org.scala-sbt#launcher-interface;1.0.1 ...
INFO  [info] Resolving org.scala-sbt#completion;0.13.17 ...
INFO  [info] Resolving org.scala-sbt#collections;0.13.17 ...
INFO  [info] Resolving jline#jline;2.14.5 ...
INFO  [info] Resolving org.scala-sbt#api;0.13.17 ...
INFO  [info] Resolving org.scala-sbt#classfile;0.13.17 ...
INFO  [info] Resolving org.scala-sbt#logging;0.13.17 ...
INFO  [info] Resolving org.scala-sbt#process;0.13.17 ...
INFO  [info] Resolving org.scala-sbt#compiler-integration;0.13.17 ...
INFO  [info] Resolving org.scala-sbt#incremental-compiler;0.13.17 ...
INFO  [info] Resolving org.scala-sbt#relation;0.13.17 ...
INFO  [info] Resolving org.scala-sbt#compile;0.13.17 ...
INFO  [info] Resolving org.scala-sbt#persist;0.13.17 ...
INFO  [info] Resolving org.scala-tools.sbinary#sbinary_2.10;0.4.2 ...
INFO  [info] Resolving org.scala-sbt#compiler-ivy-integration;0.13.17 ...
INFO  [info] Resolving org.scala-sbt#ivy;0.13.17 ...
INFO  [info] Resolving org.scala-sbt#cross;0.13.17 ...
INFO  [info] Resolving org.scala-sbt.ivy#ivy;2.3.0-sbt-b18f59ea3bc914a297bb6f1a4f7fb0ace399e310 ...
INFO  [info] Resolving com.jcraft#jsch;0.1.50 ...
INFO  [info] Resolving org.scala-sbt#serialization_2.10;0.1.2 ...
INFO  [info] Resolving org.scala-lang.modules#scala-pickling_2.10;0.10.1 ...
INFO  [info] Resolving org.scalamacros#quasiquotes_2.10;2.0.1 ...
INFO  [info] Resolving org.json4s#json4s-core_2.10;3.2.10 ...
INFO  [info] Resolving org.json4s#json4s-ast_2.10;3.2.10 ...
INFO  [info] Resolving com.thoughtworks.paranamer#paranamer;2.6 ...
INFO  [info] Resolving org.spire-math#jawn-parser_2.10;0.6.0 ...
INFO  [info] Resolving org.spire-math#json4s-support_2.10;0.6.0 ...
INFO  [info] Resolving org.scala-sbt#run;0.13.17 ...
INFO  [info] Resolving org.scala-sbt#task-system;0.13.17 ...
INFO  [info] Resolving org.scala-sbt#tasks;0.13.17 ...
INFO  [info] Resolving org.scala-sbt#tracking;0.13.17 ...
INFO  [info] Resolving org.scala-sbt#cache;0.13.17 ...
INFO  [info] Resolving org.scala-sbt#testing;0.13.17 ...
INFO  [info] Resolving org.scala-sbt#test-agent;0.13.17 ...
INFO  [info] Resolving org.scala-sbt#main-settings;0.13.17 ...
INFO  [info] Resolving org.scala-sbt#apply-macro;0.13.17 ...
INFO  [info] Resolving org.scala-sbt#command;0.13.17 ...
INFO  [info] Resolving org.scala-sbt#template-resolver;0.1 ...
INFO  [info] Resolving org.scala-sbt#logic;0.13.17 ...
INFO  [info] Resolving org.scala-sbt#compiler-interface;0.13.17 ...
INFO  [info] Resolving org.scala-lang#jline;2.10.7 ...
INFO  [info] Resolving org.fusesource.jansi#jansi;1.4 ...
INFO  [info] Done updating.
INFO  [info] Set current project to progfun1-example (in build file:/home/jimmy/Work/misc/coursera_scala/week1/example/)
INFO  [info] Set current project to progfun1-example (in build file:/home/jimmy/Work/misc/coursera_scala/week1/example/)
INFO  [info] semanticdb-scalac is enabled
INFO  [success] Generated .bloop/root.json
INFO  [success] Generated .bloop/root-test.json
INFO  [success] Total time: 3 s, completed Aug 16, 2019 5:14:59 PM
INFO  build tool exit: 0
INFO  time: ran 'sbt bloopInstall' in 33s
INFO  disconnected: build server
shutdown request received: build/shutdown
[0m[31m[E][0m BSP server cancelled, closing socket...
INFO  running embedded 'bloop bsp --protocol local --socket /tmp/bsp7030582335638381966/-3k36qymy8dno.socket'
Client in /home/jimmy/Work/misc/coursera_scala/week1/example/.bloop triggered cancellation. Cancelling tasks...
INFO  bloop exit: 0
The server is listening for incoming connections at local:///tmp/bsp7030582335638381966/-3k36qymy8dno.socket...
Accepted incoming BSP client connection at local:///tmp/bsp7030582335638381966/-3k36qymy8dno.socket
INFO  tracing is disabled for protocol BSP, to enable tracing of incoming and outgoing JSON messages create an empty file at /home/jimmy/.cache/metals/bsp.trace.json
request received: build/initialize
BSP initialization handshake complete.
INFO  time: connected to build server in 0.22s
INFO  time: indexed workspace in 0.65s
WARN  no build target: /home/jimmy/Work/misc/coursera_scala/week1/example/src/main/scala/session.sc
INFO  compiling root (1 scala source)
INFO  time: compiled root in 0.17s
ERROR Failed to compile 'root'
INFO  compiling root (1 scala source)
INFO  time: compiled root in 0.21s
ERROR Failed to compile 'root'
INFO  compiling root (1 scala source)
INFO  time: compiled root in 0.13s
ERROR Failed to compile 'root'
INFO  compiling root (1 scala source)
INFO  time: compiled root in 0.14s
ERROR Failed to compile 'root'
INFO  compiling root (1 scala source)
INFO  time: compiled root in 1.71s
INFO  compiling root (1 scala source)
INFO  time: compiled root in 1.18s
INFO  compiling root (1 scala source)
INFO  time: compiled root in 80ms
ERROR Failed to compile 'root'
INFO  compiling root (1 scala source)
INFO  time: compiled root in 0.12s
ERROR Failed to compile 'root'
INFO  compiling root (1 scala source)
INFO  time: compiled root in 0.28s
ERROR Failed to compile 'root'
INFO  compiling root (1 scala source)
INFO  time: compiled root in 0.32s
ERROR Failed to compile 'root'
INFO  compiling root (1 scala source)
INFO  time: compiled root in 2.35s
INFO  compiling root (1 scala source)
INFO  time: compiled root in 1.81s
INFO  compiling root (1 scala source)
INFO  time: compiled root in 1.13s
INFO  compiling root (1 scala source)
INFO  time: compiled root in 1.18s
INFO  compiling root (1 scala source)
INFO  time: compiled root in 0.96s
INFO  compiling root (1 scala source)
INFO  time: compiled root in 1.95s
INFO  compiling root (1 scala source)
INFO  time: compiled root in 1.34s
INFO  compiling root (1 scala source)
INFO  time: compiled root in 0.19s
ERROR Failed to compile 'root'
INFO  compiling root (1 scala source)
INFO  time: compiled root in 0.3s
ERROR Failed to compile 'root'
INFO  compiling root (1 scala source)
INFO  time: compiled root in 0.26s
ERROR Failed to compile 'root'
INFO  compiling root (1 scala source)
INFO  time: compiled root in 1.13s
INFO  compiling root (1 scala source)
INFO  time: compiled root in 0.29s
ERROR Failed to compile 'root'
INFO  compiling root (1 scala source)
INFO  time: compiled root in 0.39s
ERROR Failed to compile 'root'
INFO  compiling root (1 scala source)
INFO  time: compiled root in 1.49s
INFO  compiling root (1 scala source)
INFO  time: compiled root in 1.29s
INFO  compiling root (1 scala source)
INFO  time: compiled root in 1.06s
INFO  compiling root (1 scala source)
INFO  time: compiled root in 2.14s
INFO  compiling root (1 scala source)
INFO  time: compiled root in 0.22s
ERROR Failed to compile 'root'
INFO  compiling root (1 scala source)
INFO  time: compiled root in 0.21s
ERROR Failed to compile 'root'
INFO  compiling root (1 scala source)
INFO  time: compiled root in 1.5s
INFO  compiling root (1 scala source)
INFO  time: compiled root in 0.13s
ERROR Failed to compile 'root'
INFO  compiling root (1 scala source)
INFO  time: compiled root in 0.12s
ERROR Failed to compile 'root'
INFO  compiling root (1 scala source)
INFO  time: compiled root in 2.02s
INFO  compiling root (1 scala source)
INFO  time: compiled root in 2.2s
INFO  compiling root (1 scala source)
INFO  time: compiled root in 0.19s
ERROR Failed to compile 'root'
INFO  compiling root (1 scala source)
INFO  time: compiled root in 0.24s
ERROR Failed to compile 'root'
INFO  compiling root (1 scala source)
INFO  time: compiled root in 0.19s
ERROR Failed to compile 'root'
INFO  compiling root (1 scala source)
INFO  time: compiled root in 0.24s
ERROR Failed to compile 'root'
INFO  compiling root (1 scala source)
INFO  time: compiled root in 1.16s
INFO  compiling root (1 scala source)
INFO  time: compiled root in 4.1s
INFO  compiling root (1 scala source)
INFO  time: compiled root in 0.16s
ERROR Failed to compile 'root'
INFO  compiling root (1 scala source)
INFO  time: compiled root in 0.1s
ERROR Failed to compile 'root'
INFO  compiling root (1 scala source)
INFO  time: compiled root in 1.26s
INFO  compiling root (1 scala source)
INFO  time: compiled root in 1.84s
INFO  compiling root (1 scala source)
INFO  time: compiled root in 1.65s
INFO  compiling root (1 scala source)
INFO  time: compiled root in 1.13s
INFO  compiling root (1 scala source)
INFO  time: compiled root in 1.4s
INFO  compiling root (1 scala source)
INFO  time: compiled root in 1.25s
INFO  compiling root (1 scala source)
INFO  time: compiled root in 1.33s
INFO  compiling root (1 scala source)
INFO  time: compiled root in 1.37s
INFO  compiling root (1 scala source)
INFO  time: compiled root in 1.21s
